Case #1: 0 0 2 0
Case #2: 0 0 12 0 7 0
Case #3: 199948 0 199874 199923 1199487 0 399743 199923 399875 0 599796 0 999603 0 0 199923 799706 0 0 0
Case #4: 0 100105 1416 100105 418 100105 1609 100105 823 100105 1022 100105 210 100105 622 100105 1220 100105 0 0
Case #5: 0 0
Case #6: 1199458 0 199958 0 0 0 999602 0 599826 0 1798912 0 799723 0 399903 0 1599103 0 1399289 0
Case #7: 177258 0 755288 0 748007 0 497574 0 346752 0 0 0 713634 0 732536 0 690244 0 621053 0
Case #8: 1115072 0 860629 0 0 0 493157 0 635771 0 757682 0 1054342 0 337609 0 171627 0 959125 0
Case #9: 281533 0 556886 0 466089 0 386025 0 589398 0 0 0 515778 0 615984 0 607977 0 164307 0
Case #10: 717151 0 416332 0 600704 0 173080 0 311505 0 800440 0 0 0 514952 0 665422 0 767255 0
Case #11: 16844 4869805 2523 4972299 80601 414839 0 0 0 341455 51487 414839 9539 655821 63051 3753273 0 158930 41029 1717552
Case #12: 0 0 476230 0 762506 0 691498 0 726911 0 170952 0 643411 0 582996 0 329116 0 749738 0
Case #13: 0 0 528345 0 735089 0 440846 0 762786 0 193126 0 754074 0 613882 0 342335 0 688584 0
Case #14: 175569 0 0 150765 0 0 429073 150765 185425 150765 103439 150765 388858 150765 333130 150765 332643 0 262969 150765
Case #15: 0 168125 1213 2703627 0 0 0 311353 59498 350942 32895 4272935 46770 350942 42834 5340991 48401 894917 42627 5397835
Case #16: 71823 2400805 0 0 90302 5084132 0 171283 63564 3338558 0 518101 43420 3980555 24198 4593211 112397 475835 0 357686
Case #17: 752983 0 194943 0 528001 0 0 0 1013154 0 381266 0 946108 0 859944 0 1064549 0 640759 0
Case #18: 689023 0 465864 0 0 113198 174160 0 0 0 66632 113198 37410 113198 587723 0 327745 0 772735 0
Case #19: 550183 0 0 0 500643 0 555045 0 442294 0 371128 0 536318 0 294342 0 120641 0 213822 0
Case #20: 192430 0 751529 0 856863 0 984937 0 930643 0 631198 0 501291 0 0 0 360588 0 967754 0
Case #21: 37911 4027017 87747 500199 0 529436 14141 3418017 0 195597 0 0 36076 2363916 0 385777 40826 759422 46938 6136471
Case #22: 0 0 104729 1924354 98862 1992547 99271 249926 177046 809370 136056 168113 44892 679252 177356 0 0 168113 154799 645208
Case #23: 641311 0 713258 0 603550 0 294194 0 151094 0 421355 0 510922 0 0 0 563442 0 678435 0
Case #24: 0 0 0 365211 76722 3021275 4693 694214 22142 3374101 96207 2052634 25431 3884741 0 178110 32121 2331921 95642 365211
Case #25: 0 610298 76575 4014760 0 409406 81232 610298 65254 1613401 0 0 0 177851 56202 6327265 10669 4748947 86517 6736496
Case #26: 363434 0 1138891 0 808792 0 688214 0 184637 0 924211 0 538991 0 1034951 0 1206863 0 0 0
Case #27: 184780 0 777549 0 653533 0 1016588 0 0 0 515187 0 1057610 0 874738 0 360055 0 949458 0
Case #28: 9958 5250029 0 336538 0 429819 59190 4298685 77006 4042375 0 159883 0 0 60634 426690 4301 429819 61127 670188
Case #29: 0 0 331469 0 113256 147196 0 147196 296968 147196 178836 0 340856 147196 214647 147196 455830 0 351401 147196
Case #30: 675407 0 589882 0 528600 0 464266 0 386526 0 166576 0 290029 0 687793 0 643541 0 0 0
Case #31: 166378 0 758109 0 466170 0 321705 0 589989 0 819252 0 682089 0 855764 0 0 0 873246 0
Case #32: 86703 104258 136576 0 107900 104258 0 104258 345258 0 49276 104258 411041 0 250743 0 0 0 103193 104258
Case #33: 578576 0 381950 0 0 0 632054 0 489427 0 667660 0 272379 0 719160 0 148875 0 698220 0
Case #34: 31481 417421 0 357160 26986 628495 68681 5318787 77271 357160 6328 5226935 62329 3508616 0 176609 0 0 766 2277389
Case #35: 378432 0 969097 0 537959 0 882795 0 681723 0 0 0 796082 0 1104404 0 195320 0 1053647 0
Case #36: 42603 399189 42514 2256563 48544 654052 71989 3838747 0 0 74508 368488 39814 4326153 27244 4170419 0 324945 0 175710
Case #37: 0 0 792370 0 384661 0 489552 0 682650 0 745559 0 776120 0 278261 0 158462 0 591472 0
Case #38: 67038 2487677 81252 456389 46721 4209361 40876 5478503 40119 2980523 3031 1324748 0 0 56636 3745121 0 199086 0 410608
Case #39: 0 0 28296 3265387 104881 3323473 0 163580 48395 958634 98486 354548 50074 3444821 35603 2482891 0 354548 74204 265810
Case #40: 764696 0 739914 0 269170 0 694942 0 0 0 644930 0 378918 0 578162 0 484608 0 146785 0
Case #41: 21843 2254395 9371 4647428 0 181990 51174 5202748 0 328526 0 0 45020 373258 31600 1763067 54203 5395399 39006 740718
Case #42: 206654 1605166 230717 737281 0 0 146284 172732 97021 666683 174411 0 75179 1288907 253118 1645426 258930 172732 0 172732
Case #43: 673945 0 793916 0 586162 0 738707 0 468396 0 326804 0 171303 0 867477 0 0 0 840699 0
Case #44: 456434 0 790681 0 861165 0 922519 0 313569 0 165981 0 693652 0 905390 0 0 0 583430 0
Case #45: 0 0 554283 0 247306 0 138378 0 335659 0 660587 0 494238 0 596991 0 417021 0 632265 0
Case #46: 167857 278152 108430 1388050 78866 3052499 109370 27278 67334 328569 108674 605305 64882 1124060 0 190866 0 0 67983 1492834
Case #47: 65329 1053794 134836 169746 187290 1686012 15973 1927822 0 0 103748 260098 100467 2148941 188948 0 63614 260098 0 169746
Case #48: 248805 153561 155486 153561 178707 0 0 0 206156 153561 339333 0 277382 153561 495544 0 91027 153561 0 153561
Case #49: 229584 126525 0 126525 141036 0 0 0 262848 126525 186713 126525 255220 126525 247824 0 133985 126525 75200 126525
Case #50: 137626 1527992 0 150912 0 0 119321 150912 207178 307262 161314 0 112460 268734 84568 1764016 105485 1176997 205391 201314
