Case #1: 2891 8944 9721 9304 7296 2377
Case #2: 2347 2739 4113 9504
Case #3: Impossible
Case #4: 5612 18 2586 4617
Case #5: Impossible
Case #6: 6850 1954 8368 2144 3147 2771
Case #7: 7813 6236 5781 3954 4060 3308 2614 365 327 7296
Case #8: Impossible
Case #9: Impossible
Case #10: 3906 3919 2942 1435 8637 1268 5287
Case #11: 3950 2424 3201 4853 5880 584 5881
Case #12: Impossible
Case #13: 5080 9273 2306 7030 4546 7857 803 1946 1768 1642
Case #14: 6851 1430 5278 6706 4408
Case #15: 2637 4010
Case #16: Impossible
Case #17: 6854 1789 408 2482 4366 5708 7039 4666 4854 6614
Case #18: 8948 6217 5776 1266 7881 9417 9990 5126 5937
Case #19: 2208 8998 2856 4775 5271
Case #20: Impossible
Case #21: 2747 9015 2620 6751 3983 2320 9064 2387 6699
Case #22: 1438 1985 5189 7522 5445 1479
Case #23: 6074 2484 78 5819 6488 8656 8774 8376 6419 222
Case #24: 3565 811 7677 5770 8004 8106 9936 9756
Case #25: Impossible
Case #26: Impossible
Case #27: Impossible
Case #28: Impossible
Case #29: Impossible
Case #30: Impossible

