527 144
-488 732
-454 -947
-883 -38
-754 70
-178 540
54 316
-389 938
913 -860
806 528
331 698
-60 138
-811 286
-646 -422
-665 -726
491 368
-827 -607
-893 -826
-477 -23
273 -175
-212 817
-278 293
-188 969
-922 255
-373 -412
708 670
-526 -246
343 -756
-370 -526
-930 111
-151 786
-138 754
-129 413
-421 177
-737 -215
-436 263
357 -863
-950 338
-189 143
128 -889
530 -269
429 926
-323 891
230 -222
454 12
734 203
43 223
836 939
741 -577
-768 -850
250 -554
-879 206
-941 -333
521 -475
43 -212
-855 -388
494 130
546 680
530 381
-304 127
348 -318
-779 757
56 -429
-319 -349
92 155
-87 386
514 463
699 72
120 410
144 655
-808 222
327 394
863 -835
55 -9
-921 -333
149 -331
-313 997
528 -412
694 -315
-69 -499
752 85
-272 270
700 -966
748 876
283 -331
944 225
129 498
-669 -613
746 140
-488 303
-277 -153
-689 207
645 -599
66 441
-746 194
876 -701
-529 490
846 830
130 542
-994 15
