Case #1: [[0, 1, 2, 3, 4, 5, 6, 7, 8, 9, 10, 11, 12, 13, 14]]
[2, 2, 2, 2, 2, 2, 2, 2, 2, 2, 2, 2, 2, 2, 2]
[0]
0
Case #2: [[0, 1, 2, 3, 4, 5, 6, 7, 8, 9]]
[2, 2, 2, 2, 2, 1, 2, 2, 1, 2]
[2]
1
Case #3: [[0, 1, 2, 3, 4, 5, 6, 7, 8, 9, 10]]
[1, 1, 1, 1, 1, 1, 1, 10, 1, 1, 1]
[10]
5
Case #4: [[0, 1]]
[1, 1]
[2]
1
Case #5: [[0, 2], [1, 9], [3, 6], [4, 8], [5, 7]]
[1, 1, 1, 1, 1, 1, 1, 1, 1, 1]
[2, 2, 2, 2, 2]
5
Case #6: [[0, 1, 2, 3]]
[3, 3, 3, 3]
[4]
2
Case #7: [[0, 1, 2, 3]]
[3, 3, 3, 3]
[4]
2
Case #8: [[0, 4, 6, 7, 8, 9, 10, 11, 12, 13], [1, 2, 3, 5]]
[9, 1, 1, 2, 1, 2, 1, 1, 1, 1, 1, 1, 1, 1]
[10, 2]
6
Case #9: [[0, 1, 2, 4, 5, 6, 7, 8, 9, 10, 12], [3, 11]]
[2, 2, 2, 1, 2, 2, 2, 2, 2, 2, 2, 1, 2]
[2, 2]
2
Case #10: [[0, 5], [1, 2], [3, 4], [6, 7]]
[1, 1, 1, 1, 1, 1, 1, 1]
[2, 2, 2, 2]
4
Case #11: [[0, 1, 2, 3, 4, 5, 6, 7, 8]]
[1, 4, 2, 1, 3, 1, 2, 1, 1]
[6]
3
Case #12: [[0, 3, 4, 11], [1, 2, 5, 7, 8], [6, 9, 10]]
[2, 4, 2, 2, 2, 2, 2, 2, 2, 2, 2, 2]
[2, 2, 2]
3
Case #13: [[0, 1, 2, 3, 4, 5, 6]]
[2, 4, 6, 4, 6, 4, 4]
[0]
0
Case #14: [[0, 1]]
[5, 5]
[2]
1
Case #15: [[0, 1, 2]]
[11, 7, 8]
[2]
1
Case #16: [[0, 1, 2, 3]]
[6, 8, 10, 6]
[0]
0
Case #17: [[0, 1, 2, 3, 4]]
[5, 3, 7, 5, 10]
[4]
2
Case #18: [[0, 1, 2, 3, 4, 5]]
[9, 5, 4, 3, 4, 5]
[4]
2
Case #19: [[0, 1, 2, 3, 4, 5, 6]]
[3, 5, 7, 4, 2, 4, 5]
[4]
2
Case #20: [[0, 1, 2, 3, 4, 5, 6, 7]]
[3, 4, 4, 4, 5, 4, 3, 3]
[4]
2
Case #21: [[0, 1, 2, 3, 4, 5, 6, 7, 8]]
[8, 3, 3, 3, 1, 5, 2, 4, 1]
[6]
3
Case #22: [[0, 1, 2, 3, 4, 5, 6, 7, 8, 9]]
[6, 3, 1, 2, 2, 2, 4, 5, 1, 4]
[4]
2
Case #23: [[0, 1, 2, 3, 4, 5, 6, 7, 8, 9, 10]]
[3, 2, 2, 2, 5, 3, 2, 2, 2, 3, 4]
[4]
2
Case #24: [[0, 1, 2, 3, 4, 5, 6, 7, 8, 9, 10]]
[2, 4, 2, 4, 2, 2, 2, 3, 1, 5, 3]
[4]
2
Case #25: [[0, 1, 2, 3, 4, 5, 6, 7, 8, 9, 10]]
[3, 1, 4, 2, 2, 4, 2, 3, 2, 2, 5]
[4]
2
Case #26: [[0, 1, 2, 3, 4, 5, 6, 7, 8, 9, 10, 11, 12]]
[3, 1, 3, 1, 3, 2, 3, 2, 3, 1, 2, 2, 4]
[8]
4
Case #27: [[0, 1, 2, 3, 4, 5, 6, 7, 8, 9, 10, 11, 12]]
[2, 4, 2, 1, 2, 2, 2, 5, 5, 2, 1, 1, 1]
[6]
3
