Case #1: 1 12 1100
Case #2: 3 4 300
Case #3: IMPOSSIBLE
Case #4: 1 9 512
Case #5: 11 12 4000
Case #6: 1 3 98770
Case #7: 5 8 930
Case #8: 1 8 1616
Case #9: 2 8 70735
Case #10: 4 7 1784
Case #11: 7 11 80828
Case #12: 11 12 1260
Case #13: 11 12 2842
Case #14: 9 10 8160
Case #15: 2 3 5474
Case #16: 7 11 1688
Case #17: 9 10 21186
Case #18: 9 10 2400
Case #19: 6 9 3225
Case #20: 1 3 560
Case #21: 9 10 1215
Case #22: 4 12 5684
Case #23: 8 12 49490
Case #24: 1 12 8364
Case #25: 3 7 1872
Case #26: 1 5 3808
Case #27: 2 8 2472
Case #28: 8 10 3528
Case #29: 1 5 736
Case #30: 7 11 4460
Case #31: 11 12 1424
Case #32: 1 2 4047
Case #33: 9 12 7410
Case #34: 6 7 1098
Case #35: 1 11 1960
Case #36: 7 10 72459
Case #37: 11 12 250
Case #38: 11 12 1074
Case #39: 10 11 1480
Case #40: 7 10 17459
Case #41: 3 7 3285
Case #42: 10 11 1032
Case #43: 6 11 3648
Case #44: 4 12 764
Case #45: 7 10 903
Case #46: 10 12 10100
Case #47: 1 3 1295
Case #48: 2 10 7446
Case #49: 11 12 4715
Case #50: 10 11 19000
Case #51: 3 6 732
Case #52: 2 7 2541
Case #53: 8 10 46800
Case #54: 1 12 3570
Case #55: 7 12 8473
Case #56: 3 11 4392
Case #57: 3 8 2112
Case #58: 5 7 2442
Case #59: 7 9 3680
Case #60: 5 9 1212
Case #61: 4 5 810
Case #62: 7 8 7399
Case #63: 3 12 11271
Case #64: 4 5 800
Case #65: 4 10 2820
Case #66: 10 12 8772
Case #67: 4 12 326
Case #68: 6 11 880
Case #69: 7 11 9030
Case #70: 1 5 2350
Case #71: 5 6 165
Case #72: 4 5 4120
Case #73: 9 12 4662
Case #74: 4 11 116858
Case #75: 2 11 2860
Case #76: 10 11 2320
Case #77: 6 9 3728
Case #78: 7 12 4818
Case #79: 9 12 2132
Case #80: 2 4 2639
Case #81: 8 11 6699
Case #82: 11 12 2523
Case #83: 3 12 6525
Case #84: 6 8 1386
Case #85: 3 5 5174
Case #86: 8 9 10241
Case #87: 5 9 1800
Case #88: 4 9 18564
Case #89: 3 5 3240
Case #90: 10 12 89142
Case #91: 6 11 4032
Case #92: 9 10 1110
Case #93: 5 8 1748
Case #94: 7 10 10164
Case #95: 2 6 27750
Case #96: 11 12 11023
Case #97: 9 10 11040
Case #98: 9 12 19600
Case #99: 1 9 1248
Case #100: 2 7 984
Case #101: 10 11 411
Case #102: 5 8 1393
Case #103: 6 11 318
Case #104: 9 10 7290
Case #105: 1 2 3760
Case #106: 3 8 775
Case #107: 1 3 1326
Case #108: 4 8 5850
Case #109: 6 7 1639
Case #110: 6 11 1020
Case #111: 11 12 1990
Case #112: 9 10 3392
Case #113: 1 2 17220
Case #114: 4 12 3165
Case #115: 7 8 24307
Case #116: 6 8 495
Case #117: 8 12 1820
Case #118: 11 12 2030
Case #119: 3 5 8880
Case #120: 6 7 3519
Case #121: 9 12 2255
Case #122: 9 11 10020
Case #123: 9 10 363
Case #124: 4 9 546
Case #125: 5 8 4064
Case #126: 8 11 1074
Case #127: 9 12 69788
Case #128: 11 12 3304
Case #129: 3 9 1800
Case #130: 9 10 10200
Case #131: 2 7 4176
Case #132: 1 6 4014
Case #133: 8 12 6697
Case #134: 2 10 408
Case #135: 9 12 1740
Case #136: 10 12 390
Case #137: 8 11 3122
Case #138: 4 12 2700
Case #139: 9 10 6336
Case #140: 1 6 507
Case #141: 2 6 17538
Case #142: 2 5 1568
Case #143: 8 10 2132
Case #144: 2 3 1253
Case #145: 2 6 3502
Case #146: 11 12 1281
Case #147: 4 10 4728
Case #148: 2 6 2120
Case #149: 2 6 17175
Case #150: 4 7 332
Case #151: 11 12 26666
Case #152: 8 12 6692
Case #153: 9 12 8126
Case #154: 8 9 660
Case #155: 5 12 302
Case #156: 3 8 134
Case #157: 5 12 12189
Case #158: 8 12 29406
Case #159: 1 7 2548
Case #160: 8 10 784
Case #161: 7 12 192
Case #162: 4 5 3104
Case #163: 8 12 1080
Case #164: 2 10 935
Case #165: 9 12 2618
Case #166: 7 11 576
Case #167: 7 10 680
Case #168: 5 7 2760
Case #169: 4 5 3916
Case #170: 11 12 1600
Case #171: 9 11 8878
Case #172: 1 4 5535
Case #173: 7 10 5696
Case #174: 1 9 6104
Case #175: 11 12 9576
Case #176: 7 10 1793
Case #177: 1 9 39879
Case #178: 1 11 10293
Case #179: 7 12 14632
Case #180: 3 7 975
Case #181: 7 12 1958
Case #182: 4 9 42898
Case #183: 5 12 1484
Case #184: 9 11 1740
Case #185: 10 11 1500
Case #186: 4 6 5325
Case #187: 10 12 3024
Case #188: 10 11 4968
Case #189: 11 12 25066
Case #190: 7 9 13224
Case #191: 9 12 3936
Case #192: 1 6 2200
Case #193: 8 11 4578
Case #194: 11 12 4641
Case #195: 8 11 2343
Case #196: 7 8 5104
Case #197: 10 11 4152
Case #198: 2 7 2340
Case #199: 3 11 1115
Case #200: 8 11 5520
