Case #1: our language is impossible to understand
Case #2: there are twenty six factorial possibilities
Case #3: so it is okay if you want to just give up
Case #4: xoggk d yl wxo vkkvgo ekso uyl wonw sywy
Case #5: xkf yto akj
Case #6: yabba dabba yabba dabba yabba dabba yabba dabba yabba dabba yabba dabba yabba dabba yabba dooooooooo
Case #7: a b c d e f g h i j k l m n o p q r s t u v y w x y z now i know my abcs
Case #8: next time wont you sing with me
Case #9: this here is gunpowder activated twenty seven caliber full auto no kickback nailthrowing mayhem
Case #10: dr zaius dr zaius dr zaius dr zaius ooooooooooooh dr zaius
Case #11: an eye for an eye and a pigeon for a pigeon
Case #12: im commander shepard and this is my favorite problem on the google code jam
Case #13: in a world of direwolves and lions sometimes the rarest creature is a friend
Case #14: you better cut the pizza in four pieces because im not hungry enough to eat six
Case #15: now is the summer of our lack of discontent
Case #16: my name is dug i have just met you and i looove you
Case #17: it was the best of times it was the blurst of times
Case #18: pneumonoultramicroscopicsilicovolcanoconiosis
Case #19: oh nooooo goggalor is headed for the orphanage
Case #20: oh my god lets make out
Case #21: oh hai im in ur computer eating your cheezburgers and googleresing your textz
Case #22: buff tryndamere and amumu
Case #23: you know you want to
Case #24: f of two equals f of one equals one
Case #25: for i between three and n f of i equals f of i minus one plus f of i minus two
Case #26: by the pricking of my thumbs something wicked this way comes
Case #27: our code jam is like the pythagorean theorem
Case #28: there is no answer
Case #29: thank you but the real googlerese is in another castle
Case #30: how are you holding up because im a potato
