Case #1: [5, 2, 1, 3, 5]
Case #2: [15, 10, 7, 8, 8, 8, 10, 13]
Case #3: [23, 22, 18, 14, 11, 11, 11, 12, 19, 22]
Case #4: [0, 1, 3, 6, 10, 15]
Case #5: [14, 11, 9, 7, 7, 6, 9, 14]
Case #6: [6, 6, 7, 7, 8, 11, 15]
Case #7: [4, 3, 2, 2]
Case #8: [12, 7, 3, 0, 1, 3]
Case #9: [18, 16, 15, 13, 13, 14, 16, 15, 18]
Case #10: [22, 15, 10, 6, 5, 5, 4, 6]
Case #11: [1, 1, 2]
Case #12: [17, 12, 11, 9, 9, 10, 12, 13, 19]
Case #13: [1, 1, 2]
Case #14: [30, 26, 22, 18, 15, 12, 10, 9, 14, 15]
Case #15: [16, 15, 14, 13, 12, 12, 12, 12]
Case #16: [0, 1, 3]
Case #17: [8, 0, 1, 3, 6, 10, 15, 21, 28]
Case #18: [17, 16, 11, 9, 8, 8, 9, 11, 19]
Case #19: [25, 24, 23, 22, 21, 20, 20, 20, 20, 20]
Case #20: [3, 1, 0]
Case #21: [4, 3, 2, 2]
Case #22: [20, 14, 10, 7, 4, 7, 7, 8]
Case #23: [36, 28, 21, 15, 10, 6, 3, 1, 0]
Case #24: [17, 16, 11, 8, 7, 7, 11, 13, 19]
Case #25: [21, 16, 13, 11, 9, 8, 8, 10, 15]
Case #26: [13, 14, 10, 7, 9, 12, 15, 19, 23]
Case #27: [5, 0, 1, 3, 6, 10]
Case #28: [25, 24, 23, 22, 21, 20, 20, 20, 20, 20]
Case #29: [8, 6, 4, 5, 6, 7, 13, 20]
Case #30: [10, 7, 7, 7, 8, 12, 17, 18]
Case #31: [12, 11, 9, 9, 10, 11, 13, 16]
Case #32: [16, 15, 14, 13, 12, 12, 12, 12]
Case #33: [16, 16, 16, 16, 16, 17, 18, 19, 20]
Case #34: [19, 17, 11, 8, 7, 8, 11, 15, 20, 26]
Case #35: [14, 11, 9, 8, 8, 9, 13, 14]
Case #36: [15, 8, 6, 4, 5, 8, 12, 13]
Case #37: [6, 2, 1, 2, 4]
Case #38: [11, 8, 6, 6, 9, 12, 16, 17]
Case #39: [16, 16, 12, 13, 12, 14, 16, 19, 20]
Case #40: [18, 14, 10, 7, 6, 6, 9, 10]
Case #41: [13, 14, 11, 12, 12, 14, 17, 21, 23]
Case #42: [23, 21, 16, 15, 14, 14, 16, 16, 21, 22]
Case #43: [19, 13, 8, 5, 6, 7, 9, 11, 17]
Case #44: [22, 16, 13, 11, 10, 9, 8, 8, 14, 23]
Case #45: [17, 14, 12, 11, 13, 15, 17, 22, 23, 28]
Case #46: [17, 13, 10, 7, 7, 10, 10, 11]
Case #47: [4, 4, 4, 5, 6]
Case #48: [3, 2, 1, 3]
Case #49: [15, 7, 0, 1, 3, 6, 10, 15, 21]
Case #50: [25, 24, 23, 22, 21, 20, 20, 20, 20, 20]
Case #51: [15, 9, 4, 0, 1, 3, 6]
Case #52: [17, 12, 8, 4, 1, 2, 4]
Case #53: [25, 24, 23, 22, 21, 20, 20, 20, 20, 20]
Case #54: [17, 12, 10, 9, 9, 10, 9, 13, 19]
Case #55: [1, 2, 3, 5]
Case #56: [20, 15, 11, 8, 7, 7, 7, 8]
Case #57: [9, 9, 9, 9, 10, 11, 12]
Case #58: [13, 8, 4, 3, 4, 6, 10, 15]
Case #59: [25, 24, 23, 22, 21, 20, 20, 20, 20, 20]
Case #60: [5, 2, 0, 1]
Case #61: [3, 0, 1, 3]
Case #62: [27, 25, 19, 16, 13, 12, 12, 14, 17, 18]
Case #63: [15, 14, 11, 10, 10, 10, 11, 13]
Case #64: [13, 8, 6, 4, 3, 2]
Case #65: [25, 24, 23, 22, 21, 20, 20, 20, 20, 20]
Case #66: [0]
Case #67: [0, 1, 3]
Case #68: [13, 12, 11, 10, 10, 12, 15, 15]
Case #69: [3, 0, 1, 3, 7]
Case #70: [23, 20, 15, 11, 8, 6, 5, 5]
Case #71: [16, 17, 13, 10, 11, 13, 15, 18, 20]
Case #72: [20, 19, 14, 10, 9, 9, 9, 12, 16, 25]
Case #73: [16, 11, 8, 6, 6, 7, 12, 14, 21, 29]
Case #74: [25, 24, 23, 22, 21, 20, 20, 20, 20, 20]
Case #75: [3, 0, 1, 3]
Case #76: [20, 13, 7, 4, 4, 4, 7, 8]
Case #77: [25, 22, 17, 13, 11, 11, 9, 8, 11, 20]
Case #78: [16, 11, 9, 8, 8, 9, 10, 16, 20, 29]
Case #79: [1, 1, 2]
Case #80: [12, 9, 7, 8, 8, 9, 11, 17, 24]
Case #81: [17, 15, 12, 7, 8, 10, 12, 13, 20, 28]
Case #82: [16, 12, 11, 11, 10, 13, 13, 19, 20]
Case #83: [11, 6, 3, 3, 4, 7, 11, 17]
Case #84: [16, 13, 9, 8, 8, 10, 14, 19, 20]
Case #85: [9, 9, 9, 9, 10, 11, 12]
Case #86: [16, 15, 14, 14, 14, 13, 15, 19, 24, 29]
Case #87: [25, 24, 23, 22, 21, 20, 20, 20, 20, 20]
Case #88: [21, 12, 5, 3, 4, 7, 9, 13, 19, 24]
Case #89: [22, 21, 14, 14, 14, 13, 14, 15, 19, 23]
Case #90: [25, 24, 23, 22, 21, 20, 20, 20, 20, 20]
Case #91: [25, 24, 23, 22, 21, 20, 20, 20, 20, 20]
Case #92: [13, 9, 7, 6, 5, 7, 10, 15]
Case #93: [10, 8, 6, 7, 9, 12, 17, 18]
Case #94: [6, 2, 0, 1, 4, 9]
Case #95: [4, 4, 4, 5, 6]
Case #96: [32, 24, 20, 15, 14, 12, 11, 10, 13, 13]
Case #97: [7, 3, 2, 1, 3]
Case #98: [21, 19, 16, 15, 14, 14, 14, 13, 20, 24]
Case #99: [22, 21, 16, 12, 12, 12, 12, 13, 14, 23]
Case #100: [4, 2, 1, 2]
