Case #1: Chi Manohar Purav Wenjie
Case #2: Anh Chi David Dhruv Erling Lingjuan Sanjeet Torbjorn Wesley Yingsheng
Case #3: Aleksandar Aravind Bhuwan Igor
Case #4: Anil Chad Daniel Roman Steaphan Torbjorn
Case #5: Anshuman Manohar Meihong Nima
Case #6: Dhruv Dmytro Duc Jan Purav Viswanath Xiao Zhen
Case #7: Erling Liang
Case #8: Anil Atol Jan Rudradev Yintao Zihing
Case #9: Andras Andrei Anil Fabien Luiz Meihong Philip Xiao
Case #10: Doan John
Case #11: Andrei Wesley
Case #12: Erling Philip Xiao Zhen
Case #13: Purav Slawek Wai Weiyan
Case #14: Erling Zejia
Case #15: Aleksandar Anh Dmytro Yintao
Case #16: Ekansh Lingjuan Oleksandr Ranjeeth Wesley Zhen
Case #17: Atol Clifton Keegan Lovro Mehdi Rudradev Song Wenjie
Case #18: Fabien Kittipat Paul Thomas
Case #19: Dhruv John Lin Yintao
Case #20: Anil Clifton Lin Phil Ranjeeth Torbjorn
