Case #1:
Impossible
Case #2:
Impossible
Case #3:
c...
....
..**
****
****
Case #4:
c..**
....*
*****
*****
*****
Case #5:
c*
**
**
**
**
Case #6:
c..
...
..*
***
***
Case #7:
Impossible
Case #8:
c...*
....*
...**
*****
*****
Case #9:
c....
.....
..***
*****
Case #10:
c...
....
....
Case #11:
Impossible
Case #12:
Impossible
Case #13:
c...
....
...*
****
Case #14:
Impossible
Case #15:
c...*
.....
*****
*****
*****
Case #16:
c...
....
...*
..**
****
Case #17:
c.***
..***
*****
Case #18:
c.***
..***
*****
*****
*****
Case #19:
c..
...
..*
..*
***
Case #20:
c..*
...*
****
****
****
Case #21:
c.*
..*
***
Case #22:
c
.
*
*
*
Case #23:
c...
....
....
....
...*
Case #24:
Impossible
Case #25:
c
.
.
Case #26:
c..
...
...
...
***
Case #27:
c***
****
Case #28:
c..*
Case #29:
Impossible
Case #30:
c*
**
**
**
Case #31:
c.*
Case #32:
Impossible
Case #33:
c..**
...**
*****
*****
Case #34:
c...
....
....
****
Case #35:
c...
....
....
....
..**
Case #36:
c....
.....
.....
*****
*****
Case #37:
c...
....
..**
Case #38:
c.
..
..
..
..
Case #39:
c....
.....
.....
...**
Case #40:
c***
****
****
****
Case #41:
Impossible
Case #42:
c**
***
***
Case #43:
c.
Case #44:
c
.
.
.
.
Case #45:
Impossible
Case #46:
c..**
...**
*****
Case #47:
c....
.....
.....
..***
*****
Case #48:
Impossible
Case #49:
c...
....
****
Case #50:
c****
*****
Case #51:
c
.
.
.
Case #52:
c*
Case #53:
Impossible
Case #54:
Impossible
Case #55:
Impossible
Case #56:
c
Case #57:
c...
....
....
....
Case #58:
c
*
*
*
Case #59:
c***
****
****
****
****
Case #60:
c..*
...*
****
****
Case #61:
c..
...
..*
..*
Case #62:
Impossible
Case #63:
Impossible
Case #64:
c***
Case #65:
c...
....
....
..**
****
Case #66:
c.***
Case #67:
c....
.....
.....
Case #68:
c****
*****
*****
*****
*****
Case #69:
c.*
..*
Case #70:
c.
..
..
Case #71:
c**
***
Case #72:
c....
.....
.....
.....
...**
Case #73:
Impossible
Case #74:
c.**
Case #75:
c
*
*
Case #76:
c.
..
**
Case #77:
c...*
....*
*****
*****
*****
Case #78:
c..
...
...
...
Case #79:
c....
.....
.....
.....
....*
Case #80:
c..**
Case #81:
c...
....
....
...*
Case #82:
c....
.....
*****
*****
Case #83:
c....
.....
.....
....*
Case #84:
Impossible
Case #85:
c..*
...*
...*
Case #86:
c***
****
****
Case #87:
Impossible
Case #88:
Impossible
Case #89:
c....
.....
Case #90:
c....
.....
.....
..***
Case #91:
c...
....
Case #92:
c**
***
***
***
Case #93:
c....
.....
.....
...**
*****
Case #94:
c.***
..***
Case #95:
Impossible
Case #96:
c
.
*
*
Case #97:
c.
..
..
..
Case #98:
c....
.....
...**
Case #99:
Impossible
Case #100:
c..*
....
****
Case #101:
c.**
..**
****
****
Case #102:
c...*
Case #103:
c...
....
...*
..**
Case #104:
Impossible
Case #105:
Impossible
Case #106:
c..
...
Case #107:
c..*
....
****
****
****
Case #108:
Impossible
Case #109:
c
*
Case #110:
Impossible
Case #111:
Impossible
Case #112:
Impossible
Case #113:
c.*
..*
...
***
Case #114:
Impossible
Case #115:
c****
Case #116:
c..**
....*
*****
Case #117:
c...*
....*
Case #118:
Impossible
Case #119:
c...
....
...*
****
****
Case #120:
c..
...
...
..*
Case #121:
c...*
....*
*****
*****
Case #122:
c..
...
***
***
***
Case #123:
c.***
..***
*****
*****
Case #124:
Impossible
Case #125:
c.
..
..
..
**
Case #126:
c....
.....
*****
Case #127:
c*
**
Case #128:
c...
....
..**
****
Case #129:
c****
*****
*****
*****
Case #130:
c..*
...*
****
Case #131:
c..
...
...
..*
***
Case #132:
c****
*****
*****
Case #133:
c..
...
...
...
..*
Case #134:
Impossible
Case #135:
c..**
....*
*****
*****
Case #136:
c..
...
..*
Case #137:
c...*
.....
*****
*****
Case #138:
c...
Case #139:
c.
..
Case #140:
Impossible
Case #141:
c....
.....
.....
....*
*****
Case #142:
Impossible
Case #143:
c....
.....
.....
.....
*****
Case #144:
c....
.....
..***
Case #145:
c
.
*
Case #146:
c..
...
...
***
***
Case #147:
c..
...
...
Case #148:
Impossible
Case #149:
c..
...
***
Case #150:
c....
Case #151:
Impossible
Case #152:
c
.
.
.
*
Case #153:
c....
.....
....*
..***
Case #154:
c...*
.....
*****
Case #155:
c
*
*
*
*
Case #156:
c....
.....
....*
*****
*****
Case #157:
c....
.....
.....
.....
.....
Case #158:
c....
.....
.....
.....
..***
Case #159:
c
.
.
*
*
Case #160:
c..*
...*
...*
****
Case #161:
c.
..
**
**
**
Case #162:
c..**
...**
Case #163:
c..
...
..*
***
Case #164:
c...
....
...*
Case #165:
c...
....
....
****
****
Case #166:
c...
....
....
...*
****
Case #167:
c....
.....
*****
*****
*****
Case #168:
c...*
....*
*****
Case #169:
Impossible
Case #170:
c....
.....
....*
*****
Case #171:
Impossible
Case #172:
c..
...
***
***
Case #173:
c...
....
****
****
Case #174:
c...
....
****
****
****
Case #175:
c...
....
....
....
....
Case #176:
Impossible
Case #177:
c**
***
***
***
***
Case #178:
c.
..
..
**
Case #179:
c..
...
...
...
...
Case #180:
c...
....
....
..**
Case #181:
Impossible
Case #182:
Impossible
Case #183:
c**
Case #184:
c.**
..**
****
Case #185:
Impossible
Case #186:
c...*
....*
...**
Case #187:
c...
....
....
....
****
Case #188:
c
.
.
*
Case #189:
Impossible
Case #190:
c....
.....
....*
....*
...**
Case #191:
c.*
..*
***
***
***
Case #192:
c.*
..*
***
***
Case #193:
c..*
...*
...*
****
****
Case #194:
Impossible
Case #195:
c.**
..**
Case #196:
c..**
...**
*****
*****
*****
Case #197:
c....
.....
...**
*****
*****
Case #198:
c....
.....
....*
Case #199:
c..
...
..*
..*
...
Case #200:
c..*
....
****
****
Case #201:
c..*
...*
Case #202:
Impossible
Case #203:
Impossible
Case #204:
c.**
..**
****
****
****
Case #205:
c
.
Case #206:
c.
..
**
**
Case #207:
Impossible
Case #208:
c.
..
..
**
**
Case #209:
c..
Case #210:
Impossible
Case #211:
c*
**
**
Case #212:
Impossible
Case #213:
Impossible
Case #214:
c....
.....
..***
*****
*****
Case #215:
c....
.....
.....
*****
Case #216:
c....
.....
.....
.....
Case #217:
c.*
..*
...
***
***
Case #218:
c..
...
...
***
Case #219:
c...
....
...*
...*
...*
Case #220:
c....
.....
....*
..***
*****
Case #221:
Impossible
Case #222:
Impossible
Case #223:
Impossible
Case #224:
c...*
....*
...**
*****
Case #225:
c....
.....
...**
*****
