Case #1:
c..
...
***
***
***
Case #2:
c.
Case #3:
Impossible
Case #4:
c....
.....
.....
..***
Case #5:
c...
....
..**
Case #6:
Impossible
Case #7:
c....
Case #8:
c....
.....
...**
*****
*****
Case #9:
c...
....
****
****
Case #10:
c***
****
Case #11:
c....
.....
.....
*****
Case #12:
c.**
..**
Case #13:
c....
.....
.....
....*
Case #14:
c....
.....
.....
.....
*****
Case #15:
c....
.....
.....
*****
*****
Case #16:
Impossible
Case #17:
c
Case #18:
Impossible
Case #19:
Impossible
Case #20:
Impossible
Case #21:
c....
.....
*****
Case #22:
c.
..
..
..
**
Case #23:
Impossible
Case #24:
c.*
..*
***
Case #25:
c
*
*
*
Case #26:
Impossible
Case #27:
c..
...
...
...
...
Case #28:
c.*
..*
***
***
***
Case #29:
c..
...
...
***
Case #30:
c.
..
..
..
Case #31:
c..
...
***
***
Case #32:
Impossible
Case #33:
c..*
...*
...*
****
Case #34:
c..
Case #35:
c....
.....
.....
...**
Case #36:
c....
....*
....*
...**
*****
Case #37:
c**
***
***
***
Case #38:
Impossible
Case #39:
c..**
...**
*****
*****
Case #40:
c
.
.
.
*
Case #41:
c
.
.
.
.
Case #42:
c***
Case #43:
c...
....
....
****
****
Case #44:
Impossible
Case #45:
c....
.....
.....
.....
Case #46:
c*
**
**
**
**
Case #47:
c..
...
..*
***
***
Case #48:
c...*
.....
*****
Case #49:
Impossible
Case #50:
Impossible
Case #51:
c****
*****
*****
*****
*****
Case #52:
c..
...
..*
..*
...
Case #53:
c...
....
....
...*
Case #54:
c..**
...**
Case #55:
c..
...
...
..*
***
Case #56:
Impossible
Case #57:
Impossible
Case #58:
c****
*****
*****
Case #59:
c.**
..**
****
****
Case #60:
Impossible
Case #61:
c..*
Case #62:
c....
.....
....*
*****
*****
Case #63:
c.
..
..
Case #64:
c..*
....
****
****
Case #65:
c....
.....
.....
.....
.....
Case #66:
c
.
*
*
Case #67:
c.*
..*
Case #68:
c
*
*
*
*
Case #69:
Impossible
Case #70:
c...
....
....
****
Case #71:
c**
***
***
***
***
Case #72:
c.
..
**
Case #73:
c
*
Case #74:
c....
.....
.....
.....
....*
Case #75:
Impossible
Case #76:
c....
.....
.....
...**
*****
Case #77:
c...
....
****
Case #78:
c...
....
....
Case #79:
Impossible
Case #80:
c...*
....*
*****
*****
Case #81:
c**
***
Case #82:
Impossible
Case #83:
c.
..
**
**
**
Case #84:
Impossible
Case #85:
c..*
...*
...*
****
****
Case #86:
c...
....
****
****
****
Case #87:
Impossible
Case #88:
c....
.....
....*
*****
Case #89:
c...*
.....
*****
*****
*****
Case #90:
Impossible
Case #91:
c....
.....
..***
Case #92:
c...
....
...*
****
****
Case #93:
c....
.....
*****
*****
*****
Case #94:
Impossible
Case #95:
c****
*****
Case #96:
c**
***
***
Case #97:
c...
....
..**
****
Case #98:
c..
...
Case #99:
Impossible
Case #100:
c...*
....*
...**
*****
Case #101:
c.***
..***
*****
*****
Case #102:
c..**
....*
*****
*****
*****
Case #103:
c***
****
****
****
****
Case #104:
c..*
....
****
Case #105:
c.*
..*
...
***
Case #106:
c....
.....
.....
.....
..***
Case #107:
Impossible
Case #108:
Impossible
Case #109:
Impossible
Case #110:
c....
.....
...**
Case #111:
c..
...
...
Case #112:
c..**
Case #113:
c.*
Case #114:
Impossible
Case #115:
Impossible
Case #116:
c*
Case #117:
c..*
...*
****
****
Case #118:
Impossible
Case #119:
c.***
..***
*****
Case #120:
c....
.....
.....
Case #121:
c..*
....
****
****
****
Case #122:
c..**
....*
*****
Case #123:
c..
...
...
...
***
Case #124:
Impossible
Case #125:
Impossible
Case #126:
c*
**
**
Case #127:
Impossible
Case #128:
Impossible
Case #129:
c
.
*
Case #130:
c...
....
....
..**
Case #131:
c....
.....
.....
..***
*****
Case #132:
Impossible
Case #133:
c...*
....*
Case #134:
Impossible
Case #135:
Impossible
Case #136:
c****
*****
*****
*****
Case #137:
c.
..
**
**
Case #138:
Impossible
Case #139:
Impossible
Case #140:
c..
...
..*
***
Case #141:
c....
.....
*****
*****
Case #142:
c*
**
**
**
Case #143:
Impossible
Case #144:
c....
.....
...**
*****
Case #145:
c...
...*
...*
...*
Case #146:
c...
Case #147:
c..
...
...
...
..*
Case #148:
c...*
....*
*****
*****
*****
Case #149:
c.
..
..
..
..
Case #150:
c...
....
...*
Case #151:
c.**
..**
****
****
****
Case #152:
c.
..
..
**
Case #153:
c...
....
...*
****
Case #154:
c..*
...*
...*
Case #155:
c
.
Case #156:
c....
....*
....*
...**
Case #157:
c...
....
Case #158:
c***
****
****
Case #159:
c..**
...**
*****
*****
*****
Case #160:
c...
....
..**
****
****
Case #161:
c..
..*
..*
...
***
Case #162:
c...*
....*
*****
Case #163:
c.***
..***
*****
*****
*****
Case #164:
Impossible
Case #165:
c....
.....
....*
Case #166:
Impossible
Case #167:
Impossible
Case #168:
c
.
.
*
Case #169:
c
.
*
*
*
Case #170:
c...*
....*
...**
Case #171:
c...
....
....
....
..**
Case #172:
c.
..
..
**
**
Case #173:
c..**
...**
*****
Case #174:
c...
....
....
...*
****
Case #175:
c.**
..**
****
Case #176:
Impossible
Case #177:
c..
...
..*
Case #178:
c...*
....*
...**
*****
*****
Case #179:
Impossible
Case #180:
c****
Case #181:
c..
...
...
***
***
Case #182:
c.
..
Case #183:
Impossible
Case #184:
c
.
.
.
Case #185:
c..*
...*
Case #186:
c...
...*
...*
...*
****
Case #187:
c.*
..*
***
***
Case #188:
c.***
Case #189:
c...
....
....
....
...*
Case #190:
c...
....
....
....
Case #191:
Impossible
Case #192:
c*
**
Case #193:
Impossible
Case #194:
c.*
..*
...
***
***
Case #195:
c
.
.
Case #196:
c....
.....
.....
.....
...**
Case #197:
c.**
Case #198:
c***
****
****
****
Case #199:
c....
.....
..***
*****
*****
Case #200:
c...
....
...*
...*
...*
Case #201:
c...
....
....
....
****
Case #202:
c..*
...*
****
****
****
Case #203:
c
.
.
*
*
Case #204:
Impossible
Case #205:
c...*
.....
*****
*****
Case #206:
c...
....
....
....
....
Case #207:
c...
....
....
..**
****
Case #208:
Impossible
Case #209:
c...*
Case #210:
c..
...
***
Case #211:
c....
.....
..***
*****
Case #212:
c.***
..***
Case #213:
c....
.....
.....
....*
*****
Case #214:
c..*
...*
****
Case #215:
c..
..*
..*
...
Case #216:
c..
...
...
..*
Case #217:
Impossible
Case #218:
Impossible
Case #219:
c....
.....
Case #220:
Impossible
Case #221:
c..
...
...
...
Case #222:
c
*
*
Case #223:
c..**
....*
*****
*****
Case #224:
c**
Case #225:
c....
.....
....*
....*
...**
