Case #1: 1 1
Case #2: 1 1
Case #3: 10 10
Case #4: 0 0
Case #5: 1 1
Case #6: 0 0
Case #7: 5 2
Case #8: 1 1
Case #9: 0 0
Case #10: 0 0
Case #11: 0 0
Case #12: 5 3
Case #13: 0 0
Case #14: 2 1
Case #15: 0 0
Case #16: 0 0
Case #17: 3 2
Case #18: 1 1
Case #19: 7 3
Case #20: 2 2
Case #21: 4 2
Case #22: 3 2
Case #23: 0 0
Case #24: 3 2
Case #25: 1 1
Case #26: 2 1
Case #27: 10 10
Case #28: 0 0
Case #29: 10 3
Case #30: 3 2
Case #31: 0 0
Case #32: 0 0
Case #33: 3 1
Case #34: 6 3
Case #35: 0 0
Case #36: 8 1
Case #37: 0 0
Case #38: 0 0
Case #39: 8 8
Case #40: 1 1
Case #41: 8 4
Case #42: 1 1
Case #43: 0 0
Case #44: 1 1
Case #45: 3 2
Case #46: 4 3
Case #47: 6 3
Case #48: 0 0
Case #49: 8 3
Case #50: 0 0
