Case #1: 10 5
Case #2: 3 2
Case #3: 8 3
Case #4: 2 1
Case #5: 2 2
Case #6: 2 1
Case #7: 0 0
Case #8: 0 0
Case #9: 1 1
Case #10: 9 3
Case #11: 0 0
Case #12: 5 1
Case #13: 4 2
Case #14: 0 0
Case #15: 4 3
Case #16: 8 4
Case #17: 4 2
Case #18: 0 0
Case #19: 6 6
Case #20: 10 3
Case #21: 0 0
Case #22: 2 1
Case #23: 0 0
Case #24: 3 3
Case #25: 10 10
Case #26: 5 2
Case #27: 3 1
Case #28: 6 4
Case #29: 10 4
Case #30: 1 1
Case #31: 3 2
Case #32: 3 1
Case #33: 2 1
Case #34: 8 3
Case #35: 6 3
Case #36: 3 3
Case #37: 8 5
Case #38: 5 2
Case #39: 2 2
Case #40: 0 0
Case #41: 6 3
Case #42: 5 2
Case #43: 6 6
Case #44: 9 6
Case #45: 1 1
Case #46: 7 7
Case #47: 5 3
Case #48: 3 1
Case #49: 3 1
Case #50: 10 10
