Case #1:
5.0
10.0
Case #2:
4.29058781634
Case #3:
2.01200303427
4.23378738609
7.35512793079
13.2629066544
15.5580961467
17.2602168209
18.6767635089
19.9992382634
21.4964020836
23.2779876928
25.0188528769
26.5461969417
27.9234169986
29.1867003022
30.3192326056
31.3364347722
32.277452
33.3407980229
34.6690949993
36.6343903628
41.1021229742
44.9873763622
47.576756843
48.9085787622
50.3025961667
53.18362645
55.1419102768
56.2308097632
57.0661985434
57.7502068782
58.3652479974
59.0277544528
59.7688893965
60.6258138101
61.6795775882
63.195688418
64.8580900598
66.2623206315
67.6518256542
70.0743309753
71.591205112
74.3300815094
76.7400644597
78.3805558969
79.7184649343
80.7820889279
81.5681972184
82.2240666851
82.79891444
83.3359226824
83.9237648778
84.5938362904
85.3949760745
86.4605954767
88.5501326579
89.7016958377
90.4249159339
Case #4:
0.426311038504
1.20274227868
5.54287768473
11.8218943949
17.1783096783
19.664166621
21.4560205201
23.0974344365
24.6249252263
26.0606664835
28.3161574496
29.5521441116
30.4826129573
31.5044606876
32.9159971143
37.1161783932
38.8538530161
40.0634744452
41.0497818462
41.9039277033
42.7280062177
43.643667989
44.6929274177
45.9601618817
47.4585293645
48.2332984269
48.9302785074
49.6457505902
50.381269632
51.138621555
51.9198743364
52.7274446138
53.5641859935
54.4335083801
55.3395427911
56.2873748318
57.2833854046
58.3357658017
59.4553305196
60.6568697579
61.9615572675
63.4016377195
65.0755815068
67.5721914945
Case #5:
10.292496753
14.8367066467
22.2949119302
28.1564306702
34.7636773469
39.4219306191
46.3610014597
51.7972592535
64.9153012537
71.0061286285
78.0107493774
87.8495952496
96.684347634
104.215155483
109.335190748
119.101371454
124.830019167
135.840256082
141.279278354
153.134367
162.275234023
166.014242776
171.030418631
178.246019563
184.592681789
191.556190136
205.109049911
216.370197855
227.535494144
238.607345479
249.588059501
260.479850406
271.284844161
282.005083344
292.642531658
303.199078127
313.676541013
324.076671475
334.401156981
344.651624508
354.829643534
364.936728845
374.974343162
384.943899618
394.846764076
404.684257317
414.457657091
424.168200061
433.817083624
443.405467637
452.934476043
462.40519841
471.818691386
481.175980072
490.478059327
499.725895003
508.80897617
520.225965723
531.570683689
545.521025381
558.428944648
576.056224459
585.394050179
597.876537765
609.956321318
624.563316422
636.555828546
651.713303398
662.198949258
675.377607872
683.041229743
696.892061226
705.339104095
712.864276792
720.501322588
728.255384476
736.132012008
744.137207775
752.277480927
760.559909134
768.992210621
777.582828402
786.341029298
795.277021068
804.402091861
813.728777422
823.271063116
833.044630069
843.0671578
853.358700051
863.942156696
874.843873554
886.094415244
897.729576289
909.791726916
922.331639817
935.411026314
949.106150812
963.513143189
978.756099474
Case #6:
3.34068027532
10.1386143228
12.206362988
15.3261598807
17.2264112315
18.7226271169
20.4960877646
23.3549459169
26.6624334725
31.1578422707
32.9098595675
38.1919084
41.9621089246
46.2285183648
49.368695717
50.8288926724
Case #7:
0.504954738435
1.07653743164
1.66980953219
2.22553499039
2.63926816893
2.97197116682
3.28467813606
3.62754329654
4.01199221661
4.45826106015
5.0115859868
5.76155891116
6.82243365042
8.20064707914
12.0327310355
14.208364075
15.7152338896
17.0439278202
18.2622940328
19.3939613945
20.4236329836
21.2240008418
22.0999246953
23.3068924773
26.1301229339
27.5433634163
28.2515295362
28.7773666849
29.2311569075
29.7424218459
30.3815246883
31.2398289399
31.7047122155
32.0210284488
32.31648969
32.6350215347
32.9830559981
33.4138490294
34.3295844158
35.5942979827
36.7165204581
37.7357236483
38.6759501793
39.5125795817
40.1708879485
40.6703211528
41.0812726296
41.7294832796
43.0307382107
43.4989500166
43.8527340088
44.1584775565
44.4864802324
44.8569440758
45.2812414532
45.7439620467
46.2429495373
46.7219306818
47.1745327513
47.6046865033
48.0154592196
48.4278695114
48.8604932323
49.3166304243
49.8005906162
50.3181866155
50.8775904814
51.4636313886
52.0273720512
52.5697735109
53.0911542476
53.5346143575
53.9082331093
54.2431652261
54.5634258501
54.8715042699
55.1686931849
55.4560716611
55.7345515157
56.0049115046
56.2678230178
56.5238697261
56.7735628338
57.0173530827
57.2556403133
57.4887811668
57.7170953497
57.9408707767
58.1603678286
58.375822903
58.587451398
58.795450234
Case #8:
5.0924046661
7.41976155431
11.1245915067
19.3992785894
22.7657915925
25.2466793283
28.8427330518
36.56794412
45.1550838397
51.9482487929
56.0625724257
57.6371743511
59.2311587897
60.8452596316
62.4802582826
64.1369880867
65.8163392913
67.5192646405
69.2467856952
Case #9:
0.919334812156
2.0969836593
2.75217552208
3.36897715274
4.30219704377
4.94577182112
5.49481665699
6.26960624844
7.89684124823
8.47109716029
8.95624265032
9.47735962141
10.6467005756
12.9387818506
13.429798981
13.8482948532
14.2425476519
14.7561223182
15.6730217135
17.0051759411
18.7991547305
19.6147897696
20.1307572605
20.8559737765
23.1173557338
23.9728118742
24.5513224226
25.2670332093
26.6685035709
27.1835463441
28.4287798334
29.615880177
30.6451158271
32.6316314799
33.0549013556
33.4367866005
33.8686498595
34.3218777723
34.6977460414
35.0229753343
35.3282633532
35.6280782982
35.9227043796
36.2415123356
36.8450176823
37.8392356386
38.2706097732
38.739321717
39.2716368692
39.8058412222
40.3500337493
41.0070523083
41.6109928927
42.0695783503
42.6883500532
44.0927052732
45.4298463171
46.8515762744
48.6680579348
50.6563059755
51.8919510454
54.3479267366
55.619482868
56.7183221958
57.1154682086
57.6181204692
58.7606873664
59.4646695077
59.8997380429
60.2906052928
60.9822039025
63.0645513242
65.5108616019
66.0029240613
66.4668944282
67.7562129175
70.518607138
72.3532054674
73.2410553262
74.2792698436
76.1552175615
76.8159985811
77.4292780609
79.3364170096
79.9314021208
80.3645016494
80.831544431
81.4204838862
83.178267061
86.0811362018
87.5888257526
88.8252536601
90.0267617605
91.4479024844
92.981538561
94.1333102392
94.9474872465
96.4908227594
97.9985578579
98.5250562758
Case #10:
5.93221836061
11.9284070273
17.9906812236
24.1212753775
30.3225527431
36.597016046
42.9473192861
49.3762808566
55.8868981637
62.482363961
69.166084652
75.9417008578
82.8131106035
89.7844955416
96.8603507132
104.04551845
111.34522714
118.765135746
126.311385145
133.990657617
141.81024613
149.778135448
157.903097645
166.194805278
174.663966365
183.322486561
192.18366552
201.262436703
210.575662985
220.142504811
229.984883903
240.128074736
250.601469605
261.439583966
272.683401245
284.382208715
296.596163207
309.399976038
322.888378938
337.184551701
352.453746726
368.926663239
386.942755412
407.039281539
430.16412933
458.323994015
497.835692863
519.982196881
540.654330863
569.093056277
604.585914066
617.484285101
628.407303012
635.156921422
640.124532557
653.512223688
667.572703075
673.88001842
677.586196474
680.390314636
688.158264284
690.848514688
701.823280194
707.649349656
710.908962262
715.429325703
721.299969612
727.637342145
730.999257719
736.818591984
743.824356946
753.30950757
761.540064229
766.294840931
771.763275347
777.511275567
780.418793925
785.667508918
791.008366007
794.576633022
798.272623146
802.059996078
805.945885132
809.938402976
814.046840899
818.281923446
822.656138476
827.184171902
831.88349077
836.77514171
841.884870758
847.244738397
852.89552709
858.89047574
865.301362167
872.229037825
879.823193696
888.323722019
898.162233788
910.286063945
Case #11:
6.34723338287
10.3797610582
16.2207356102
18.1798657578
19.5533519744
20.6926081967
21.7409507647
22.722152805
23.6476679813
24.5691335689
25.7498416563
28.2927104072
31.6318819197
33.6055061374
35.1578221027
36.4966116792
37.8584929069
39.3053371593
40.8553593226
46.1223980202
48.9128564596
50.2452511487
51.2710606275
52.1387320225
52.9757967851
53.8274383593
54.6906866505
55.5660265721
56.4480988593
57.3045267679
58.1358085036
59.1394287801
61.4884133999
66.2110439001
69.3472510872
70.9196906489
71.9357293287
72.8127690759
Case #12:
0.379340189966
0.789454772435
1.24732386144
1.85298406442
3.98099709942
5.57447775159
6.44889811395
7.11803242891
7.68152472834
8.17393633944
8.58704100056
8.9443731813
9.26382023606
9.5553621651
9.82524151156
10.0813454189
10.3982051761
11.164950574
12.2122356145
12.8230847081
13.2953078645
13.6946123839
14.0469872232
14.3658907517
14.6593639343
14.9326660789
15.1950291204
15.4620000835
15.7346042054
16.013216954
16.2998689827
16.5967558225
16.9050589433
17.2262062886
17.5619508957
17.9144850375
18.2866117245
18.682013303
19.1056942034
19.5647596374
20.0679892035
20.5148577839
20.8845470249
21.2348664514
21.7391991395
22.9809039724
24.1064484132
25.1415840469
26.7229046436
27.9304742607
29.0788442945
30.5517717053
31.331893255
31.8443535535
32.3113040245
34.7149480559
35.7299086688
36.3723170609
36.9214711814
37.4126220938
37.8610015879
38.3273229283
39.3137830682
39.7805944355
40.0819295703
40.3788317391
40.70372546
41.0664338772
41.4843681359
41.9946990802
42.7171402798
43.5820348193
44.046525788
44.4257803128
44.7711455393
45.0919324795
45.4193592252
45.7659521036
46.139846385
46.6287011373
47.4889442369
48.4221222681
49.1877155951
49.7081711757
50.105552904
50.4399017179
50.7341542713
Case #13:
3.64556963685
5.92626903406
11.2200878717
15.1526150769
18.0096936024
20.5722578412
23.0939693548
25.4616082149
27.4886675304
29.5870887389
31.7765305189
33.9717169325
36.4926678461
40.4911227402
42.8496608819
50.9119409422
Case #14:
2.08301728737
4.63532906885
7.36611241135
9.96420207196
12.05085421
13.7876483317
15.3358621089
16.7880005775
18.212302163
19.7111134371
21.4246802316
23.6854516251
26.2257458499
29.3069277611
30.8603886019
32.2538599065
34.3686207517
36.2373382824
38.1277511018
40.0727138396
43.878386038
46.2831614888
47.769172653
49.0220813798
50.0546409466
51.4598652723
56.2897236949
59.5831199648
61.4150782163
62.8055829498
64.2214111127
65.6104122766
66.9340866194
68.633830918
Case #15:
2.23915701776
3.45101260006
4.73629872911
6.42054525581
8.91952428676
10.0844938642
11.2795341926
15.7898445471
18.3242577501
20.0297548113
21.4234113091
22.8619854534
24.4743089342
26.4634461524
30.0765053627
32.703200416
34.823560797
37.2316729132
43.5438836353
47.1277641801
48.9569629188
50.1473993053
51.2515081668
52.3601738684
53.5615398893
54.8683642283
56.1324602872
57.3578451571
58.7730890418
60.9474374927
63.2171725183
64.6692047522
66.5101131085
68.6576401799
71.3490288674
75.6460570751
78.1784496672
Case #16:
14.1193559665
15.514761981
16.7950962801
18.3280824526
20.4454457574
25.5450406447
27.9661410966
30.2151720507
32.815160594
36.0115656151
41.1712125271
45.5569831028
47.3113451022
48.8913581902
50.9140692321
53.7372352693
56.4634585428
58.3126145572
59.7165908293
61.1551911106
64.4209204719
Case #17:
10.2186977163
20.3330138578
30.3460832412
40.260886846
50.0802621809
59.8069127687
69.4434168399
78.992235314
88.4557191397
97.8361160535
107.135576815
116.356160964
125.499842148
134.568513057
143.563989991
152.488017116
161.342270407
170.128361325
178.847840241
187.502199629
196.092877049
204.621257935
213.088678204
221.496426697
229.845747471
238.137841946
246.373870925
254.55495649
262.682183787
270.756602704
278.779229458
286.751048084
294.673011846
302.546044567
310.371041888
318.148872452
325.880379038
333.566379618
341.207668374
348.805016651
356.359173869
363.870868384
371.340808308
378.769682288
386.158160248
393.506894092
400.816518378
408.087650955
415.320893572
422.516832465
429.676038902
436.79906972
443.886467829
450.938762692
457.956470788
464.940096055
471.890130311
478.807053658
485.691334869
492.543431759
499.363791541
517.534586088
528.162661509
542.306683367
550.713636938
562.952982778
572.869877915
584.542290019
595.642209435
612.723316345
625.652458189
644.987128121
672.898443737
687.758924469
702.625140206
714.995705816
723.558222411
734.05682167
745.567194425
756.121915371
767.421118029
781.136343515
796.515336645
804.546881796
812.974711171
821.607042494
830.459526929
839.549920123
848.898501055
858.528604576
868.467307811
878.746328498
889.403221212
900.483001898
912.040404551
924.143099496
936.87642723
950.35062373
964.712356113
980.16420222
Case #18:
11.2125853997
19.3408507517
31.9121619468
40.3691616619
44.7854771636
53.0412788202
59.2199296989
67.2411138129
86.8806327487
113.314616077
119.529561665
125.012451087
129.955647645
134.385537985
147.663608828
153.406272289
162.043415979
168.910930679
176.377365013
189.413861985
197.89629197
209.510601029
220.950806758
236.149032003
245.546106831
250.467629305
256.364091753
271.44226829
284.393783681
292.8374828
310.176183594
329.859022956
340.100013942
373.739042981
384.641902547
392.120605463
398.220909117
420.517726383
427.314389292
432.147000819
436.409750996
440.27031145
444.008279554
449.629812729
463.963353383
470.568634543
476.900694607
485.995109936
492.936839288
498.451126656
508.52057598
521.952065432
527.125956322
531.292334635
535.451398762
540.020514204
545.151904008
551.470869041
571.578194575
579.112427305
589.629256617
610.623696195
625.148376501
636.530217618
682.968855038
691.809047235
697.969329238
704.769463401
715.048329892
739.327039881
760.12830134
768.454236317
774.129187303
778.178136327
782.603280138
787.883350633
794.172850747
799.492412042
809.0
821.086707279
827.983222247
832.285568102
837.023156101
842.447254295
850.703247788
859.810172067
866.596233673
871.809913775
879.660613715
885.700049834
899.642343451
909.040113839
917.75485837
931.352653612
944.74393829
950.04270477
956.62890422
962.394354681
967.981000672
983.648077059
Case #19:
1.55187244643
2.73762376238
3.85643564356
4.6069089957
5.03174503707
5.50247915876
6.64387953771
8.35148514851
9.8597963563
10.4865836518
11.5893914558
13.0665397216
13.6468812482
14.0556602479
14.5413680467
16.1857236584
17.8493528881
19.9158415842
20.8345601243
21.3074418141
22.6113723565
23.6427982076
24.3837931045
25.6662540935
27.3497341139
28.6329233723
29.170978011
29.9902186045
31.5286051365
32.4232673267
33.2715968433
34.2764967194
35.0536255264
36.3903049501
37.3532166325
38.068196964
39.5415049866
40.68527498
41.2131184332
41.9230857791
42.8160011628
43.4717998921
44.0557504946
45.1831683168
46.8275415243
47.5060373508
49.07806437
49.7053921756
50.1113971692
50.6003300935
51.455613919
52.0926885651
53.2579808603
54.1597075513
55.4939626492
56.1645804613
56.8359370811
57.5534512319
58.0778355579
58.7631761983
60.3712871287
61.7604004945
62.9580813095
64.7822181404
65.3511127894
65.8592641698
66.3585334824
66.9480642176
67.7235032806
69.2864210331
70.1613861386
70.8326732673
71.6999099984
73.242908684
73.8328535539
74.3006967135
75.4816230431
76.2480866431
76.8027891004
77.2821496119
77.7293320706
78.1598536434
78.6931255638
79.4373333911
80.0495049505
80.6089108911
81.1789967809
82.1831683168
83.7286525163
84.8597359736
86.2311832002
88.8931873694
90.6916779841
91.5016519844
93.4716335011
93.9681973498
94.3821505617
94.982856945
96.6044492593
97.9088122895
Case #20:
4.18550541501
6.00964721489
7.87236349426
10.2541950976
14.375609166
17.8713844091
20.001821293
21.7137102841
23.3912429075
25.0928309331
26.7756458176
28.5050817178
31.5324569177
32.9246484158
34.4140709397
36.20849162
38.6587400007
43.5869502694
50.8011858298
61.1894789056
67.3142988625
68.8426369112
70.0527238128
71.2218054021
74.7294272283
77.292896647
78.249794146
79.14853275
80.1379603676
81.2728821173
82.6311159299
84.2487170425
86.3154045706
90.6621402667
Case #21:
21.0808637481
36.4649750575
41.3241113413
45.4784149944
50.9715512595
62.0334616369
77.7100173628
81.6155206252
89.6565439868
104.883989051
108.592095689
112.809067399
117.82894305
122.377582539
126.389920301
132.515505179
149.967855719
157.303257975
166.523098808
178.611031552
190.780370147
196.4311872
205.400325566
224.267744048
228.682880027
232.741238168
236.994111785
241.520249925
246.387928387
256.052903473
262.294179315
267.019576931
271.81726625
276.839771007
282.12200999
287.718114654
296.361688006
308.507963339
316.358589768
324.72034455
355.013455683
360.547222687
365.594097814
370.547764646
375.413204272
380.264226427
392.823700848
398.269457151
404.552539553
409.40775294
413.588010702
417.500017619
421.928830788
426.630432141
440.225147698
449.800546664
497.311694784
513.560073321
517.944857752
526.70972123
532.737186732
537.184451444
541.099322383
545.960176749
553.538978949
583.346384845
598.909058613
610.458124923
646.580855203
660.52756775
672.375365829
687.712981357
696.16763164
709.839687487
721.600854319
729.575163621
737.079711499
742.893295269
749.878821109
770.368028336
777.69965261
780.975290171
785.74163624
797.538288281
804.617265346
816.627776815
828.887083215
853.246610284
862.877432131
878.48524713
887.27472104
912.490819921
937.531225049
956.27011092
962.057417035
965.511078005
969.634732178
974.297849892
979.468094094
986.344791112
Case #22:
7.12960244219
15.4074994131
21.1605823277
24.1041433081
26.5259511556
30.7372316892
36.9847726744
39.1258134949
41.0878299475
43.7349987662
46.3119073803
48.2525670865
50.5950092385
54.1131357708
64.5480567756
67.053108241
Case #23:
1.5446099901
3.11774633348
4.72105045095
6.35632748881
8.02557013753
9.7309870999
11.4750373684
13.2604718303
15.0903842103
16.9682740494
18.8981253864
20.8845062145
22.9326958344
25.048850312
27.2402209755
29.5154483437
31.8849659869
34.3615691848
36.9612388793
39.7043767634
42.617734059
45.7375794475
49.1152450881
52.8276823118
Case #24:
18.8636285503
25.0896041259
31.6186860421
41.3969731694
76.7858515477
96.4885295516
102.318659025
108.209328165
133.838718117
141.581470279
145.492975546
149.577377683
155.854605179
164.526376862
172.799068142
177.082512692
186.775210447
195.980706928
214.236396624
223.621122971
236.391735853
249.766413886
261.780754918
271.030878174
278.677141976
285.344152426
291.332989776
297.023209903
303.894640288
312.053718801
322.676389036
330.467016948
335.15201619
346.89796056
356.757720942
366.846416342
382.784792524
396.616003986
406.642837797
413.570892509
419.456702119
424.664279623
429.387420928
434.428554025
441.494627217
457.395589676
466.845609863
484.539333203
492.677934859
498.222764826
502.09466789
506.93010065
515.702006952
531.539295996
537.156618089
542.819416527
551.117272633
556.593967545
560.835294722
565.787610433
574.625024549
595.606053484
603.633251933
610.105558974
615.29240185
620.253037442
625.6810398
649.366815508
671.922785078
686.335820051
697.227568641
706.231265702
714.263354413
724.619876366
736.628173972
749.876697318
757.169682607
763.879693172
770.240283187
776.300946409
782.100490564
788.02734139
796.13759441
810.475979517
827.306782927
854.36096526
863.440746451
870.64044331
875.88396143
885.307856369
898.09807652
902.462716374
906.761166169
911.758398818
925.147701437
932.213762774
938.32405654
944.2831029
954.734857649
980.070440151
Case #25:
10.497311298
25.9475106231
41.7886999284
58.7764729333
72.523773565
Case #26:
0.199757404935
0.422147348592
0.677224827995
0.985860780758
1.37087627376
1.86777430071
2.4714450283
2.9679611424
3.39549837101
3.77668786613
4.12396632467
4.44503896866
4.74507147441
5.02780883193
5.30506758312
5.58374988978
5.86387790698
6.1454743705
6.42856261839
6.71316661348
6.9993109671
7.30810128794
7.67951271002
8.16786650028
8.70373547362
9.24739436674
9.82272267012
10.4419255235
11.1168951984
11.8661211614
12.6770344546
13.4875102969
14.2960328923
15.1075014488
17.0039485144
19.174675959
22.7285432488
26.5849070163
30.8724732203
32.9616251877
34.7500666843
36.3284980146
37.6747624444
39.0695554401
41.3183791736
42.8155543045
43.9019777494
44.9771354712
46.3946645475
46.9945209657
47.480636634
48.0352332794
48.6994397702
49.5869743091
50.7527521747
51.5540320329
52.1928390222
52.8421838267
53.5549279186
54.3543189977
55.2826570051
56.431535938
58.0343724668
60.215167882
61.0852211423
61.7560087957
62.3948918025
63.0060313147
63.5948918814
64.1634982955
64.6828564184
65.1554881446
65.5921131728
65.9998883842
66.3838735992
66.7478026315
67.094524123
67.4262701333
67.7448282294
68.0512738428
68.3324056422
68.587581782
68.8228892809
69.0427885823
69.2644780192
69.4965503985
69.7406175223
69.9987571208
70.2605702299
70.5142563535
70.7605281377
Case #27:
0.87919911776
1.86257093585
2.99923901146
4.62594529975
7.34931517781
8.43019985608
9.20353549694
9.82695894166
10.3605305031
10.8345967148
11.2655033108
11.6632520957
12.0346504973
12.4043448051
12.7885035933
13.1889704462
13.6080174022
14.0484988465
14.5140847268
15.009629648
15.5417892997
16.1201231248
16.7592547927
17.4866063343
18.3691301515
19.5967146324
22.0120304417
23.0179489144
23.8671044176
24.6353457662
25.4286977001
26.25235461
27.1100798034
28.0064866409
28.9473344133
29.939971473
30.9940265249
32.1225425558
33.3208400682
34.2824965434
35.0540497961
35.6723186055
36.1886151867
36.7183892076
37.296750465
37.9643780028
38.7897597395
40.0102871616
40.9829748725
41.6464472015
42.3105104026
43.6067603364
44.7648876131
45.1662865795
45.5800897009
46.0577554861
46.6431576644
47.4820749213
49.0390535316
50.242473877
51.2031297615
52.0267878833
52.7593339463
53.4256283647
54.0414539004
54.7892177603
58.6190910463
60.3288148451
61.4278913412
62.3061454493
63.0581461896
63.5988366431
Case #28:
7.11617616115
14.3508004015
21.7099919782
29.2004159166
36.8293536911
44.6047861278
52.5354912189
60.6311602619
68.902536704
77.3615833649
86.0216854654
94.8978993052
104.007259798
113.369164841
123.005861374
132.943068075
143.210784804
153.844362163
164.8859413
176.386433775
188.408311903
201.029656174
214.350230144
228.500982298
243.659683205
260.07837049
278.135761849
298.449705439
322.16401248
351.930769914
398.894432113
407.953041789
412.003117199
416.529296703
421.794651085
429.508257527
435.170739686
440.446860419
447.896813673
449.83711968
453.80206188
457.356090964
461.895727959
467.515982962
474.31698461
482.039636455
490.352513101
496.96866805
506.044004134
513.619443514
524.409316475
532.145727366
537.684026851
542.995862807
549.025849445
553.90928446
558.912482072
563.972367512
569.090912464
574.270205626
579.512462679
584.820037356
590.195433798
595.641320363
601.160545109
606.756153209
612.431406596
618.189806198
624.035117196
629.971397826
636.003032334
642.13476887
648.371763234
654.719629618
661.184499784
667.773092432
674.492795
681.351760741
688.359024696
695.524643284
702.85986365
710.37733093
718.091344332
726.018176898
734.176479417
742.587797262
751.277241316
760.274373157
769.614394582
779.339780055
789.502572064
800.167701479
811.417954901
823.361713349
836.145624792
849.976704805
865.164185939
882.208230017
902.02202411
926.66652848
Case #29:
1.21605304294
2.58397111896
4.08686788952
4.67265504151
5.08995503996
5.66952586992
6.93598457239
8.14356435644
10.4182838906
11.2155366958
12.0024752475
12.8663366337
13.8127730169
14.5741526848
14.9830679741
15.3697209443
15.93848192
17.4259147459
18.5114650064
20.754654889
21.6410891089
22.6766422916
25.2537168184
26.8061198874
27.4478270315
28.4866692054
29.6386586933
30.1837483882
30.7537153811
31.5565904301
33.8670449448
34.8074352484
35.4184079766
35.8422973175
36.2148272404
36.9228347471
38.0718455653
39.1534653465
40.5300271475
41.1057405591
41.7621405279
42.5612434328
43.0093606709
43.4121648713
43.8592651161
44.4101505265
45.6099580817
46.9318540374
47.8814542488
48.533093329
49.3944161456
49.8616141018
50.2138613861
50.5594059406
50.904950495
51.2823934807
51.9809256792
53.6137488725
54.9366469661
56.0834230183
57.4393451489
58.9463744736
59.7515919546
60.7811413228
61.7148699861
62.8531353135
63.8768160867
64.8283433445
66.2255945076
67.7962305193
68.459960016
70.2362602854
71.5348337309
72.3393657434
72.8043589591
73.1669613576
73.57247658
74.0901688887
74.9901951451
75.9870786243
76.6782178218
77.450479723
79.0990257172
80.0633530339
80.7772056617
81.4202585568
82.8118811881
84.1872269831
85.1411327905
86.5975209113
87.2409240924
87.8168316832
88.4947158427
90.7497524507
92.4557561839
93.4306930693
94.2844411122
95.0270248094
96.5891089109
98.4578446468
Case #30:
6.19060323363
11.2808748488
15.7650270427
25.9755397595
34.4639034863
39.3436653064
48.9954058108
56.759191256
63.9344136307
70.9501785527
78.7981609966
93.28317121
103.041503659
116.989055568
122.542934594
131.39290348
140.264841481
147.9401463
155.720690028
161.853840641
168.956041418
174.473357637
184.610122002
196.472758097
206.962596682
217.42392424
228.062078903
238.886342513
249.90683852
261.134642859
272.581914337
284.262048926
296.189863508
308.381816283
320.856273186
333.633832616
346.737724896
360.194308621
374.033694249
388.290537259
403.005060858
418.224395086
434.004360867
450.411894269
467.528416368
485.45464288
503.725332414
512.757252918
520.66861224
529.297365329
539.490169898
549.195132654
555.91805672
564.623543324
583.046404375
595.029049761
603.447980918
611.324278937
624.878795416
636.262131637
650.996133903
663.039994255
672.471466781
678.158703478
689.5224486
701.634462198
712.809596022
723.148200454
732.814018456
741.923462064
750.562803966
758.798087563
766.681203811
774.253804871
781.549927313
788.597809701
795.421187779
802.040239828
808.47229119
814.732348942
820.833514248
826.787304948
832.60391116
838.292400161
843.860882327
849.316646813
854.666273457
859.915725811
865.070429047
870.13533564
875.114981099
880.013531514
884.834824362
889.582403687
894.259550585
898.869309731
903.414512563
907.897797624
912.321628471
916.688309504
Case #31:
12.6349053864
25.3552089367
32.9137251229
38.8633616418
44.2236558824
50.7749288031
58.1031140055
67.3856658977
79.8469130778
86.5528411597
94.2534694441
100.238679936
105.379905238
109.957328896
114.217753101
121.204264709
130.046543646
139.198414803
144.065055228
149.574796552
156.671875042
169.956730583
186.60463658
191.490109434
195.025368247
198.700785071
202.620269025
207.921027639
218.21379718
239.549865798
267.901548159
279.623964907
301.738427981
335.044224616
352.075389615
371.173379353
381.994429023
387.990642629
396.268827927
414.003320573
419.768100176
442.13870756
447.473833098
451.698212107
455.528922333
458.998899875
462.320132013
467.508308283
475.123027581
491.964910479
501.836246053
509.259902799
523.793138189
536.549177953
545.299930912
549.843502355
553.148641488
556.466313699
560.031421667
563.803678608
567.809257891
572.097605031
576.540875033
580.984145036
586.597225468
595.67207119
600.912538989
607.246211911
619.802287028
631.263628012
636.305529384
640.788401504
647.293492152
656.33188983
675.703354504
689.319647423
702.479242391
710.69196893
714.706821469
721.282007658
735.599791932
742.075248997
749.219400084
756.697295206
771.048868236
795.778912628
804.961330115
816.257763528
825.114565205
835.057290337
844.180991041
868.179036973
882.585858555
898.925549046
912.657770969
929.554743795
939.531292441
949.767912709
968.077574105
992.476488057
Case #32:
1.20147713835
2.38263307706
3.75721096446
5.4708861008
8.09236951165
12.328966774
15.0842073484
17.2514726485
19.0975439916
20.7332981608
22.2213967964
23.8291743033
25.7775582733
28.2548028553
32.4052468199
37.9883081414
42.6576076821
47.6092135817
52.5823775543
56.3921453399
59.6018196435
62.4285902076
65.5951699134
71.7407933832
75.2877340145
77.9337162131
80.0670918886
81.8334708705
83.3757739302
84.9226547863
86.5600148056
88.701112226
91.925673889
94.2962778792
Case #33:
2.90811351329
9.0675435277
15.8289669342
16.5138947593
17.3481489286
18.517605346
19.7101165822
20.9839846736
22.3884360734
24.1210927722
26.913138014
27.6186787713
28.1126444486
28.6403185902
29.3535671305
30.8759443403
33.7764287659
36.8549885032
39.1466470668
39.8790373872
40.4996451791
41.1004928622
41.6897561959
42.2706509433
42.8435238365
43.4086983055
43.9664766137
44.517141748
45.0609590968
45.5981779455
46.1290328119
46.6537446427
47.1725218882
47.68556147
48.1930496543
48.695162842
49.207313182
50.1112928937
51.556070814
53.0608520097
56.1034558662
58.0097174215
62.9226128088
67.0698016869
68.6920182536
69.8996635403
70.9060791353
71.7873047252
72.5809371441
73.3120917981
74.0172785228
74.7041975746
75.3741990918
76.0284746673
76.6680822505
77.2987261665
77.9545639711
79.3975234753
Case #34:
5.10377382537
9.3705777975
13.1128519785
16.4866244449
19.5831514883
22.4612811069
25.1615887311
27.7134535297
30.1389584885
32.4552002887
34.675736227
36.8115322768
38.8716076652
40.8634868783
42.7935250667
44.6671476654
46.4890303521
48.2632365511
49.9933241202
51.6824292615
53.3333333333
54.9485166372
56.5302021549
58.080391441
59.6008943231
61.0933536689
62.5592661851
Case #35:
1.18010012363
1.99207835549
2.74588722519
3.45248310132
4.11976187706
4.75363687973
5.35867283787
5.93848081568
6.49597582699
7.03355133488
7.55320123558
8.05676160696
8.5597627422
9.07213719183
9.59442935236
10.127238451
10.6712266036
11.2271284617
11.7957628508
12.3780469249
12.9750135369
13.5878327656
14.2197760967
14.9000759964
15.6526942268
16.5071913635
17.5213002311
18.8446029538
20.3111912418
21.4865954315
22.7126424015
24.0792038498
25.6496620301
27.0332887442
28.2283230681
30.2089671059
32.7287434784
34.6181261091
36.1152761138
37.4867858392
38.815863643
40.1064100682
41.4033795601
42.9524254564
44.436137774
45.5975715491
46.8515446384
48.0580894905
49.0134290869
49.8268886034
50.5870989038
51.3906949752
52.1529225407
52.9136490524
53.6990439645
54.5116750512
55.3545891111
56.2314472736
57.1467138092
58.1081890935
59.4360225909
60.3354157181
60.970008962
61.541744446
62.1417411257
62.7749115212
63.447454235
64.1675936457
64.9414396969
65.7801901641
66.7035680208
67.7439241893
68.9616779856
70.4993872085
Case #36:
13.8182180022
21.8740176868
30.6756636874
37.3847143597
45.2005025157
68.133939444
90.4751932887
99.2872085623
109.353162324
116.659360753
122.760952495
129.967035952
133.444686441
136.991428781
140.611552315
144.277777778
148.708497378
154.816663264
161.010070858
174.675417437
184.633399735
197.212274094
203.90078745
221.354146838
228.599684551
243.848297945
256.75
262.821056799
275.410331407
287.075256323
295.071744628
304.065055634
314.752551286
342.5
366.723636606
377.621689109
390.010363862
397.833961041
407.66060556
416.380432517
426.589173713
432.066444489
436.540437485
441.225035613
459.132456102
468.141182295
475.218254501
486.584325256
491.503858292
504.245783846
509.150693511
513.789279488
518.9511168
532.219544457
544.803635162
557.191378517
569.434518788
575.49578102
583.636154586
590.210772754
599.172370364
603.915261933
611.054835712
625.913150314
637.691918286
648.931157052
667.026285486
674.440382162
683.879058156
691.087805305
697.399203184
703.150836078
710.828615104
723.712104776
734.799340053
752.285350066
776.653327996
789.143323993
797.157183322
802.657134577
807.08719082
810.937203831
815.015165454
828.5
851.532998323
867.195181976
871.347553224
899.248966925
912.399263679
928.467733112
935.4
942.0
948.60477062
955.328382117
961.942588523
968.943925679
976.006171664
980.952777595
984.944383071
989.185610071
Case #37:
28.4170522945
50.0023050466
55.5076522235
61.3890005777
70.7127664878
75.7346630779
80.5396467887
85.624425955
90.9547394492
96.1479664747
110.113736323
116.569777729
121.046441073
135.144391391
144.104032672
151.53217064
159.014669244
166.570348203
174.753800093
181.789687517
187.309305421
196.939033117
210.947597078
221.811117099
231.455131239
239.825998767
248.511859976
255.114758356
274.305670186
293.140271224
300.748870018
306.541456692
311.809408632
317.78947607
321.900754094
329.343452601
347.71800994
356.885937657
378.632787463
384.912586496
402.061150751
413.249638873
417.673654586
422.151048619
427.458922017
436.517661387
482.469465906
492.291551034
506.117327519
529.727844163
537.61316279
544.607902146
551.17482513
557.383978978
561.831149408
565.686150511
569.940769143
574.689184894
580.529055028
595.829306024
603.808070222
612.191356439
622.585410137
627.031869514
636.437806406
654.154520413
660.701955045
669.984876885
683.475463134
700.969317332
708.224123862
713.315260094
723.444102776
748.819135502
756.95825025
768.868270331
773.826859821
778.831721697
790.927611856
797.410250328
802.62476406
808.427763399
818.308306801
832.037187136
840.345918224
845.757724019
850.205561238
855.222675564
862.278833715
866.472306759
870.135665628
873.813698904
879.754883103
884.497298937
890.500359792
906.747118001
911.212109753
915.213976994
934.607186177
963.180715029
Case #38:
0.788830656265
1.8799846433
4.53714884951
5.4789095284
6.35377080247
7.27595123085
8.25407615205
9.29876412398
10.4053504768
11.578009816
12.8302135735
14.1807474322
15.6572113471
17.3031944694
19.1327633415
20.5861214196
22.0874839341
24.1368501391
25.3291721103
26.4773866402
27.5166383625
28.5030182753
29.4713760208
30.6144078468
32.0984864376
34.1313565919
37.2864983745
38.9622805818
40.5639293681
41.7594178535
42.6308242263
43.4133138465
44.77510581
45.6861265575
46.4110008172
47.3167309996
48.6983537776
49.9958595089
51.3370541295
52.4198304384
Case #39:
6.44736904421
13.7291534109
21.9524174275
29.7095349239
35.6196871722
41.9870431828
47.4500676462
51.5487252972
57.4637312414
62.4127475693
71.6991948058
77.5405341589
86.4210170356
92.6644402327
99.7180515318
106.278977072
113.101896452
122.194767307
126.884603006
133.005393216
143.174022714
149.284749825
160.229022914
171.468563968
184.234720912
194.093433543
200.335958773
205.597829839
210.952159623
216.404000385
221.95888199
227.62287761
233.402681526
239.30570188
245.34017202
251.515285228
257.841359122
264.330038132
270.994545424
277.849999864
284.913819842
292.206244901
299.751020167
307.576310305
315.715944783
324.211154198
333.113057415
342.486339095
352.414898236
363.010936714
374.430458087
386.901757499
400.783362764
416.700255591
435.947187485
462.376580178
503.261347912
510.560888969
523.092075434
530.796757617
541.052647301
547.148723652
551.979080736
557.250155543
563.652830688
573.854549767
580.941865297
586.705645713
594.24043286
610.007158862
615.082038765
623.519475087
630.924939388
634.904875818
641.027197641
644.848573437
648.089280915
652.036937229
656.272487774
665.972556081
671.091396234
676.850595634
684.92196629
697.913497245
710.303567472
723.024627605
736.104712378
749.576052799
763.476011971
777.848307666
792.74463697
808.226877489
824.370136862
841.267088039
859.034322404
877.822003164
897.829192841
919.32955661
942.717585231
968.599815559
Case #40:
1.18902273461
1.919797768
2.43407994399
4.01098622687
4.80132517572
5.88433532613
6.82568678989
7.2215987302
7.62998361584
8.07350094645
8.48178202464
8.83569479754
9.16739205417
9.63417418433
11.2272353349
12.3386587047
12.9353615673
13.5177913297
14.5150329251
15.0397465597
15.5477311657
16.3084445788
18.1572111904
20.230712228
22.0055024045
22.6560198181
23.4641085176
24.1053242919
25.0384606756
25.7108067705
26.0823421998
26.4865263507
27.126446309
29.0642405919
29.7162159005
30.1014892226
30.6302378928
32.3289690246
32.9881848236
33.765733918
35.6099315193
36.8240840629
38.9351165626
39.7856340722
40.1878820498
40.7677081218
42.0901049493
42.8831763882
43.4815105871
44.1694704866
45.1442970179
46.6094913415
47.5747897605
48.1902996116
48.6929059555
49.1428922126
49.8242228843
52.8080954722
54.1861155232
56.6102894987
57.3789936695
58.9843049748
61.6423243675
62.4919415569
63.7362127907
64.7653522661
66.0188070213
66.7035729437
67.5981034113
68.491888808
69.3675854
69.9294699577
70.4909348269
71.619333746
72.1196232983
72.7125463493
74.8675859225
76.7236293951
79.5263910554
81.2969826953
83.4924652
84.6813819763
86.1145803711
87.8097682434
89.2067402227
90.4578266383
90.8799481404
91.2183734542
91.7181369908
92.5977458794
93.0642836366
93.5479371895
94.2605233986
94.8466289483
95.3073108474
95.718760313
96.0983643699
96.5269803228
97.1023679612
97.8148992551
Case #41:
0.860694917492
1.71244281013
2.55551702553
3.39017726974
4.21667054166
5.03523198687
5.84608567904
6.64944533626
7.44551497902
8.2344895352
9.01655539755
9.79189093788
10.5606669821
11.3230472499
12.0791887614
12.8292422154
13.5733523395
14.3116582165
15.0442935877
15.771387136
16.4930627495
17.209439768
17.9206332138
18.6267540064
19.3279091656
20.0242019999
20.7157322846
21.4025964287
22.0848876318
22.7626960314
23.4361088424
24.1052104879
24.7700827224
25.430804749
26.087453329
26.7401028863
27.3888256057
28.0336915263
28.6747686295
29.3121229227
29.9458185187
30.575917711
31.2024810453
31.8255673871
32.4452339865
33.0615365398
33.6745292475
34.28426487
34.8907947808
35.4941690171
36.0944363275
36.6916442185
37.2858389981
37.8770658175
38.4653687117
39.0507906374
39.6333735096
40.2131582365
40.7901847537
41.3644920553
41.9361182254
42.5051004674
43.0714751321
43.6352777448
44.1965430315
44.7553049439
45.3115966829
45.8654507222
46.41689883
46.9659720905
47.5127009243
48.057115108
48.5992437932
49.1391155246
49.6767582577
50.2121993755
50.7454657052
51.2765835331
51.8055786205
52.3324762178
52.8573010791
53.3800774748
53.9008292059
54.4195796156
54.9363516023
55.4511676307
55.9640497438
56.4750195737
56.9840983519
57.4913069202
57.9966657403
58.5001949033
59.0019141395
59.5018428268
Case #42:
1.30491932415
2.65266477529
3.12559795641
3.68068040658
4.81318079901
6.53759996534
8.37722064607
8.89265889207
9.29529251185
9.9134342271
11.5634277374
12.4210299747
13.030764669
13.710284397
14.639329959
15.3907895635
17.2508842404
18.9469650367
20.4925557853
21.5693966628
21.9755025237
22.3596640972
23.1614135489
23.8294371528
24.269152369
24.7868918516
25.5655727986
28.0049383016
29.0829207921
29.9133663366
31.2796863662
32.0501332871
32.7400560545
33.8135313531
34.738833678
35.5285980371
38.3099015953
39.7773124965
41.4830639729
42.0538701596
42.6472918126
43.5307626607
44.1446713972
44.8919734785
46.7205801462
47.9498667129
49.3618669693
50.1928271415
50.9422485864
51.6625380581
52.2265912492
52.7057621709
53.137735379
53.7002750695
54.8543158676
56.3717230008
57.0574813779
57.6898844913
58.4115857244
58.9114040249
59.335629559
59.7820356124
60.2487622706
60.693381494
61.114480198
61.5297029703
61.9449257426
62.388439498
62.9416166443
63.7941552756
65.1178253535
66.392039603
66.9985848576
67.6595663659
69.4037874104
70.0779320594
70.8988459943
73.4825720225
74.9734801426
76.5769142209
77.2879898423
77.7899984551
78.2262921312
78.7813333044
79.5878712871
80.519535922
82.4975247525
83.6867669702
84.2948340963
85.157605249
86.3835907918
86.8962543725
87.2994088365
87.92193563
88.8063622722
89.6442315248
91.0543245037
92.7519437579
93.9637809561
95.6782178218
Case #43:
17.8858491525
24.4980519712
28.4989255406
30.6811400613
33.1197864145
35.929629932
38.9391709804
45.5848193247
49.9306001513
55.2061777905
59.5742905936
63.1027747659
67.0303993226
70.7421857157
73.3906749146
75.7603152199
78.0504453562
Case #44:
2.20142366449
3.42690148379
5.75337407079
7.55470568292
8.70744719312
10.0347181738
11.7934226465
13.6699259038
15.4040580111
16.7404348442
18.5073687417
27.0343182829
28.8705392872
29.8505877061
30.6426924472
31.3801804253
32.0743520279
32.7320469197
33.3677013373
34.0264675139
34.701820364
35.3818614125
36.066689671
36.7564076858
37.4511217173
38.1504001225
38.8389968749
39.541020113
40.3502472572
41.3468521579
42.6626461572
43.922647426
45.0526749327
46.0726403961
47.3346429293
48.5935267819
49.7083730698
50.8923936747
51.9823296481
52.991456531
53.935459803
54.8255246088
55.6699594627
56.4751364006
57.2460694906
57.9867884568
58.7005896873
59.3902104917
60.0585115019
60.8091708079
61.8530449214
63.0065489924
64.0744544375
Case #45:
1.91914656917
3.22007446414
5.02879068296
6.98701843487
9.00768022596
11.0971582261
13.263002241
15.5142526493
17.8659101875
20.3423187355
22.9660894711
25.7838986643
28.8958063128
33.5496670694
37.9486792361
41.8085002884
48.9443159725
55.3436828036
59.167021409
61.0961716661
63.4999717355
67.7092667342
70.9484110623
73.5860721358
Case #46:
0.546351504827
1.11212356066
1.69954725968
2.32044465039
3.05449148958
3.9612560374
5.7738296384
8.02362407684
10.3024021943
11.5022092667
12.6855864338
13.8531907242
15.0056365092
16.1438791675
17.2978475727
18.4884523195
19.719421543
20.9951621398
22.3209465104
23.7031710584
25.1497233328
27.2274052409
29.1341340029
30.545752235
31.7162997482
32.6527213154
33.3680589616
34.1099147619
34.9176243059
35.8126356221
36.8314116327
38.046254239
39.6509290221
42.24986095
44.4619361802
46.1099064551
47.3028087019
48.4976931094
49.8336701566
51.3769680632
53.2766678365
Case #47:
1.8992088201
3.12123789529
4.09873263702
5.00758415527
5.91179292168
6.81142936828
7.70656216412
8.62946275394
9.72377812781
11.1755483439
13.4661883467
16.0396358602
18.7928251638
21.769678385
25.0355883277
28.6012187523
30.7294125762
32.1736179287
33.3561012775
34.5774307108
35.9481521434
37.5418092312
39.3761377584
41.2221185075
43.0663411002
44.9088105506
46.7495318488
48.5885099615
50.4554633541
54.7872197613
56.7884738933
58.022364875
Case #48:
0.68100914447
1.3564472062
2.02644871345
2.69114286585
3.35065382533
4.00510098686
4.65459923085
5.29925915857
5.939187312
6.57448637943
7.20525538783
7.831589883
8.45358209859
9.07142311871
9.69447171593
10.3292356949
10.976401875
11.636726928
12.3110477482
13.00029389
13.7055026008
14.4278371423
15.1686093254
15.9293075086
16.7116317684
17.5179735563
18.3523618451
19.2181059077
20.119031168
21.0598105857
22.046304136
23.1169308879
24.3331902934
25.778181887
27.6688378289
30.2974080113
32.011106217
33.2986377023
34.3852155151
35.4433988022
36.5078553749
37.5786981446
38.6560434513
39.7400112107
40.7569880455
41.5979143743
42.3448802215
43.1513277166
44.0774338679
45.1969040152
46.4510388943
47.7729682735
49.1750418137
50.6738870676
52.2928255128
54.066390075
56.0497329384
58.3069011833
60.7879063797
63.5468846226
66.7762098673
69.7864794461
70.2838458976
70.7706499728
71.2711826686
71.7866754678
72.318555773
72.8684935364
73.4384632095
74.030827655
74.6484543591
75.2938112393
75.9624643128
76.6553122896
77.3751886718
78.1255273952
78.9105576634
79.7355884892
80.6074392698
81.535120004
82.5309647652
83.5258867268
84.2619605089
84.8579532161
85.372344306
85.8315989004
86.2503740206
86.6377949314
Case #49:
3.07703346854
4.93138745255
7.77223187832
11.7231612719
12.8124644286
13.6687504091
14.5673418002
15.524353146
16.5529182328
17.6719821109
18.910700162
20.2653279684
21.0431269843
21.5622953221
21.9752508364
22.3438754005
22.6987512465
23.0415344815
23.385650362
23.7397462937
24.1047445058
24.4817186681
24.8719311769
25.2768831464
25.6983828355
26.1386415684
26.6004119944
27.0872611345
27.6070107747
28.1694354125
28.7871731502
29.4806934402
30.2874517601
31.2834338917
32.4318470712
33.7229891134
35.2286668089
37.1142401905
40.0568434457
43.2485328901
43.9913810733
45.4846585396
46.8818959829
47.9719746275
50.0473014365
51.319252061
52.1754475737
52.8671838503
53.4635883404
53.995739977
54.4735632093
54.9048176512
55.3009356796
55.6693202984
56.015111915
56.3528830038
56.6927600344
57.0347828954
57.3789927509
57.725432098
58.0743857488
58.4334105325
58.8073450622
59.1982172102
59.6085609987
60.041529221
60.4891817243
60.9445724439
61.4081171103
61.8802700681
62.3615294922
62.8524435457
63.3536176982
63.8657234806
64.3895090395
64.925811964
65.4755750122
66.0398969098
66.6278830477
67.2496811016
67.9118960755
68.6236123136
69.3979326013
70.2530301677
71.1791869401
72.1808719781
73.2885725049
74.9593374467
Case #50:
0.888558264938
1.77026609852
2.265674383
2.6906698646
3.07460412446
3.46185749778
3.87409021259
4.31686729125
4.79818975886
5.33031449713
5.93381655733
6.84759750936
8.84064737107
9.81639383494
10.3621160025
10.9574789473
11.6482146226
12.521875827
14.5470872445
16.1580352429
17.1000338199
18.1978695809
19.8215419546
20.6156963897
21.5550671004
22.9774287478
24.2010184833
24.9244675844
25.5647617565
26.2956798656
27.1759050478
28.3702995629
30.1757878464
31.2401373263
32.3386415068
33.9775608034
35.8576118979
36.7495375608
37.3927879988
37.923068642
38.3848011643
38.7992196103
39.1784387978
39.5301457074
39.8595801172
40.1725848875
40.4811052624
40.7866553149
41.0893192197
41.3891772491
41.6863060224
41.9807787336
42.2772952496
42.5822676738
42.8964901854
43.220859298
43.5564264366
43.9044382232
44.2663913234
44.6441088582
45.0398497472
45.4564701954
45.8976713756
46.3683972501
46.8755114666
47.4290379833
48.0446739795
48.7496622836
49.6000009485
50.7590828682
51.792512167
52.3986390022
53.1487063849
54.0574517952
54.8672432329
55.5117780116
56.063661
56.5541200557
Case #51:
1.38111853933
1.98868114748
2.51178372676
3.05055267286
3.6065269363
4.18146833179
4.77746160222
5.39700391144
6.04312899773
6.71958396043
7.43108882798
8.18373187474
8.9855990774
9.84783344708
10.6080454283
11.1465155139
11.6525786293
12.1611707186
12.6723300793
13.1860959858
13.702508724
14.2216096284
14.7434411206
15.2729987081
15.8429493232
16.4712570323
17.1806522396
18.0141060187
19.0755356197
20.890704065
Case #52:
4.00401194687
12.8026107377
16.7967198553
24.8133795241
30.4720252796
36.6810727372
46.1717884048
49.3942270399
52.6010648537
63.1151229277
70.27097451
74.5311914743
80.8481448581
85.3841373268
88.0396439284
96.6619390794
99.9062364719
105.376305887
113.98711185
120.028870208
123.456999335
Case #53:
17.2205814098
33.8549330351
47.797901992
62.4723762782
Case #54:
16.2372079771
26.8885141722
37.6012854899
55.2901836586
77.4944489518
90.3660263914
104.073719923
118.235733804
139.040445587
150.229714816
159.115574002
168.006342323
176.902027923
185.80263897
194.708183655
203.618670192
212.534106816
221.454501786
230.379863385
239.310199918
248.245519712
257.185831119
266.131142515
275.081462297
284.036798888
292.997160732
301.9625563
310.932994083
319.9084826
328.889030391
337.87464602
346.865338078
355.861115178
364.861985958
373.867959079
382.87904323
391.895247122
400.91657949
409.943049097
418.974664729
428.011435197
437.053369338
446.100476013
455.15276411
464.210242541
473.272920244
482.340806184
491.41390935
500.492238758
509.575803449
518.664612491
527.758674978
536.85800003
545.962596794
555.072474443
564.187642177
573.308109222
582.433884832
591.564978287
600.701398894
609.843155988
618.990258931
628.142717112
637.300539949
646.463736885
655.632317392
664.806290972
673.985667151
683.170455486
692.360665561
701.556306989
710.757389411
719.963922496
729.175915944
738.39337948
747.616322861
756.844755873
766.078688328
775.318130072
784.563090975
793.813580942
803.069609904
812.331187823
821.598324691
830.871030529
840.149315389
849.433189353
858.722662535
868.017745076
877.318447152
886.624778966
895.936750754
905.254372782
914.577655348
923.906608782
933.241243443
942.581569724
951.927598049
961.279338872
970.636802683
Case #55:
6.69386903952
13.4378674299
20.2331385619
27.0808699643
33.9822957272
40.9386990978
47.9514152671
55.0218343613
62.1514046599
69.341636059
76.5941038057
83.9104525271
91.292400586
98.7417447935
106.260365517
113.850232221
121.513409496
129.252063616
137.068469688
144.965019469
152.944229914
161.008752545
169.161383748
177.405076095
185.742950848
194.178311756
202.714660359
211.355712971
220.105419589
228.967984996
237.947892383
247.04992986
256.279220305
265.641255077
275.141932227
284.78759996
294.585106251
304.541855729
314.665875165
324.965889208
335.451408408
346.132832046
357.021568944
368.13018024
379.472549227
391.064084801
402.921967019
415.065445937
427.516208589
440.298834097
453.441364275
466.976027677
480.940170794
495.377473746
513.73762858
520.14463281
530.401283234
542.457337906
551.296530816
565.401994627
575.421073971
584.91796165
594.558354526
604.617415819
618.509127554
624.269624373
631.368525207
645.839936556
660.168176141
668.770271416
683.655106283
694.255537484
707.045886666
712.651135947
717.749712861
723.089071222
733.612741788
744.371336256
750.781315121
755.872499915
766.017585177
773.0841023
784.926752747
794.843351438
807.685142502
817.411058866
827.273118621
837.277204255
847.429634481
857.737210925
868.207271424
878.847751149
889.66725298
900.675128914
911.881574703
923.29774044
934.935860502
946.809407179
958.933273462
971.323992088
Case #56:
7.04909775145
10.0533247183
11.6758964479
14.7613030235
16.1834745737
18.1323139696
19.5345512232
26.3459228958
28.5522251061
30.0943843079
31.2177310948
32.3827790812
33.9791758733
37.481553239
39.1801661473
40.5950144281
42.1205504811
42.9770294567
43.9804741494
45.5421189255
48.5335125357
50.1857552412
51.1462283093
52.5031075083
54.9232598369
60.4028880114
62.8307667025
63.7703575992
67.5427693469
68.3184220302
69.1977872071
73.0916990755
74.167102232
74.9367025572
75.8395233867
76.9949552227
79.0384321944
80.6507995752
82.4524386618
84.1895187423
87.0710816594
90.457946628
93.330323055
94.1542840549
95.066783546
97.2956063082
99.1615989652
100.845075867
102.996114012
105.426705054
106.606270857
108.127991093
110.59170197
111.461260277
113.541634368
118.716939376
120.0604036
121.490003399
123.075519058
124.880989443
127.804052877
128.709193209
129.36156153
130.176414242
131.54435361
132.928908548
134.572956037
135.974091217
138.603981439
139.864188748
140.713927787
141.717110707
143.031338204
145.634618408
149.006184238
150.632199204
152.502842064
155.603118164
159.286714286
160.885247519
162.77472847
165.503453152
167.207171752
168.568503987
169.547185565
170.374577301
171.271303889
172.374618679
174.469582557
177.106625628
178.195402308
179.254706565
180.296178093
181.496076753
182.697362787
183.816311285
185.160726404
187.005465018
188.237316603
Case #57:
6.31268729901
11.2232250404
23.0447082156
40.340970665
50.7613007342
57.5448790792
63.3501415048
66.5991261439
70.1755938014
74.204572738
Case #58:
0.672677119146
1.42588375408
1.85187194504
2.20048179526
2.76861377887
4.6417248832
5.31491648067
6.54488353798
7.12123602491
7.83250876077
9.27941985377
10.6134726493
11.0435269035
11.5289810912
13.0834230183
15.0374798986
16.5240283873
16.9869302171
17.4156546241
18.3314466677
19.4033532667
21.036883217
21.9900594844
22.6094160157
23.3063388691
23.9362269633
24.6427502441
25.6191404056
26.1638227148
27.2030476404
27.885467212
28.3399494427
29.0196729716
29.784796934
30.4323035251
31.810108583
34.1041995342
36.0553963171
37.0061977218
37.968323483
40.2226273316
40.958865953
41.4625487509
42.0158920959
42.6944804099
43.9092294007
45.7340937933
46.3445544554
46.9267326733
47.7112767201
48.9888144676
49.7165841584
50.5091035324
51.8440594059
52.8088392506
53.4675654264
54.6156422076
55.6898844913
56.9129278252
57.5651236777
57.950787882
58.2709489832
58.5797848216
58.8789705641
59.1754072339
59.4992720795
59.8652755684
60.3215356563
61.8514851485
64.7623762376
66.4408633159
67.1212415362
67.9975293306
69.6905830893
70.483419753
71.441767318
72.8193069307
73.7348086796
74.254166072
74.8485556314
75.6183371599
76.7537221073
78.8616021431
80.3156197862
81.087442365
81.9227880909
82.8420173999
83.5548078832
85.2527198133
86.1166478261
86.718655754
87.2412466841
88.4324072467
89.3191327317
90.835909228
91.9729551334
93.674338012
94.5590207634
96.3740958342
98.4584845802
Case #59:
13.3448213986
21.9056852152
31.2997433741
36.9656901818
44.734058962
56.2638110084
68.2441581364
75.9507832307
89.8357986152
101.818697011
111.138150277
123.852597095
132.813080483
141.216347484
150.711210696
156.828055612
162.977909099
169.161311372
175.378817543
181.630998203
187.918440037
194.241746461
200.601538298
206.998454495
213.433152868
219.90631089
226.418626528
232.970819118
239.563630294
246.197824968
252.874192363
259.593547113
266.356730421
273.164611288
280.018087817
286.918088596
293.865574166
300.861538583
307.907011079
315.003057824
322.150783819
329.351334896
336.605899867
343.915712814
351.282055541
358.706260195
366.189712083
373.733852687
381.340182908
389.010266548
396.74573407
404.548286642
412.419700505
420.361831695
428.376621155
436.466100275
444.6323969
452.877741875
461.204476153
469.615058566
478.1120743
486.698244183
495.376434857
504.149669959
513.021142433
521.994228105
531.072500691
540.259748431
549.55999256
558.977507883
568.516845733
578.18285969
587.980734449
597.916018331
607.994660024
618.223050238
628.608069099
639.157140286
649.878293128
660.780234111
671.872429646
683.165202295
694.669843268
706.39874466
718.365555859
730.585369724
743.074945796
755.852979947
768.940432851
782.360933778
796.141281943
810.312075882
824.908513228
839.971420912
855.54860254
871.696631135
888.483281601
905.990906223
924.321242694
943.602476236
Case #60:
0.357276286291
1.83723430835
3.17769407995
3.97012226827
4.80066841341
5.87257372412
6.94246367785
8.75420896025
10.8410315351
13.1449850359
14.3112282663
14.9035146521
15.3411030643
15.947931955
16.8644729982
18.0985643402
18.8337217707
19.368659753
20.6253197736
21.1184386479
22.2505808908
22.9753604138
23.4474810439
24.0003615375
25.0919848394
26.6006411501
27.1178811161
27.718978166
28.8670638414
29.9536600974
31.0551211627
33.1920534692
33.9365164336
34.6568176836
35.9778082204
36.6738184804
37.0350612358
37.4236276202
38.2311124569
38.785661371
39.15434983
39.6218616353
40.5281904207
41.544150905
43.1011649933
43.8416510935
44.6136568935
46.8962854958
47.7343692248
48.5822146224
49.2072470576
50.0438977128
53.5219230246
54.8625523316
55.6574461469
56.6756914282
57.5003688562
58.1448570457
59.2608785096
61.5771495116
62.7841582536
63.9661239886
65.2858817115
67.3396051023
68.6903664971
69.3799600225
70.8900044755
72.1293838728
73.8649807534
74.3489285039
74.761854465
75.1385945277
75.6113969782
76.3516449305
76.8590308626
77.2718639643
77.7982748062
78.4208767238
78.8348951683
79.18524515
79.8112067948
81.3221521665
82.0252635103
83.4892947418
84.1560860398
85.4873863794
85.9907900369
86.4734673895
89.2602528256
89.8921842137
90.3244624332
90.9840260816
92.8144400585
94.3964199109
95.1363587065
95.6900746261
96.1431209426
96.6200831982
97.1786958023
98.1300268229
Case #61:
29.9429075936
55.2548583514
Case #62:
6.3995049537
12.7426104393
20.9699597295
28.847257619
52.6565532346
62.9719124734
72.8544658158
80.2384050981
88.4054360876
102.249417089
116.462093837
133.814372201
140.759248248
162.850358201
170.703041908
182.389788283
188.063802605
193.542984894
210.496045007
223.614268578
236.263282167
253.857078577
280.817252297
285.416819117
291.991094296
313.113616496
323.797059045
327.650277563
338.693032047
352.768359039
358.287722272
365.257691537
376.293840685
380.444379738
384.566031071
389.430728295
396.755769356
409.845536388
418.207208545
425.502933941
433.080509895
441.358156938
455.911248429
464.907566814
489.699823834
499.552797738
512.551107171
525.25586018
530.842857991
535.319628437
539.437593693
543.584773162
547.841260571
552.999065489
561.884899235
581.823406479
592.000362988
602.088871408
612.416494893
623.452530934
638.887138469
646.618948565
653.380883798
661.65793703
669.46630144
675.229237542
686.144467053
693.807840138
699.051649099
709.397552174
715.318354875
725.598774117
735.756251684
740.978849013
745.546168163
758.910572393
768.001346184
790.025962084
798.681206314
810.497014337
827.322633145
834.122499823
838.390806015
849.481302351
857.659211806
862.965677279
869.71952068
888.750907738
896.567683356
901.636011998
906.790917231
913.133690622
921.733693402
931.833968162
936.466734584
941.231945144
948.723674411
970.491519768
980.379176859
989.351881633
Case #63:
0.182008354394
0.362251169983
0.540778850097
0.71763944453
0.892878800578
1.06654070184
1.23866699599
1.40929771249
1.57847117136
1.74622408362
1.91259164436
2.07760761889
2.24130442283
2.40371319641
2.56486387367
2.72478524682
2.88350502636
3.04104989709
3.19744557054
3.35271683388
3.50688759587
3.65998092974
3.81201911361
3.96302366824
4.11301539263
4.26201439748
4.41004013663
4.5571114367
4.70324652511
4.84846305636
4.99277813697
5.13620834902
5.27876977233
5.42047800557
5.56134818612
5.70139500899
5.84063274467
5.97907525615
6.11673601497
6.25362811657
6.38976429483
6.52515693583
6.65981809109
6.79375949003
6.9269925519
7.05952839718
7.19137785837
7.32255149032
7.45305958016
7.58291215661
7.71211899905
7.84068964611
7.96863340384
8.09595935363
8.22267635967
8.34879307622
8.47431795446
8.5992592491
8.72362502474
8.84742316193
8.970661363
9.09334715765
9.21548790831
9.33709081531
9.45816292183
9.57871111867
9.6987421488
9.81826261178
9.937278968
10.0557975427
10.1738245301
10.2913659967
10.4084278856
10.5250160194
10.6411361039
10.7567937313
10.8719943832
10.986743434
11.1010461533
11.2149077091
11.3283331706
11.4413275105
11.5538956076
11.6660422495
11.777772135
11.889089876
Case #64:
0.71753042738
1.25047814005
1.69425683523
2.08406255037
2.47227323558
2.87966059204
3.30938274788
3.76557342177
4.25382452322
4.78202741226
5.36196491881
6.01269325296
6.81911960639
7.97973949224
10.1807624992
11.0922937255
11.8190681473
12.8081712736
14.7215600415
15.637372132
16.4737481632
17.2896558139
18.6348901135
20.0511731618
20.5852080885
20.9892540189
21.3769039173
21.8330666222
22.3791087136
22.9601312322
23.5756765837
24.2327443588
24.9410774904
25.7149550575
26.5768493161
27.5660619949
28.7644901246
30.3897224522
32.1478992897
33.7887520595
35.3014581409
36.2640102481
36.9575834094
37.5291450733
38.0267326622
38.4732833313
38.8818755788
39.2608045712
39.6157230814
39.9506883721
40.2852540572
40.6551264943
41.075616709
41.5758581661
42.2210661519
42.9869862951
43.8833911245
45.0148697223
45.9780261616
46.7518803227
47.5672669692
48.4432206021
49.4954031162
50.9063051708
52.6011357793
53.4254852559
54.3377770913
55.316086026
56.323671806
57.3338001828
58.1049978494
58.7207735971
59.2487933203
59.718434289
60.1583710565
60.9612774564
61.7978750155
62.2049928004
62.5811760672
62.9437940483
63.2942163057
63.6335963739
63.962916653
64.3004914417
64.6820801081
65.1319872989
65.7097349755
Case #65:
5.72452091385
11.4850997128
17.2824264734
23.1172135684
28.9901966883
34.9021359244
40.8538169167
46.8460520728
52.8796818624
58.9555761933
65.0746358756
71.2377941805
77.4460185023
83.7003121308
90.0017161443
96.3513114324
102.750220861
109.199611591
115.700697562
122.254742161
128.863061092
135.527025455
142.24806507
149.027672059
155.867404715
162.768891684
169.733836492
176.764022459
183.861318029
191.027682569
198.265172689
205.575949135
212.962284324
220.426570593
227.971329253
235.59922054
243.313054567
251.115803427
259.010614569
267.000825637
275.089980957
283.281849914
291.580447481
299.990057224
308.515257149
317.160948841
325.932390421
334.835233943
343.875567995
353.059966412
362.395544206
371.890022076
381.551801146
391.390049999
401.414806571
411.63709813
422.069083414
432.724222165
443.617478789
454.765568927
466.187260566
477.903745155
489.939099752
502.99877329
527.377814169
550.112046106
580.329846788
605.80546421
610.8909991
620.732907193
631.304951929
646.616937827
656.023655747
672.455132007
679.507208861
691.770211885
704.417065358
718.016795705
726.964603117
736.311863859
749.847205745
759.296431057
766.288766653
777.526631728
797.201595553
813.723760744
829.129471451
843.760187017
857.722286776
871.099834
883.960627023
896.360291195
908.345135325
919.954200082
931.220761334
942.173455857
952.837139257
963.23355008
973.381831081
983.298943497
Case #66:
2.60778472159
4.09345523089
5.80525580114
8.17224037684
17.1404806666
24.3439515185
26.0671686942
26.8306004026
27.5219524729
28.1584525813
28.7513950829
29.3381513552
30.1536739047
31.2446931886
32.8964442985
34.5929335124
35.6110395793
36.440365148
37.300927972
38.2279774665
39.2398166479
40.3535532008
41.4345403671
42.4454281577
43.3983081685
44.3021501981
45.163826115
45.988738613
46.781226625
47.5562156373
48.3469772867
49.1565613341
49.9863794863
50.8380292687
51.6743206741
52.4332402823
53.1266984267
53.6566351221
54.0753304968
54.4776622271
54.8937728571
55.3251831956
55.7737162682
56.2415887418
56.7315413175
57.2470305429
57.7925216087
58.3739558757
58.9995404863
59.681181565
60.4332088042
61.2591508846
62.1825678703
63.2491808003
64.558086186
66.4423495481
71.2219719586
72.8220807272
73.6946199067
74.4421380062
75.1088099301
75.7162874588
76.2758053832
76.7862080061
77.2570222123
77.6962407251
78.1114349682
78.5451568976
79.0208549535
79.5537517302
80.171359381
80.9345788019
82.0603414903
Case #67:
49.2004195042
102.224856294
160.133563796
224.59170755
298.50220771
387.879756398
408.031388323
416.086564723
424.560496059
433.877718427
441.089763522
451.045369217
455.339647896
464.819160099
471.269537626
478.69801884
487.988483782
496.25264556
503.311386328
512.999860542
526.081106023
533.50745352
544.395386728
550.389699168
555.732212539
561.083963185
566.444999187
571.815369044
577.19512168
582.584306444
587.982973124
593.391171944
598.808953575
604.236369137
609.673470207
615.120308824
620.576937495
626.043409198
631.519777394
637.006096028
642.502419536
648.008802856
653.525301425
659.051971195
664.588868634
670.136050737
675.693575026
681.261499566
686.839882963
692.428784378
698.028263532
703.638380712
709.259196781
714.890773184
720.533171956
726.186455731
731.850687749
737.525931867
743.212252561
748.909714942
754.618384759
760.338328414
766.069612963
771.812306132
777.566476323
783.332192623
789.109524818
794.898543397
800.699319566
806.511925257
812.336433138
818.172916626
824.021449892
829.882107879
835.75496631
841.640101698
847.537591359
853.447513426
859.369946858
865.304971452
871.252667858
877.213117591
883.186403044
889.172607499
895.171815145
901.184111088
907.209581366
913.248312966
919.300393833
925.365912892
931.444960058
937.537626252
943.644003419
949.764184546
955.898263671
962.046335907
968.208497458
974.384845634
980.575478869
986.780496744
Case #68:
7.22779641878
11.8584702238
14.7394245522
16.8572401798
18.9411087585
21.0949986667
23.429378743
27.2532589474
33.2180283828
36.3108686987
39.9085638324
48.8057447394
54.0717263577
61.9869362941
66.8776034162
74.0529805307
78.8107948137
82.8061611421
Case #69:
1.06059602396
2.01603320694
2.91357001329
3.7626087136
4.57025273914
5.34202417497
6.08231668705
6.79469416509
7.50977539686
8.3315085556
9.40102861842
11.4337908116
12.7366689239
13.5418209719
14.1821119358
14.7302486168
15.2173210463
15.6600883718
16.0696420136
16.4885792927
16.9431432666
17.4443436641
18.0103924311
18.6757768987
19.486752231
20.3811653128
21.3674622607
22.4815849658
23.8703174019
26.1704245806
26.9218388805
27.5459506538
28.5052156056
28.9086306936
29.2045106999
29.4613403934
29.6920236992
29.9032189956
30.1017482488
30.3044627214
30.5144565394
30.7325752028
30.9598417807
31.1942096723
31.4301250718
31.6674780102
31.9062950911
32.1466037487
32.3884322848
32.6318099078
32.8767667738
33.12333403
33.3715438614
33.6214295393
33.8730254739
34.1263672691
34.3814917816
34.6384371837
34.8972430293
35.1579503257
35.420601609
35.6852410254
35.9519144177
36.2323654788
36.5601162614
36.9741182646
37.6485688201
41.7207885992
43.458365789
43.926347486
44.3059414615
44.8222997818
45.534241649
46.0955939401
46.7061630428
47.5183122008
48.4348676029
49.4474029094
50.5891695144
51.9276049011
53.2773313669
53.6496684654
53.8938536842
54.0933758001
54.2872441051
54.4803786376
54.6727876667
54.8644793077
55.0554615253
55.2457421382
55.4353288225
55.6242291151
55.8124504178
Case #70:
0.694850928292
1.07095151109
1.41282022362
1.75803906412
2.10670849477
2.45893410148
2.81482696736
3.17310357671
3.52506417597
3.8695975531
4.20715495681
4.53814371273
4.86293298559
5.1818586044
5.49522713053
5.8033193088
6.10639301249
6.40468576986
6.69841694289
6.98778961484
7.27299223292
7.55420004377
7.83157635287
8.10527363354
8.37543450692
8.64219261084
8.90567337257
9.16599469817
9.42326758913
9.67759669554
9.9290808135
10.1778133336
10.4238826461
10.6673725079
10.9083623756
11.1469277085
11.3831402445
11.6170682521
11.8487767608
12.0783277723
12.3057804543
12.5311913186
12.754614385
12.9761013325
13.1957016389
13.41346271
13.6294299987
13.8436471163
14.056155935
14.2669966834
14.4762080359
14.6838271947
14.8898899679
15.094430841
15.2974830445
15.499078617
15.6992484641
15.8980224136
16.0954292677
16.2914968515
16.4862520588
16.6797208951
16.8719285184
17.062899277
17.2526567458
17.4412237603
17.6286224484
17.8148742608
Case #71:
0.458019735679
1.81474135848
3.88131953263
5.70606974859
6.56960755763
7.19706565338
7.80331812411
8.42677267356
9.06902343634
9.7365774563
10.4361962495
11.1729986186
11.9536302152
12.7869891814
13.6854664222
14.550121106
15.1748851177
15.6822495755
16.1207678686
16.512609539
16.8701109362
17.2009755284
17.5103960377
17.8020696134
18.0794930256
18.357016587
18.639582514
18.9274760678
19.2249114662
19.5438288119
19.8903103658
20.273044459
20.7065493047
21.2187840609
21.8800269977
22.4792886044
22.8320830868
23.1115310953
23.3813705646
23.6512366532
23.9211293691
24.1910487202
24.4609947144
24.7309673594
25.0009666634
25.270992634
25.5410452793
25.8111246071
26.0830344577
26.391459076
26.7812369133
27.3079387219
27.7955713256
28.232048009
28.6307265929
Case #72:
1.07586326174
1.94307350495
2.61358361448
3.12669352007
3.63841612104
4.19671447568
4.81723349307
5.52702192779
6.37037123309
7.33324250431
8.45134851849
9.8387696884
11.9204092924
15.4560051148
16.4344773078
17.131156148
17.773759567
18.4128607458
19.0485163303
19.6807814557
20.309709802
20.9353536478
21.5577639205
22.176990245
22.7930809896
23.4060833103
24.0160755678
24.6807676915
25.6376625052
29.1735698856
30.1914975766
30.9797378889
31.8625027643
33.0510328457
34.233300386
35.6635324962
37.6300131507
41.9715062007
44.4346482082
46.2707529945
49.9940783594
51.1671706011
52.1456029979
53.086134743
53.9928561672
54.8691708661
55.717947033
56.5992279047
57.6319532925
58.3996435433
59.0216013476
59.6697735607
60.5695170506
62.7861326809
64.2272774701
65.1585379907
65.9035530874
66.5622339141
67.1893394434
67.7895008223
68.3687965155
68.939201955
69.5019999532
70.0574870062
70.6059408367
71.1507177948
71.7606166215
72.5413188057
73.8085117905
75.1431953286
76.4504813368
77.7319907914
78.9891908646
80.3964681922
82.3347057915
83.2662333409
83.8994894804
84.4611552888
85.0465674469
85.6615370519
86.31828796
87.0931768628
88.1186480422
Case #73:
21.2053834816
30.6848108471
43.1184915109
51.3504293354
57.9126341397
63.4285620555
68.5307102435
73.4848680329
78.3032115264
82.9963334387
88.2166781405
94.9127905845
104.253750651
120.823137998
144.22254202
150.294797454
157.15206182
183.767856026
193.815913246
203.664943253
208.566398557
220.981590033
228.274384983
245.982197002
259.859700845
266.712326112
288.682456638
292.106185639
296.595949021
318.832467609
323.365900481
333.408682874
363.423249511
384.148370475
397.614975271
402.971490095
408.141049116
416.555165414
434.493703218
440.107450517
453.130231191
461.073652339
466.30355202
472.541637603
480.238456095
494.428299149
499.362086541
504.143713404
509.260321995
514.748289298
529.48931281
545.62925298
550.815984715
556.233999775
562.020602568
578.058734994
587.697024816
595.39337555
604.637048022
627.199837332
637.773126205
655.842004576
664.371022578
674.692752774
684.462868022
690.131879904
699.631796665
705.801527909
711.859353359
726.700514171
739.085555464
758.467380732
772.678854171
789.64961854
810.82329733
815.835733224
820.121569396
824.10270842
830.92284776
840.714948064
845.31238353
848.878440516
852.965255084
858.439962216
873.305130157
879.392570118
902.212814831
910.469368037
914.246351569
919.304270455
928.030141889
937.081948133
941.47330452
953.800833114
972.749476356
980.969497391
985.248233047
988.951259902
992.262721356
995.293372023
Case #74:
12.0309220188
20.3486922543
33.5032587911
41.8191330864
52.5402068041
73.2519701368
94.1174641749
101.805679012
110.499627919
121.599153784
133.481832294
149.678453991
161.143456126
178.879556566
193.41402356
211.279803448
231.28436374
252.700177468
275.876163612
301.334233598
329.920210168
363.183276489
404.641158046
467.989719561
508.558669447
515.027573797
523.007350931
529.710014143
536.872225192
543.602048233
552.060486462
562.108930796
571.25043102
576.206633171
581.728451972
589.093340307
595.458268547
599.994130891
606.302930821
611.518331868
619.204110943
630.753294378
643.382184409
650.920279295
659.15484261
665.864178034
671.899450066
675.948342183
681.75918947
692.609292832
699.526719241
704.870302766
710.18518143
715.463107439
720.704841003
725.911116612
731.082644251
736.220110518
741.324179694
746.395494748
751.434678274
756.442333394
761.41904459
766.365378509
771.281884708
776.169096376
781.027531001
785.857691011
790.660064384
795.435125222
800.183334293
804.905139557
809.600976653
814.271269372
818.916430102
823.536860252
828.13295066
832.705081973
837.253625023
841.778941171
846.281382645
850.76129286
855.219006724
859.654850926
864.069144225
868.462197705
872.834315041
877.185792738
881.51692037
885.827980799
890.119250398
894.39099925
898.643491354
902.876984808
907.091732
911.287979774
915.465969607
919.625937767
923.76811547
927.892729029
Case #75:
1.87706152331
2.78774789414
5.00057534466
7.48077208836
9.2584057614
9.86895622348
10.296522272
10.8014796303
11.6081680302
13.4922633278
14.1840415463
14.7045085369
15.1399461558
15.5220041061
15.866524805
16.1827865687
16.4767779999
16.7526308383
17.013358386
17.2689617799
17.5263903245
17.785683685
18.0468829846
18.3100308803
18.5751716448
18.8423512527
19.1120836928
19.3886714554
19.6737327055
19.9680974927
20.2931114551
20.7159306954
21.3710185725
22.1124543488
22.8957181195
23.7288055398
24.622639444
25.5928339525
26.6631186461
27.8728574976
29.2969423532
30.5455498948
31.0476098707
31.4901349746
31.9696427476
32.497322527
33.0914881655
33.7862227894
34.8244338964
35.8905427322
36.4654811359
37.1163413724
37.8992283305
38.9780052817
40.859125603
41.9333725271
42.8585030631
43.735035227
44.6291636568
45.5364343718
46.4286308552
47.3035147095
48.1569491835
48.8557651447
49.4435909468
Case #76:
0.710773346039
1.03502001329
1.32744385074
1.63236839616
1.95154861056
2.28719308716
2.64214744577
3.02015920039
3.41439964589
3.81722232653
4.22921338817
4.65102889998
5.08340712131
5.5271836826
5.98331057368
6.44358807887
6.89789357526
7.34644182209
7.7894463039
8.22710762887
8.6596145906
9.08714511985
9.50986713999
9.92793933766
10.313106549
10.6349885602
10.916635237
11.1701777252
11.402653816
11.6185778023
11.8210504982
12.0122729768
12.1857883927
12.3408985544
12.4824538428
12.6134875808
12.7360465629
12.8515891855
12.9611981129
13.0680489824
13.1817663849
13.3050492709
13.4408146334
13.5938555266
13.7731492774
Case #77:
14.7060554087
19.3875371194
25.7209249461
31.2697182244
38.1253571661
Case #78:
11.5248126024
16.910855818
22.9767890906
30.8006063893
47.3548077221
Case #79:
0.459393973656
0.920448650721
1.4012386689
1.9490349506
2.60521430416
3.48244807345
5.64206383062
7.11677245953
8.0078543025
8.99652367365
11.0611450455
11.9437744413
12.6159180253
13.3405225305
17.5636066857
20.2788314282
21.2228524714
21.9051631195
22.4716978556
22.9668133324
23.4121905311
23.8203552101
24.1993199942
24.5545780547
24.8900898087
25.2088222297
25.5130662402
25.8046345307
26.0849906478
26.355336464
26.6166733397
26.869846048
27.1178361938
27.3769713526
27.6526308816
27.9484477248
28.2696203926
28.6240603564
29.0249187812
29.4973023822
30.0987059467
30.7074721053
31.2404394128
31.7203894432
32.1605640762
32.5694677898
32.9529474088
33.3216568504
33.6874111883
34.0512968458
34.4903933958
35.2850659344
36.4405900322
37.8565525541
39.8847966784
42.6106230092
43.0902445704
43.4372499489
43.7298272085
43.9876112655
44.2330389149
44.4840976024
44.7412375267
45.0049232422
45.2756816462
45.5541143611
45.8409134705
46.1368817912
46.4429593881
46.760258859
47.0901132159
47.4341423396
47.7943476541
48.1732512159
48.5741076953
49.0012422082
49.4606194934
49.9608737275
50.5153577903
51.1422363238
51.7478410779
52.2972300536
52.8036473704
53.2758323656
53.7199111611
54.1427540304
54.5777393026
55.0375210282
55.5268954091
56.0516151669
56.5294758362
56.9343911871
57.299735
57.648576415
57.9832772165
58.3569051293
Case #80:
2.46165051446
3.01644073484
3.48706836783
3.98489185882
4.51525335132
5.08551319519
5.70631236517
6.38866019281
7.1244253194
7.92399599093
10.8068485969
19.2205537839
21.1150209028
23.0369806428
25.1095671053
26.4222454849
27.5620862318
29.401305891
34.053104771
35.5825110715
36.5036557688
37.2304271349
37.8503083328
38.4123194702
38.9600051913
39.4959424476
40.0208563432
40.5354003281
41.0403810832
41.5791564533
42.2077378615
42.9956966056
44.2151605535
46.0980919314
48.4479757868
50.5554468434
Case #81:
36.0482363978
Case #82:
4.36168347778
5.44878201109
6.19025767023
6.79140243328
7.32464597815
7.86367461677
8.41556473104
8.98128340259
9.5619253482
10.1587342183
10.7730639725
11.4065228176
12.0610174125
12.738793914
13.4425291647
14.1754560182
14.9415398563
15.7457344425
16.5943656011
17.4957306964
18.4610838764
19.5063623246
20.5145198463
21.1757267098
22.2627366529
23.4323462198
24.2683488883
25.0261359227
25.7466808742
26.4349882264
27.0999278893
29.0210403062
30.3358774814
31.3831748282
32.4286282546
35.4114605765
38.072908396
39.3909206855
40.2116334482
40.908341262
41.589274189
42.3638809541
43.2897120746
44.5201531448
48.1151445971
51.1683696756
54.9104946828
58.7773691761
59.2861671778
59.911852805
60.7403939573
61.6341383652
62.6073304306
63.6858901284
64.9139236227
66.3790271319
67.6648882295
68.2744912966
68.9664401774
Case #83:
1.28839475211
2.04862428829
2.73411660735
3.50130621036
5.09778686153
8.32777468073
9.46846373049
10.3384617025
11.1813388918
12.033269612
12.894552024
13.7655010225
14.6464495814
15.5377502413
16.4397767579
17.3529259338
18.2790119442
19.24037179
20.2070021255
21.1773658193
22.1588039554
23.1517045841
24.1564789614
25.17356354
26.2034221848
27.2465486456
28.3034693242
29.3747463797
30.4654204476
31.6172159068
32.8529133029
34.1925237263
35.5616967587
36.9073044977
38.6226727512
40.969010324
44.1952070377
51.7312247877
54.9917679525
56.9264788869
61.5879824557
63.4890523836
64.8265409089
66.042728472
67.4501680948
69.1956584653
70.8152288475
71.638066519
72.5483005295
73.609683595
74.7500153468
76.4859799465
79.0296588117
80.6048206893
81.7974837863
82.8389647648
84.3301531779
88.4967296973
90.9574522405
Case #84:
3.82886182559
7.55364395984
10.5428113035
11.3839020569
13.1858648361
14.1816527165
14.9250560993
15.5522665707
16.1061512869
16.6402713836
17.1739700903
17.7072484025
18.2401073124
18.7725478077
19.3050468646
19.8397821025
20.3770533237
20.9168969547
21.4593503027
22.0044515854
22.5522399626
23.1027555686
23.6560395473
24.2121340873
24.77108246
25.3329290585
25.8977194389
26.4655003636
27.0363198461
27.6102271988
28.1872730823
28.7675095581
29.3509901428
29.9377698662
30.5279053316
31.1214547798
31.7184781559
32.3190371801
32.923195422
33.5310183795
34.1426877212
34.7611998567
35.3892122459
36.0316554826
36.6900458775
37.3656334465
38.0598405793
38.7742972745
39.5832858262
41.8957702081
43.6070128243
44.6545716897
45.5738038304
47.2044418559
49.3695308245
51.8582163221
58.9763154878
62.494511449
64.0638186096
65.2800264151
66.6252046719
68.5170593957
70.5055395939
72.3064870956
75.2730880435
Case #85:
4.39768511183
10.0646743366
11.1197609671
11.8966199941
12.5811484541
13.2003813851
13.7735880478
14.3109363083
14.819358484
15.3031762218
15.7656495704
16.2167321685
16.7129706811
17.2962737658
18.1602908981
20.1172404957
21.116028787
21.9328052682
22.6411485836
23.2847293687
23.9501813513
24.6599478023
25.4242723536
26.2580834625
27.1846884452
28.2443517729
29.519168018
30.7208423507
31.3798431003
31.9025225744
32.476797412
34.1295117326
34.8800795881
35.5174872504
36.4300267225
37.5005809245
38.5633461465
39.3262594071
40.1626181634
42.4510400155
43.8260465289
45.3591546074
47.1476067647
47.6762221678
48.0775476107
48.4932724736
48.9996623464
49.710853762
50.749002828
51.51054066
52.1264535719
52.6577511479
53.1335532702
53.5932700578
54.0489331157
54.6783679957
56.0461463743
Case #86:
6.04306073707
19.4707026615
33.8130327699
46.9200878718
59.3104179512
67.6704927031
71.6437708647
81.1216342668
86.2807767148
94.8662708494
100.694717111
105.193496838
110.187518909
121.934627833
136.656334518
173.751187156
190.676030803
200.806598306
218.334022579
224.764260521
234.024391779
239.357470511
244.314542826
253.789733698
259.277126563
266.693430758
277.214499101
288.723041471
302.079455646
317.207722454
321.507054339
345.384565681
353.791345959
362.086648181
369.112471589
372.909661875
378.160549241
388.422820059
396.185038361
409.738297266
426.127137964
439.90730067
447.762628352
461.910195507
471.000491479
475.076463232
478.68620378
482.405435003
495.176698311
517.569500072
534.262660152
540.814541785
553.089506145
584.298304001
600.112702574
Case #87:
14.0784117962
22.2251348666
29.5326212766
42.8173582511
50.1167845613
65.0834127408
71.5854383061
87.1328083503
96.3043579083
103.01972482
110.460706506
125.220054452
131.543421971
142.395608098
150.543402805
171.667489189
181.191391155
192.868766043
199.425453522
204.589942674
210.392208441
215.781402416
220.597107726
228.080741303
239.204971589
254.083576871
287.979099645
309.70822135
333.075194602
345.208673553
350.902165475
375.502422468
385.086381602
389.238505574
393.670707974
398.954472416
406.084766898
425.661007857
433.185862931
442.707455901
454.035137336
474.022425943
487.415986903
496.460130815
508.791508731
Case #88:
0.929345356599
1.64880475996
2.2575229178
2.79487151737
3.28127746425
3.72895888113
4.14591320674
4.53771386411
4.90842896909
5.26506638639
5.6187167232
5.96991868409
6.31872242719
6.66517642109
7.00932449599
7.34705431054
7.6752280452
7.99461369891
8.34175708358
8.80079950588
9.51908552975
10.5804421917
11.5955075999
11.9918198464
12.3173189638
12.6377811221
12.9534572045
13.2645554522
13.5712694301
13.8737794345
14.177817577
14.5124214891
14.8946143207
15.3342552344
15.811356094
16.3348438725
16.9216382641
17.4953454899
17.9581854842
18.4561608663
19.9710218331
21.1645921695
21.7357179129
22.1807600635
22.5965971192
22.9976188046
23.4617103593
24.2454645795
24.7221394238
25.0445842261
25.3540334481
25.6936534676
26.0744878983
26.5166091558
27.0649284266
27.8858481082
28.6343179568
29.02984011
29.4046517805
29.8494854669
30.4299810068
31.3355573045
31.9398337037
32.3848390583
32.7714298299
33.119484101
33.4532898984
33.7787852241
34.0965615001
34.4071431601
34.7109978144
35.0085469305
35.3031425619
35.5975529883
35.8917785588
36.1936525464
36.5406994254
36.9693131892
37.600743443
39.1112092659
40.7780676555
42.3536056466
43.0393506703
43.5216185224
43.9311035422
44.3053455268
44.675191794
45.0416134203
45.4236345238
45.8391613795
46.3065883749
46.8976183468
47.7487961799
49.3885491018
49.7580847767
Case #89:
1.0821334399
2.08059455491
3.01223065649
3.88889580825
4.71930568537
5.52368807176
6.35327327625
7.21841917734
8.20876675622
9.48682861717
12.0021903816
14.6909034564
16.4614513897
17.9928637299
18.9984481228
19.8059003363
20.520306285
21.2178138545
21.902304419
22.5744806463
23.2349841738
23.8844027809
24.5603352235
25.4315984568
28.7425355268
30.1404546619
31.3431033929
32.4196227286
33.4029396097
34.3204556924
35.2587533299
36.1587426066
37.0480200125
37.9557394569
39.2584284034
42.1741210639
43.3323076981
45.3841116659
46.6204264901
47.7246634028
48.7318360686
49.6333628707
50.4215048866
51.2715686072
52.2348759987
53.296915212
54.4590895273
55.7565428547
57.251569781
59.0771753805
61.6618362453
66.5851388427
67.5434205222
68.6769348433
70.5382344003
71.9294293784
72.902055096
73.6961215045
74.3842103178
Case #90:
1.08149154884
2.32359088148
3.83042705671
7.27212853869
10.4405993623
11.6456451614
12.4879915009
13.195233511
15.4110643424
18.0107444934
19.9900061525
21.6534526897
23.116762438
24.4716869059
25.7620685884
26.99633677
28.3232993351
30.0379136689
32.8353999982
34.7951819642
35.9409833666
37.2130414932
38.6447471963
40.284094665
42.2610739921
44.9544445511
53.2903608877
58.2550854037
59.7521950567
60.8329432718
61.7241069527
62.5001689492
63.1967600376
63.8342175428
64.4254492522
64.9792553683
65.5244931489
66.0908288921
66.6850328623
67.314271691
67.98558665
68.7087506496
69.498031742
70.3757627754
71.380675132
72.5922807757
74.2418567163
76.6415712907
79.9738801715
80.6360527752
81.1033007705
81.5715907215
82.1040413393
82.7376419145
83.5700564333
84.780438008
85.920101793
86.9542100378
87.9889971581
89.1554911739
90.5225956616
92.253782322
Case #91:
5.27677634029
9.49755844127
14.7768446601
17.336188917
19.9858190894
22.948121711
26.1521693519
28.1294843087
29.6422267
31.5271689631
35.6303811399
40.0830929042
44.4495014086
49.3329390539
51.4307803708
53.2261511692
56.2256291737
61.1710246974
Case #92:
2.31684506877
3.68754039692
4.23697615855
4.83007138651
5.59400947397
6.7100202914
8.09768564359
9.28315571359
10.1251084395
10.8447995477
11.4981310813
12.1006482496
12.6626348724
13.1913130195
13.6919849858
14.1686798094
14.6245441838
15.0620913919
15.4833666216
15.8900606256
16.3169054005
16.9572730317
17.9701829421
19.0536342375
20.2205730235
21.4029309297
22.5612163041
23.8740119278
26.2290043007
28.866126759
31.8475075056
33.4885224155
34.4333142058
35.1743779789
35.8201114853
36.4053624751
36.944489428
37.4469345658
37.919300302
38.3664180906
38.7919497193
39.1987490961
39.5890917346
39.9648266643
40.3274805957
40.6783314923
41.0185431989
41.3823666675
41.8195679246
42.3427848247
42.8245130123
43.2837719315
43.8191732318
44.514608102
45.5437879759
46.4502533643
47.2223780607
48.0635763879
49.1177797346
50.7684865294
53.9238939305
55.1406284578
56.2585326197
57.4802465509
58.4347444834
59.205011392
59.8687617624
60.5135952701
61.327920309
62.9262172326
64.0621151421
64.9122029531
65.68111704
66.4933066206
67.3910550783
70.0956027817
71.1452466678
71.7262621176
72.1875845093
72.6510987068
73.1391157328
73.6559884992
74.20753518
74.8018395834
75.4507203848
76.1727135256
77.0000642202
77.9993295668
78.8888403801
80.2431369677
81.5750846902
82.3649442657
Case #93:
0.871039076224
6.75731543308
9.94179713096
10.8836005911
11.6403843071
12.3634214693
13.0582066494
13.7278135747
14.3747960145
15.001303173
15.6091641075
16.20096991
16.7903758638
17.3812773149
17.9736857049
18.5676126223
19.1630698045
19.7600691412
20.3586226768
20.958742613
21.5604413125
22.1639743328
22.7740554802
23.3927640247
24.0204766695
24.6575983565
25.3045653221
25.9618485913
26.6299579904
27.3094467746
28.0009169914
28.7050257256
29.4224924119
30.1541074467
30.9007423913
31.6633621432
32.4430395599
33.2409731667
34.0585085581
34.8971114713
35.7584562031
36.6444998476
37.5574974243
38.5000695241
39.4752910859
40.48680998
41.5390086235
42.6372294113
43.7880977595
Case #94:
2.39481461867
4.04786775383
5.3394653055
6.59717562984
7.8235337969
9.02083915071
10.4833127196
12.1686157919
13.9033292585
15.6920719642
17.5402306134
19.4541513363
21.441397466
23.5111038511
25.6744759474
27.9455133173
30.3420947575
33.0018691807
33.9660075284
34.750846343
35.6471971942
36.7236820276
38.1731086597
40.5103412612
42.9033459349
45.1938914488
47.3941098591
49.5139126745
51.8076750759
54.1119474854
56.2076711202
58.1429326779
59.9497661163
61.7069207653
64.4564381226
66.1841664526
67.2539944883
68.1037163769
68.9226968123
69.7877587288
70.7988308018
72.5018162395
73.3338362623
74.1387050551
75.0466172325
76.1115742019
77.4627656173
79.5898635548
81.87397507
83.8968170935
86.6363636364
91.2796184485
93.3403331486
94.801741747
Case #95:
0.883493045077
1.66369437534
2.37009881869
3.02037162883
3.62608592321
4.20200683549
4.84442876614
5.58625279203
6.36592848688
7.18592719639
8.05323856312
8.97714026807
10.2545436675
14.0389264926
17.0287684713
19.570268216
20.7975787181
21.1756373217
21.5801227403
22.0683199984
22.6322478621
23.2583905183
23.9734373183
24.8313458717
25.983358882
27.3091343569
28.4556434902
29.4330600909
30.1207316943
30.6667152572
31.1336947104
31.548436309
31.9253255605
32.2779302856
32.6200092276
32.9527614785
33.2873340218
33.6441402932
34.0287416464
34.4488654855
34.9166628338
35.4533568735
36.1030692882
36.9982525256
38.1847293823
39.4619316137
40.8545282045
42.4009287624
44.1672072159
46.2870848512
49.0876933162
51.2554356751
52.6974409141
53.8589736897
54.8590156142
55.5509703179
55.9762027058
56.3560235206
56.7781689293
57.2615301413
57.8444224084
58.5470494921
59.2679407494
60.0025063483
60.7515552831
61.5159796097
62.2967668991
63.0961595615
64.0526637737
65.7363577525
66.7772962819
67.1681082867
67.5682243475
68.0191885147
68.5473778147
69.2152831807
70.2267781898
70.9180447848
71.430193582
71.9415471467
72.4541946352
72.9681459197
73.483410999
Case #96:
1.33641829718
5.30492582961
8.44276057293
10.4827783633
12.1170545498
13.52054646
14.7699562609
15.9070640771
16.957612708
17.9387950704
18.8627694533
19.7385096368
20.5728630587
21.3711957205
22.1378054852
22.8761979791
23.5892771136
24.2794804569
24.9488777975
25.599244439
26.2365725666
26.9135483143
27.6623602628
28.5213338798
29.4998845786
30.359864691
31.1120393121
31.7889874609
32.4095831044
32.9859215763
33.5263056132
34.0370150032
34.5915024607
35.3070260163
36.4674489818
37.7695115085
38.9956892387
40.1578811158
41.2845500332
43.3024795011
43.7359282792
Case #97:
1.43606816317
2.9197989924
10.5778664129
13.5682757043
16.355447438
18.657800626
20.1260270835
21.8696732676
31.3227026424
47.3545498201
50.4225432123
52.7239568872
54.6472579012
56.0243709304
56.9885491417
57.8647081257
58.681091234
59.4615099183
60.2192824165
61.1687945019
64.0081947378
65.9101647823
67.1076058756
68.0602515161
68.875788725
69.7522774362
70.9597338001
71.9375212389
72.7437092874
73.4543227731
74.1749656766
74.9146237862
75.6748868108
76.4575791405
77.2648114183
78.099047668
78.9631941293
79.8607190496
80.7958177382
81.7736457236
82.800657874
83.8851190551
85.0381292492
86.8512455049
92.3137992118
Case #98:
0.785900744
1.80982197894
4.47052049383
7.59416812856
9.16227270879
10.4894991057
12.2774405682
16.3755842709
18.8479708974
20.6216671268
22.0826627957
24.1689981865
30.4361391933
31.9234801039
32.8919657966
33.7937362644
34.6569742835
35.5225323166
36.3920499237
37.2655819473
38.1500552761
39.4641884784
40.0700500661
40.6843392871
41.6307033671
42.507060204
43.3697617639
44.311244094
45.3862829844
46.6529046866
48.0762064168
49.6611825038
51.1646462588
52.592963343
53.9833182104
55.3385859092
56.6612959296
57.9536876976
59.3012717461
60.8454110088
63.128629232
64.7767067053
Case #99:
0.661551504714
1.05399313346
1.46561988978
2.08608950576
3.03573085037
4.5575559608
5.23810658409
5.69074122441
6.05578197767
6.4963975435
7.64255159229
8.57558319696
9.10153863438
9.604951176
10.1699592765
11.0780254236
11.8228527233
12.3704779006
13.8380647084
14.6903174063
16.6018900451
17.2713072907
17.9288715169
18.5660915114
19.0968033768
19.6797057292
20.5126897891
22.4297419189
23.0887186901
24.0508086081
27.936954276
31.504576838
31.9885045361
32.3915882055
32.9629738673
33.6890931091
34.3920520177
36.0489677124
36.7483827429
37.2694058523
38.2005575399
39.2623231358
40.2215146486
41.2294158641
41.8797865495
42.426501783
43.2498503842
43.8199228628
44.2531928629
44.8216392048
45.6261347691
46.3935901428
47.6219452461
48.422960183
49.2201248787
49.8011215091
50.2973101727
52.3371339925
52.9970231302
53.5230310358
54.7845445798
56.0237402614
56.752725888
58.4274740625
59.2593575411
60.0613462971
60.9920218694
63.3931989963
64.6556574679
65.0661389202
65.4981688192
66.2492119105
67.7246798534
68.1796846985
69.3286349822
70.8543919069
71.4078023029
73.5068192221
73.9651330145
74.3111450232
74.6770317498
75.0696138717
75.7189483743
76.9404375904
77.539949954
78.5676477475
79.7537446052
81.801711142
82.6209089437
83.2422210936
84.0346472601
84.9789058946
86.6208072128
87.3562732528
88.7230211678
89.1947592588
89.91191233
92.952023358
95.7531944685
97.6474900111
Case #100:
4.52697099085
13.1019263172
28.9042558878
35.4043518014
41.8034239225
48.2200547121
53.9189665786
61.9065978609
66.1625616343
69.7484428693
