Case #1: 33.3333333333 66.6666666667
Case #2: 0.0 100.0
Case #3: 25.0 25.0 25.0 25.0
Case #4: 34.6666666667 26.6666666667 38.6666666667
Case #5: 18.0134680135 19.3602693603 23.063973064 39.5622895623
Case #6: 12.8706199461 11.5229110512 10.1752021563 11.2533692722 10.7142857143 12.8706199461 15.5660377358 15.0269541779
Case #7: 24.8920863309 22.7338129496 24.5323741007 23.8129496403 4.02877697842
Case #8: 54.2168674699 45.7831325301
Case #9: 22.2222222222 21.8843843844 0.0 21.8843843844 0.0 22.2222222222 22.2222222222 0.0 0.0
Case #10: 10.0 10.0 10.0 10.0 10.0 10.0 10.0 10.0 10.0 10.0
Case #11: 11.5057915058 11.3127413127 10.7335907336 10.5405405405 10.9266409266 11.1196911197 0.694980694981 11.5057915058 11.1196911197 10.5405405405
Case #12: 0.0 100.0
Case #13: 39.3975903614 40.0 40.0 0.0 0.0
Case #14: 22.5783972125 23.9721254355 5.15679442509 24.3205574913 23.9721254355
Case #15: 28.2024248814 0.0 0.0 28.5714285714 28.2024248814 0.0 28.2024248814
Case #16: 50.0 50.0
Case #17: 33.3333333333 33.3333333333 0.0 33.3333333333 33.3333333333 33.3333333333
Case #18: 10.0 10.0 10.0 10.0 10.0 10.0 10.0 10.0 10.0 10.0
Case #19: 5.40880503145 0.0 31.0691823899 17.8616352201 31.0691823899 17.8616352201
Case #20: 66.6666666667 33.3333333333
