Case #1: 1264.986591  1713.274123  0.293944 
Case #2: 0.000000  157048219.894524 
Case #3: 50359391.921135  4047020.057554 
Case #4: 408711944.011014  39608599.139423  34977434.459218  328413048.209908 
Case #5: 6198419.853761  20252215.886027 
Case #6: 576624028.561496  449660866.064251  280848435.382471  268062055.261783  181387200.147769  273428456.479341  524646.478563  315897064.954233 
Case #7: 395599902.374755  171209205.847510 
Case #8: 718165434.399452  62646239.559218  304509952.133927  73733411.149889  147002.518087  913023554.759058  386346860.727474 
Case #9: 13842864.328730  409256548.194041  215554.289835 
Case #10: 231740379.820588  450527636.031861  730540176.699740  11799634.185535 
Case #11: 646815555.686880  426226039.350962  93186905.978068  78932646.743947  383546798.706228  33911130.197928  621140025.893442  521779449.605207  18659831.870996 
Case #12: 372467283.179588  43781322.626114 
Case #13: 108622229.880323  125884315.996332  117475929.363728  301539258.508950  155359889.743591  26392464.782994 
Case #14: 598654.216658  339058824.006118 
Case #15: 274005641.328694  150961884.136974 
Case #16: 55921789.897910  162558573.953194  59078345.880819  223286966.129062  248329631.117789  84828787.974207  130735389.487994  322671667.970874  75475112.356121  30458720.281719 
Case #17: 209904928.606832  9459.779724  265721761.492656  413264.733379  360523686.085734  31538799.522962 
Case #18: 162640438.015132  376445189.088706 
Case #19: 640952273.680385  118537434.108319  182367965.635217 
Case #20: 252007418.563902  73977495.750159  229125947.565129  229205778.295036  21339954.214895  251774494.712074 
Case #21: 47014369.701209  17384.028475  39321.569969  73139664.077467  247102710.360945  277142249.538630  62904603.159328  637453152.403197 
Case #22: 3283333.595070  21100703.492784  109567.678809 
Case #23: 211508484.528686  91296020.823295  205710222.795731  629922052.047052  791695085.697809  411008138.400922  176035.019240  209148984.917226  58515982.486376 
Case #24: 212524582.252544  49263518.045766  1315853.981283 
Case #25: 144615582.274979  188442938.892798  3045136.521038  18102580.175903  40001192.567090  95191421.147693  2507357.458185  166004967.117818 
Case #26: 419329008.506072  80301715.117189  529598964.725213  167033050.085872  165673913.364872  343822362.436397  61196193.274640  32081009.346787 
Case #27: 18973422.311543  17496460.178866  307800769.764559  141106907.002775  191232303.156742 
Case #28: 57477115.393955  22281694.096374  6092873.299973 
Case #29: 542214244.821455  640802333.994886  104482.263261  19898845.420369  15638757.734422  697543194.864133 
Case #30: 228425668.756406  398203419.119316  406564416.447326  123875121.694377 
Case #31: 152077034.077751  416556497.913451  27713605.281881  309130666.838306 
Case #32: 7605319.978139  310770340.151759  501031156.274775  232377816.916589  18695519.113904  58640633.520294 
Case #33: 349023398.527964  200811745.100947  126996815.265216 
Case #34: 99795648.455605  258598124.072977  263092691.414586  3381362.451010  3402618.197216 
Case #35: 86136206.053015  72842714.936604 
Case #36: 2061989.840005  212337670.172283  230188932.684702  158659787.712807  125146861.435144  484011831.812258  224223638.121377  74749114.853311  124774008.090329 
Case #37: 106632549.148399  122706228.797733  72163109.931032  129087097.211605  257657376.686958  81356346.275376 
Case #38: 28721908.681876  493126.999450 
Case #39: 144638839.230708  6166559.381159 
Case #40: 83061713.120767  137149820.845560 
Case #41: 208593749.254012  166090792.055516  453222874.966745  347480700.104308  111127331.254370 
Case #42: 174776463.867919  47932097.832914 
Case #43: 269209285.368907  6054632.745328  77382334.520262  7491415.928341  161647324.107329  1013054.309084 
Case #44: 270055281.793834  303782178.802691 
Case #45: 92975974.484375  210520686.206584  2409084.382339 
Case #46: 1003569.714610  230776910.801203 
Case #47: 759248285.416718  313606852.566752 
Case #48: 19437194.899807  548494790.045489  553202133.911652  166241637.464276  172178029.869058  87820870.128692  32658176.713581  147313761.921951  505456.491269 
Case #49: 134468568.476364  92507462.498470  147773158.024269  730186363.806570  203747074.890941 
Case #50: 98207885.405142  27050767.539812  162242888.145732  89833037.428043  391907387.114109  21088259.993547  177831042.341213 
Case #51: 16125324.872091  8277290.837488  443411142.250739  8435787.021637  212819566.696177  280733605.771607  529091593.404161 
Case #52: 32274940.458513  29159586.417315  16763180.604062  287065063.406788  169439224.809508  723495.813432  24010417.113476 
Case #53: 136020032.503587  324273.501907 
Case #54: 12864684.502175  1686666.481284  234179707.392794  105785335.966876 
Case #55: 40292141.485153  323464751.828667  48725484.084366  51670692.320883  20481792.604531  31408316.748066  265411309.890382 
Case #56: 472294226.763698  123111816.684190  125693921.147590  62522147.080240  2983457.509049  287591324.645921  784973.470416  27265353.862810  28181383.795306 
Case #57: 277889904.772605  452215852.887011  114928126.724056  59030442.146899  392947066.473401  7642197.085164  238940870.629030  334455446.848583 
Case #58: 194587.399302  447216398.408294 
Case #59: 249860570.173563  249209208.429081 
Case #60: 22048955.359817  34280787.777123  2536967.050158  211506486.606488  122726954.983705  293285240.915542  36677508.069136  205561976.465874  85932529.294945 
Case #61: 379358694.944391  46104036.649573  43716012.550511  383681869.839206 
Case #62: 25788989.429062  403486675.573312  164911686.033344  200215496.705363  437315169.978109  116642767.616632  386146358.108113 
Case #63: 18026402.334371  64894867.024832  24678378.931535  452349.452342  170166492.560020  86747523.215340  271193214.216772  242483661.281131 
Case #64: 661194032.889192  607417032.550751  525278387.514136 
Case #65: 4832813.283235  410716786.377790 
Case #66: 229840227.824716  167929211.743557  15198684.410064  514481515.618521  29084320.047457  494742948.438658  319499537.937567 
Case #67: 135290166.197840  81143158.332463 
Case #68: 25010.996638  63767450.358792  33002911.130935  5006881.515204 
Case #69: 95298030.157899  246618710.257115  26122112.655465  470634259.627249  22871920.405896  363303041.282098  153068059.133672  39606546.037592  1744589.682606 
Case #70: 174664715.264520  103771904.915673 
Case #71: 188784149.759056  27478092.154359  1020522.137652  2542365.425363  96220649.326803  11372536.234455  43091802.660017  261117376.084407 
Case #72: 538347037.704718  190720058.644404 
Case #73: 6983581.516072  55297870.015065  332361955.714252  272385419.189668  148450214.700638 
Case #74: 3778127.744436  168477943.654693 
Case #75: 91309792.194515  39602654.267628  60043216.525264  8803500.255551  109170661.431408 
Case #76: 275834619.539707  61124103.968591  217013544.743379 
Case #77: 55629095.472118  590249729.686331  459051761.382387  545125282.869163  18363352.583968 
Case #78: 380412981.560127  168454016.958045  117933063.400623  40508866.525654  13141686.042729  2142452.743539 
Case #79: 62731901.744553  601798814.699293 
Case #80: 8955548.336251  474704792.757423  89548652.377202  3888.935138 
Case #81: 198931027.304550  161401528.685960  315031018.678078  336561855.766682  137116633.005268  180092033.138693  55883636.714942  222987910.605617 
Case #82: 98021806.330039  338572161.447372 
Case #83: 1464333.307764  164494551.412843  122177801.319706  281755073.780595  183361022.270517  33720.571757  428630.916303  83307926.930372 
Case #84: 76658413.054185  493881399.418554 
Case #85: 1279377.403475  231081654.144942  328243332.885897  141125838.654521 
Case #86: 6671406.910402  3164269.382229  130701565.464513  110810073.195970  11764257.903797 
Case #87: 50854821.745118  77977101.213535  357982587.916693  137924924.789295  75630328.246006  101295924.896112  313108022.783421 
Case #88: 25113023.592169  124984427.410980  744047016.356832  122854577.393934  207862836.085507 
Case #89: 278918532.267980  31400221.502213 
Case #90: 312529820.077928  15017349.254170  672812018.642097  55274624.259106  207423533.804822 
Case #91: 122579266.163769  113542508.796883  181914691.748194  3292904.013240  42354883.818707  222890154.552267  225542449.814749 
Case #92: 223486693.786565  373679161.388491  358561782.436496  129253180.993406  335326016.359393  305691683.066029  126764805.692118  139832358.671443  129539040.656176  127221010.692499 
Case #93: 2307969.138124  288109245.542401  39904800.146594  12954428.920189  246498685.735843  10130449.637340  208548580.948866 
Case #94: 394693271.790014  12503369.254590  8095594.601561  147650766.995148 
Case #95: 120124221.099418  221873174.360604  36538193.638456  25477235.599783  75792414.178162  8369966.619583  42045299.815369  11511825.763704  13674.940493 
Case #96: 215112769.653205  96351763.340459  13296428.996576  747026492.749324  607170.907785  7433411.480593  681228304.971527  58541647.090259 
Case #97: 572548839.195751  33888124.963797  453809208.521849  289688956.839621  540749580.304978  145535240.230281 
Case #98: 560911797.992891  247398825.051801  113720189.439568  143100596.382169  18121285.070301  751.600043  320158166.142496  283909245.659066  372084026.009548 
Case #99: 23218704.668739  167700929.971224 
Case #100: 166401461.477522  250345449.740461 
