Case #1: 2 3
Case #2: 1 4
Case #3: 4 5
Case #4: 53 75
Case #5: 32 33
Case #6: 710 943
Case #7: 69 243
Case #8: 355 958
Case #9: 244 338
Case #10: 73 247
Case #11: 218 235
Case #12: 96 263
Case #13: 928 1098
Case #14: 287 679
Case #15: 286 393
Case #16: 2 158
Case #17: 259 262
Case #18: 231 1400
Case #19: 360 1217
Case #20: 364 380
Case #21: 1279 1555
Case #22: 204 265
Case #23: 57 69
Case #24: 49 87
Case #25: 171 695
Case #26: 830 975
Case #27: 1516 1927
Case #28: 703 1073
Case #29: 208 463
Case #30: 164 804
Case #31: 172 256
Case #32: 407 810
Case #33: 212 603
Case #34: 11 34
Case #35: 343 363
Case #36: 210 219
Case #37: 1065 1263
Case #38: 1113 1577
Case #39: 35 1159
Case #40: 478 1068
Case #41: 134 1232
Case #42: 324 387
Case #43: 1057 1246
Case #44: 1 59
Case #45: 551 736
Case #46: 403 866
Case #47: 24 26
Case #48: 146 333
Case #49: 52 315
Case #50: 995 1347
