Case #1: 0
Case #2: 999337777
Case #3: 66 666
Case #4: 333666 666022 2777
Case #5: 4433555 555666096667775553
Case #6: 2288855030555679999333999
Case #7: 2299449993322274
Case #8: 7752699988
Case #9: 7222
Case #10: 337744477788899994499 99906
Case #11: 222 22246229997772899944777726
Case #12: 66777226555333883 333 3334457773
Case #13: 4777666
Case #14: 55577799997777877779377772255756
Case #15: 355566 60773344222
Case #16: 666335666777757336663 333
Case #17: 66099 999044825588
Case #18: 333444855222999 933
Case #19: 555667755522
Case #20: 222 2443393336668845552499 9
Case #21: 3666 6663
Case #22: 88855
Case #23: 4887777999977788777666
Case #24: 66447707
Case #25: 99 99 9333099
Case #26: 669777733399995333455522244488866
Case #27: 33377472444
Case #28: 2233666999088833
Case #29: 5532244466
Case #30: 7774885552666337774449
Case #31: 777744998333888 888
Case #32: 88998 844
Case #33: 888333522299996889
Case #34: 622
Case #35: 33444666 6629997 74447776667777
Case #36: 388 88
Case #37: 559 99988736 6
Case #38: 88876633399777999222667777888666
Case #39: 39666
Case #40: 77999955577740
Case #41: 5552277783555888
Case #42: 444859666
Case #43: 32255
Case #44: 999944777733 3355 555
Case #45: 79999577555
Case #46: 2233377 7 7777844
Case #47: 3677774448866622333
Case #48: 406644888
Case #49: 777755588822
Case #50: 889 999975554
Case #51: 07742777 7 777
Case #52: 0266683399487 77 7777044
Case #53: 332229999888999 999
Case #54: 7744333 3339999 955666333
Case #55: 022282
Case #56: 3355993 332
Case #57: 588 88333433
Case #58: 7777333
Case #59: 9999 999799995559999 999
Case #60: 3552533877 7773355599222
Case #61: 44 424888 88
Case #62: 555837666733055599996
Case #63: 0999366777722266 6669993 3337777
Case #64: 2286677442209977666
Case #65: 0774448809
Case #66: 4889999 9995955587773339990
Case #67: 666 666 68
Case #68: 266699955446
Case #69: 555777
Case #70: 999722 222777
Case #71: 36333 3377
Case #72: 6555888554466888 888
Case #73: 4 44555668777733 36
Case #74: 777744488855 555 5888777999
Case #75: 944222338887334223332299993339
Case #76: 555 5668 888777744
Case #77: 22299 99 999 96699945599666
Case #78: 55 55222 2266999772288
Case #79: 66644 4477 7773337777442
Case #80: 5566766656688999
Case #81: 6669995999555 5553332277327
Case #82: 444222888999222994409244
Case #83: 8855 5994999947777664
Case #84: 6695 5
Case #85: 2277779088334455580
Case #86: 77774997777 77833222888
Case #87: 66333
Case #88: 223666999944477779993366599772
Case #89: 999955599 999 999924777 77722299 955999
Case #90: 55599964
Case #91: 553398847799994448
Case #92: 777864 42229999 999
Case #93: 222333772499888444822
Case #94: 53996663399992555999988
Case #95: 3382255584449996677733399992999
Case #96: 77794455 5566644
Case #97: 88877444955522666399993388
Case #98: 499759554557 7
Case #99: 7 7777
Case #100: 7733377799907776678844880 0
