nroskiqmmtbznvadaizpxrak nroskiqmmtbznvadaiz pxrak*
hqqlohbrlwwltkrsyg hqqlohbrlwwltkrsyghzxbekdlsmq <<<<<<<<<<<*
uhwkgpxdyntlvjyzhz uhwkgpxdy ntlvjyzhz*
sbpjuc sbpjsymixqzhtdugmpitreoa *sbpjuc*
sgpzzfleeti trpzznlybtiutqvpwuz *sgpzzfleeti*
mdioaudncswfref mdioaudnclaibefxqpgzyzpq *mdioaudncswfref*
c hwbm *c*
rjhtxrersyitscspkrbdn rjhtxrersyitsc spkrbdn*
yptecqdouzoanzsqyczzjzwpqdyhlzkfoasdv yptecqdouzoanzsqyczzjzwpqdyhlzkfoasdv *
iurvwwargvjbyirpmcxzdqwstprxzls iurvwwyrxv <<<<argvjbyirpmcxzdqwstprxzls*
qzjmkrl q zjmkrl*
xnij xnlblsb *xnij*
vjoyokvbespaano vjoyokvte <<bespaano*
jdfnkpnhqsqikratvmts jdfnkpnhqsqikra tvmts*
fvwmbffftcpnmhoftmktexcrmaiplmutqdqm fvwmbftftcpnbhoftmatexcrmampxoulxdqmdcznn *fvwmbffftcpnmhoftmktexcrmaiplmutqdqm*
tdrbjxfpwhmtpasmthurlzzdkcfsdhfce tdrbjxfpwhmtpasmthurlzzdkcfsdhfce *
xfccesmldnjruhvlycukdbg xfccesmldnjruhvlycukdbgzrekckywvnq <<<<<<<<<<<*
nuonvnxhurkbvydbysduknibrlygvnzxqp nuonvnxpagkbtndoysddknxbkzyfvnpxqpw *nuonvnxhurkbvydbysduknibrlygvnzxqp*
dnnlypibxsxwphimbamgynlqclx dnnlypibxsxwphimbamgynlqclx *
kz koccpicfghnpzgjadtsairgrlpgkmbvusnkzzrlad *kz*
y gqtab *y*
civumqlbcj civumqlbcjtwjbtoonxxkxcinldwmmf *civumqlbcj*
svs s vs*
yca hcannnwnsx *yca*
ruoiuuecbshxsecaedqyetjstnrxptsafzztrsuxehdejtpzu ruoiuuecbshxsecaedqyetjstnrxpjsa <<<tsafzztrsuxehdejtpzu*
anzzppxnklrjzjmmbtyqieo anzzppxnklrjzjmmbtyqieomdyvdsblukvvsyeai <<<<<<<<<<<<<<<<<*
bgztjwoeiiq bzznpwkeiikn *bgztjwoeiiq*
efshrszqykuzurgzuhblmyfpt efshrszqykuzurgzuhblmyfp t*
gmzxvbpkrrcidevqxsvgi gmzxvbpkrrcidevqxsvgitmdirldmlurhjitvwuksbytgjoy *gmzxvbpkrrcidevqxsvgi*
esfikidjgbyituggvppcmuauysednjhnygcguuvhrcrnjkldcw esfikidjgbyituggvppcm uauysednjhnygcguuvhrcrnjkldcw*
yducrvkyswpzhbkjz yducrvkyswpzhbkjzxxvzmiysbcioqh <<<<<<<<<<<<<<*
jknqhtvwuksugsfghybawtqtixtjgkstur jknqhtvwuksugsfgfybaft <<<<<<hybawtqtixtjgkstur*
cbmowojtdzuwpzuikjwgwzncitmkojfhflhjbgwspalaujir cbmowojtdzuwpzuikjwgwzncqom <<<itmkojfhflhjbgwspalaujir*
xexmo xe xmo*
mvorqdrarorpsffzy mvorqdra rorpsffzy*
hg kgrvpqzxioikqdhyizh *hg*
oxwyckxrxyhgktdziqfjxnifcolymfzf oxwyckxrxuugkudziqfilexfcfbyqftuzrttdjbzkfcoidjgs *oxwyckxrxyhgktdziqfjxnifcolymfzf*
gktmujxiucjhbrpjhjoffrjzojjtxbjbvcttmsqn gktmujxiuc jhbrpjhjoffrjzojjtxbjbvcttmsqn*
gicvbhftllcvpiiytlgbiphvdqjfmixswgqiyffkeipdjw gicvbhftllcvpiiytlgbiphvdqjfmixswgqiyffkeipdjw *
mvhhzyzf mvhhzyzfcjqeoyjbdv *mvhhzyzf*
gpmjwiaklndckir gpmjwiaklndcki r*
xwehvhprhu xwehvzprwugybxfa *xwehvhprhu*
nfotthbynohnyant nfotthbynohnyantqcpgmgxah <<<<<<<<<*
rjpkjtwvqwwxuqmthvbggypsopmrmenlawq rjpkjtwvqwwxuqmthvbggy psopmrmenlawq*
dytlqmiebgbsiwifct dytlqmiebgbsiwifltlhssrzehdelbexfmyy *dytlqmiebgbsiwifct*
ehkoqxwidlyiauririoqtoelpvwadbm ehkoqxwidlyiauririoqtoelevgadbmpgvvqvsfuwlbrxfrh <<<<<<<<<<<<<<<<<<<<<<<<pvwadbm*
skqrmjoeu skqhmxoeuffgzkas *skqrmjoeu*
rnvafsnmbrbbtwdgpgzrbzrydakipidyxvdlpaisoof rnvalspm <<<<fsnmbrbbtwdgpgzrbzrydakipidyxvdlpaisoof*
ucwy lhw *ucwy*
gpqxdjytuxvr gpqxdjytuxvrydzpgbexqyieilekzvrleennszk *gpqxdjytuxvr*
adnxfvcdedzczgafmdcrpxadfkvxeweihebmfnzr hd <<adnxfvcdedzczgafmdcrpxadfkvxeweihebmfnzr*
nqutcylhligbjbfaqkjnckbixzt nqutcylhligbjbfbqjjnwkblxzutiufqzzufgtaryzohzi *nqutcylhligbjbfaqkjnckbixzt*
omn omskgiivohp *omn*
bkb bkbhcdihpoyetdwaskjsbilllf *bkb*
prqovk prqovk *
fjdonsvihxhzybfbyjunphgbwizssgqbkienddhq fjdonsvihxhx <zybfbyjunphgbwizssgqbkienddhq*
tdmkiawzw tdmkiawzwqrixfqauqsjsjvnsslkhjgvwkmzwlvxg *tdmkiawzw*
aoerlmcccrnzzqevffocglvmgpwcurpgb aoerlmcccrnzzqevffocglvmgpwcurpgb *
gmaervmlhdhgmisozxzmnpbfegltyxrlewbu gmaervmlhdhgmisozxzmnpbfegltyxrlewbu *
u uffb *u*
aqeaxkxijnzxeo aqeaxkxijnzxeo *
fvfqnaefpzenlaasogjfiqxyjvtnfkdslzrvyhxgtoofhzui ml <<fvfqnaefpzenlaasogjfiqxyjvtnfkdslzrvyhxgtoofhzui*
bobdikvglalhggfkhmqvdeztqtn bobdikvglalhggfkhmbvdeztqtnklopozpsfyb <<<<<<<<<<<<<<<<<<<<qvdeztqtn*
pnyxbljthzphzgcpvmsgpa pnyxbljthzphzgcpvmsgpakhgkxsqhamwbqs <<<<<<<<<<<<<<*
kluqoztyst kluqoztbstfydgcisimszvazdqqyvlxniyliw *kluqoztyst*
tztrejjbtnlrytmwtysuzvzortxaijpiyrxvmfgmn tztrejjbtnlrytmwtysuzvzortxaijpiyrxvmfgmnw <*
jpdquzjwlqrhcscbeiwkncgtsjgkdrg jpdquzjwlqrhcscbeiwkncgtsj gkdrg*
cpbgclbocyxwrcpzyxgfcfcg cpbgclbocyxwrcpzyxgfcfcggfszxvgm <<<<<<<<*
mbzrfgyrtbvkciqozonhpgitqfvyzmjsztfxs mbzrayyrtbg *mbzrfgyrtbvkciqozonhpgitqfvyzmjsztfxs*
unrhraqehwoncqyyyqbzttzfvxmjkjmpcjjjpts unrhraqe hwoncqyyyqbzttzfvxmjkjmpcjjjpts*
kkogbtaaxpqovrjnkueucvzdlgipxjtlxk kkogbtaaxpqovrjnkueucvzdlgipxjtlxk *
gffgpltjfmvksm gffgpltjfmvksmd <*
xaagmfvwv xbvgnfvh *xaagmfvwv*
proycfzjcvnvszmjqfevglqlicervchtj proycfzjcvnvszmjqfevglqlicervchtjloxufu <<<<<<*
xdfh ndfwxrbepztjztvnoqnvqqnqhqifnt *xdfh*
br zzbecytfllunjwtbonwawxyrbaw *br*
harfg harejqpac *harfg*
yvpshjokzmqjntykoaexhtlhdjz yvpshjokzmqjntykoaexhtlhdjz *
pkrea pkdkamg *pkrea*
bjetpzqjdpngxndlumozfiyjbssvjhbjkapsmwviun bjetpzqjdpngxndlumozfiyjbssvjhbjkapsmwv iun*
dsasuryrlxch dsamuryrlxcrv *dsasuryrlxch*
puymlnjmffgplrtinylmifmzbtybmrokbiw puymlnjmffgplrtinylmifmzbtybmrokbiw *
mhmhladjdrtwdwnuumilmlbkzyvnfuqfnwwyaiilwbws mhmhladjdrtwdwntjminmlbkzyunfmqf <<<<<<<<<<<<<<<<<uumilmlbkzyvnfuqfnwwyaiilwbws*
irwmmdlawahibzdok irwmmdlawahhbzi <<<<ibzdok*
kflklylhkxwinbzxgjxzrbtfmcipdb jf <<kflklylhkxwinbzxgjxzrbtfmcipdb*
qvmqvvchpxkn qvmhvvehp *qvmqvvchpxkn*
qm qmpqnv *qm*
mtm mtm *
qqvgzwfajzkcfaa qqvvzwfanzkcfyinfewe *qqvgzwfajzkcfaa*
drnyufojoxknzooydtprhibyasmbu drnyufojoxknzooydtprhi byasmbu*
vqdyetbsohkolxolcvynoridwkapsqqvkr vqdyetbsohkolxolcvynoridwkapsq qvkr*
gochgsug gochgsuif <<g*
txqfwolhbqajfpfpjq txqfwolhbqajfpfpjq *
wrnu xruuwowwlpu *wrnu*
t hkvabqqk *t*
kqpxl hb <<kqpxl*
ite iteehd <<<*
ntmmghmniwysenufvwphzf ntmmghmniwyyzwu <<<<senufvwphzf*
buubgkuwzxflwmkzgdnlfckmdwyqxgdxjrirftlujiwma buubgkuwzxflwmkzgd nlfckmdwyqxgdxjrirftlujiwma*
c jn <<c*
opqykevlddfxwxkjmucxvtd tpqykeflddfxwmkhorzx *opqykevlddfxwxkjmucxvtd*
sachqdpmyruetlwjaqknpe s achqdpmyruetlwjaqknpe*
jzxirqcbmtcdbsurdjdozpsukgokxhflbdfaciso jzxirqcbmtcdbsur djdozpsukgokxhflbdfaciso*
znvejskynuizcsolfylbluqgbaahqjsviv znvejskynuizcsolfylbluqgbaahqjsviv *
vzagqoyuhhmnuzllqioijisvfujhrsqybwizeyrqkzboxxcas vzagq oyuhhmnuzllqioijisvfujhrsqybwizeyrqkzboxxcas*
vxvghdwczkfqqv vxvghdwczkfqqvifincm <<<<<<*
cagrtfq cagrtfq *
lknaibktbbdnjpnmzmivrxjtejhhxmwloooz lknaibktbbdnjpnmzmivrxjtejhhxmwloooz *
zgkazkbzqicdxysmrppqrimolvrrculmidryr zgkazkbzqicdxysmrppqrimolvrrculmidryr *
espewuyrlbjppfysepxybhrxmtyjibobidzrfvtra espewuyrlbjppfoonpikbt <<<<<<<<ysepxybhrxmtyjibobidzrfvtra*
nsvjktzqsbj nsvjktlqsbppjcuofgibqqlljfdgkyesm *nsvjktzqsbj*
kdoie kdoiewii <<<*
nkfchefxhbqyaksybeciaublaxsijafoghkmyjydydcoafjf nkfche fxhbqyaksybeciaublaxsijafoghkmyjydydcoafjf*
rkcwpohpiyrpouilamykgspbtdnandcdr rkcwpohpiyrsxkjbamykgsffsdnpfdcdrsuolaqxisry *rkcwpohpiyrpouilamykgspbtdnandcdr*
biddqwuyiofrffocy biddqwuyiofrffocy *
qlvmbdrmjszpvkucilftckifzsoanvzmnp qlvmbdrmjszpvkucilftckifzso anvzmnp*
qnxbunugamo qnxbunugamozvjilfucjdjznuxbpdqnba *qnxbunugamo*
frmdkahgvpfpfib f rmdkahgvpfpfib*
rffrqyqeq rffqgfqpyexng *rffrqyqeq*
uwbdkjbcolgorggvttvwqfqiq uwbdkjbcolgorggvttdwqjqi <<<<<<vwqfqiq*
av akzmxa *av*
oldwqtyztihwl oldwqtyztihw l*
ab vfk *ab*
puyuxctazst puyuxctazstbdojdnqshxbwyndnevrulo *puyuxctazst*
tgfmqygnvunhmtvexubogjvxqiemcid tgfmqygsvunwmgyexsioaj *tgfmqygnvunhmtvexubogjvxqiemcid*
iaylprurhwiydspqxtfdobg iaylprurhwiydspqktf <<<xtfdobg*
kvmpcynisckfundsquyucoxyemusrxlunapnzfgnlhbrbc kvmpcynisckfundsquyucoxyemu srxlunapnzfgnlhbrbc*
imzlkiizrizmdp imzlkiizrizmdpgoihyzlogbmcpmgtbtvyjdhan *imzlkiizrizmdp*
qrgvccgcclvz qrgvccgcclvzjjor <<<<*
mp molwzoalirpw *mp*
t yxvtipwqwnvsjsbolm *t*
cjxxxkqfvgjmxddelwkkvfgtabdtdvosacbyxc cjxxxkqfvgjmxddelwkkvfgtabdtgi <<dvosacbyxc*
wiggquwhmgtvzvvdw wiggqumgr <<<whmgtvzvvdw*
itpqbdqdhrxmstrbfjsbtrwkmfflcj itpqbdqdhrxmstrb fjsbtrwkmfflcj*
duvqzymbhytszngixnocbtuinaykeugcjtymon duvqzymbhytszngixnocb tuinaykeugcjtymon*
rpl rrlpyfcybjvqjysdqhid *rpl*
yvgedahstyvkhe yvgedahstyvkhel <*
swznvkiq swznvkiqp <*
ooqisfxyheumtqeesjctfdrvyycbpokmeoaplmqyz qoqisfhymevmcgeesjctfdovyymsgokaejapltts *ooqisfxyheumtqeesjctfdrvyycbpokmeoaplmqyz*
zfgkoaqftmejozhfhnyprefxmezgjhyxkxvgimhxho zfgkcmqftoqjozhfhnepezmgme *zfgkoaqftmejozhfhnyprefxmezgjhyxkxvgimhxho*
cnfdxvnxxfrsskmkmsqmeuodrhyufypzlcuiktsz cnfdxvnxxfrsskmkmsqmeuodrhyufypzlcuiktsz *
vihcfzcaobxjyfmqeszyvrl vihcfzcaobkkyfmzeszy <<<<<<<<<<xjyfmqeszyvrl*
qh xkkeiqeqysqnkiakwfdbfjkcbnsqxczkyxdfpztaohnrviyn *qh*
xvuxtlsedivqjetlfqusfuhmuhw xvuxtzieduvqjerlxqussuhmgheoeibpfxpwuxspysirzzblk *xvuxtlsedivqjetlfqusfuhmuhw*
khfamnhagehzztxbbprc khfamnhageh zztxbbprc*
sdvbveciezjmnknseqwqlzw sdvbveciezjmnknseqwqlzwawlva <<<<<*
ivkzogkrenxevwytwntospvi av <<ivkzogkrenxevwytwntospvi*
jvv jvv *
ssppxqfzlglxif ss ppxqfzlglxif*
ocbwjaaqtjayadrjkzluuxtxeui ocbwjaaqtjayadrjkzluuxtxeui *
fnb gnbti *fnb*
umgo umgokbksub *umgo*
ybsvgpkllfbfshqvuxeduntwvenvrysrijmrcirxqjldemqc ybsvgpkllfbfshqvuxeduntwvenvrysrijmrcirxqjldemqc *
uqffzjtjgkltnlt uqffzjtjgkrtultksimvkvmtknhakuwmzyquj *uqffzjtjgkltnlt*
kzbkxytgixcddxhhmhdstg kzbkxrbgiacqjyphmh *kzbkxytgixcddxhhmhdstg*
qcayu qmayuqgqtshdnpy *qcayu*
il ilgmpbswgvtn *il*
riyeawvsteturcshxkxrzsuqeujtsqrqbo riyeawvsteturcshxkxrzsuqeujtsqrqboo <*
bhioqvyqhvqobbqahmlg bhioqvyqhvqobbqahmlg *
skqqlnzgjhuudhiuabk skqqlnzg jhuudhiuabk*
owu owuu <*
bytyipsfbw bytyipsfbw *
ueinrgfsezafdkbxmukhxqcczgsqjuolouzlb umjpag *ueinrgfsezafdkbxmukhxqcczgsqjuolouzlb*
tiajmxnkdyrdrkpcgfcztgcmfvchhxoxpuynbwijpszzhiqz eiajm *tiajmxnkdyrdrkpcgfcztgcmfvchhxoxpuynbwijpszzhiqz*
kzslogomnewrsrcdhgneyvigqxhvngiejyxnqeytjmbrcwo kzslogomnewrsrcdhgneyvigqxhvngiejyxnqeytjmbrcwo *
emalgwqrzhjbvxongxbfktnmnnporequdqe emalgwqrzhjbvxongxbf ktnmnnporequdqe*
cygnocogvejvtutonrrjkukbxdzf c ygnocogvejvtutonrrjkukbxdzf*
ymiqg ykilgjcapr *ymiqg*
w dxpwis *w*
jmitscddpdyllnetisutw jmitscddpdyllnetisutpo <<w*
hjpmfvxkoflfssfpqpkbnhqnbqwvdlhk hjpmfvckofrfsxwpk *hjpmfvxkoflfssfpqpkbnhqnbqwvdlhk*
nmhnaxmbmwhcfvslzlsxzfzmljldzmyvauki nmhna xmbmwhcfvslzlsxzfzmljldzmyvauki*
cf cf *
anyo ay <nyo*
hfredbghltfazsomkhzagmkqdud hf redbghltfazsomkhzagmkqdud*
ipmbbxvgohpoiv ipmbbxvgohpoiv *
ertajsmjppwzg ertajsmjppwzg *
duynlishmkvtofiqxadptxvzcbxudxovljftaogimxbza duynlishmkvtofiqxadptxvzcbxudxovljftaogimxbza *
j csfce *j*
qerpfvanujsvtb werpfcanujsvbbhozrxdgybnhbnejwbtdz *qerpfvanujsvtb*
awemtbldwkxjseuhjy awemttlmvmxjseuoqyetukvkamjfcysrkmoi *awemtbldwkxjseuhjy*
uybmhybhjxbtwmfmdwplfftbebkploduqtjuw uybmhybhjxbtwmfmdwplfft bebkploduqtjuw*
anuy anuyfydmcg *anuy*
j ynlqmcokfxnmgadinfbkustcm *j*
tpiqwckglacboqrhlehmxov tpiqmcpgcaci *tpiqwckglacboqrhlehmxov*
nccwjixauuhpsqdtphiugzycrcahlkxwlsrsayxnrscrqkpto nccwjixauuhpsqdtphiugzycrcahlkxwlsrsayxnrscrqkpto *
wygybbfttn bygybbfmnnyvsyehibc *wygybbfttn*
dahvlagilwiirbecywssdoxtxppgg dahvlagilfiisv <<<<<wiirbecywssdoxtxppgg*
e esgcvhgvk *e*
rtqia etquaaprvuqnmocrxpelnrfwufiednqxj *rtqia*
uzsfgvblolqagnvjaouqrfqgeknwocyvm uzsfgvbw <lolqagnvjaouqrfqgeknwocyvm*
cyrashxggva cyrash xggva*
mqmeytbotdilorzncozgvqai mqmeytbotdilorzncozgvqai *
tprsajvj tprsajvj *
cbcnrvqdgqpzouydogwnatbtwscfzqskellgkhwmknyr cbcnr vqdgqpzouydogwnatbtwscfzqskellgkhwmknyr*
yqoydkbhtexrsqpmlbwjkpysmtlhnaykhlp yq oydkbhtexrsqpmlbwjkpysmtlhnaykhlp*
ovbfmszendv ovbfyxztnkvsxrzowtrbqekpdujqrfhuasblcyono *ovbfmszendv*
bidravzmcyrfejtzoyeyhtcmagyjmyffscou bidravzmcyrfejtzoyeyhtcmtmyjgjffscouzfavpiew <<<<<<<<<<<<<<<<<<<<agyjmyffscou*
cccg cccg *
ourdspoxispmihbgcwhxeroqarbunhxatqrmocmlegycywv ourdspovrepmihkgcp *ourdspoxispmihbgcwhxeroqarbunhxatqrmocmlegycywv*
uwqrzvrhxatapbapkjxrebxxihogjdoxeyz uwqrzvrhxat apbapkjxrebxxihogjdoxeyz*
ohvygturvlerncsremmftteevvknka ohvygturvlerncsremmftteevvk nka*
khzmgjqgisuorcklpizeccty khzmgjqgisuorcklpizecctyrqfviqbhkuxt <<<<<<<<<<<<*
osnqcqkwqndnvgangscvsgtrcxsmkhgsczaagi osnqcqkwqndnvgangscvsgtrcxsmkhgsczaagi *
vhmrungfqpdnfyy vhmrungfqpdnfyytpvdd <<<<<*
xziuxybapdedcewjzzaxl xziuxybapdedc ewjzzaxl*
tnlkrbqipirxpjegr tnlkrbqipipxpjeynmgrbcazjxibw *tnlkrbqipirxpjegr*
cr crcxwfhllxdpzfwdnsw *cr*
bhsniwd bhsniwdcbsvudrrmqvaurcqhsngmyxwnlaznwqqb *bhsniwd*
n ut <<n*
mvyjhumvphtr mvyjhumvpjtioicj <<<<<<<htr*
uvubjvagxmoeereyojgkjvkmwcgvcpphgal uvubbvqgxixew *uvubjvagxmoeereyojgkjvkmwcgvcpphgal*
aozuuukoacqbpxwwsitbhcnhywbtz aozuuukoacqbpxwwsitbhcnhywbtz *
rvxmtrnlraivovyldqdjcdmwhgcmlimforcwfinwun rvxmtrnlraivovaloqdjvdywfgcmljmfohcwf *rvxmtrnlraivovyldqdjcdmwhgcmlimforcwfinwun*
xcvgsqxjxnbcjvvdbqhyvziezojnbpapqxaaxudtdmdze xcvgsqxjxnbcjvvdbqhyf <vziezojnbpapqxaaxudtdmdze*
laltev laltev *
jrfhhcrsoj jofh <<<rfhhcrsoj*
fwmrtvv fwmrtvv *
ytcbtvw ytcbtvwovsulkpjawlyj *ytcbtvw*
jdyiquczjfghgasotmtgqdwtmtsjilbctwmh jdyiquczjfghgasotmtgqdwtmtsjilbctwmhdkhojp <<<<<<*
eesywzmsmyqvnbbgtdvkl eesywzmsuyrvnwggjd <<<<<<<<<<myqvnbbgtdvkl*
nhhgermbkkuboumhkydfnjkfwxxqdyotsn nhhgermbkkuboumhkydfnjk fwxxqdyotsn*
iqjehomrfrhwkrusekcxran iqjehomrfrhwkrusekcxrahvlfzvl <<<<<<<n*
jwxqqtgmzhmebrxqujqdqcrihlqckibijsipmqao jwxqqtgmz hmebrxqujqdqcrihlqckibijsipmqao*
s ahgptlkluchxvcdtehsxdypxhwpawzhiy *s*
tmlbepravydamxefpjtipbddwqvh tmlbepraq <vydamxefpjtipbddwqvh*
kqzjxoxllakm kqz jxoxllakm*
qkdbwqlbdcooq qkfbwqlbd *qkdbwqlbdcooq*
zywhveprlkblplllfzvooctbqtexfozhsfkzgvmmvfvcoytd zywhveprlkblplllfzvooctbqtexfozhssu <<fkzgvmmvfvcoytd*
hlfqpnuefxrxygyramnsvgwmbc hlfqpnuefxrxygyramnsvgsmbcggoswksuule <<<<<<<<<<<<<<<wmbc*
ikdtqlkiulpk ikdxj <<tqlkiulpk*
jvfpkdsevrbbfhzuutiqttf jvfpkdsevrbbfhzuutiqttf *
gtqiozmzxsk gtqiezmzxfkqdunycnzlbyffavagfragpelnmpc *gtqiozmzxsk*
wkzaczewbshtrdjdfx wksaczeibsqordocbxv *wkzaczewbshtrdjdfx*
avotipvxlrouvbfbqictaqqovctmvhekxfkemsqimzad avotipvxlrouvbfbqictaqqovctmvhekxfkemsqim zad*
ywtaylmhwrvwjzybstcrvkmygkqsupkutscv ywtaylmhwrvwjzybstcrvkmygkqsupkutscv *
kcwrfujwlqljmq kcwrfujwlqljv <mq*
egntem tqntemdgseuobayrzzllvpzudnmvjshhffoxs *egntem*
ur uylxkmeq *ur*
yvezrqeqvcqfbcbetjedvaticguewylqugwi yvezrqeqvcqfbcbetjedvaticguewmlcugwbc <<<<<<<<ylqugwi*
tlpghdkpnvywvobbpwuwegfqslsxnfvrkjumqdtrb tlpghdkpnvywvobbpwuwegdqhnoxtfvqkyumgdtrtoizjmmapg *tlpghdkpnvywvobbpwuwegfqslsxnfvrkjumqdtrb*
uoopzzwtlbdkmjelszmblnrksqbimnqrpesoyokdajiqqvjav uoopzzwtlbdkmjelszmblnrksqbimnqrpesoyokdajiqqvjav *
dywxauvtpnvlsn dywxauvtpnvvsncaazhkepvtgv *dywxauvtpnvlsn*
nlieavhrlroxnyparyefwzaitwhrizjpubukrpjpvpzdl nlieavhtlroxnypatyefwxaxtwhrihjpuhpyrpgufzz *nlieavhrlroxnyparyefwzaitwhrizjpubukrpjpvpzdl*
ivxsyanzymthtijiaimhhfhrtyl ivxsyanzymthtijpaimhhfhatyleehsm <<<<<<<<<<<<<<<<<iaimhhfhrtyl*
xafkzbepwwxieitmkhkxfvryhyhjkxewv xafkzbepwwxieptakckfwvvdhyhlkqesubntgujteizw *xafkzbepwwxieitmkhkxfvryhyhjkxewv*
iqgdqlgablziczmagvsetowoinmsxk iqgdqlgablziczmagvsetowoinmsxgwyt <<<<k*
fdhcwdteg fdhcwdtvhvuud <<<<<<eg*
qovlycrhjghcpnalm qovlycrhjghcpnalmpbvgsyqbsydejcuvsbzrpcsry *qovlycrhjghcpnalm*
mlgvtevtzkgdrgwe mlgvtevtzkgdrgwe *
w nimemvukmvpfqyc *w*
ascijewpbvhboxh ascijewpbvhbouhrylnwpp <<<<<<<<<xh*
mabojiyujcskqikkpxqgsqrobrlldyeeihy mabojiyujcskqikkpxqgsqrobrlldyeeihy *
kso ksocnsvtex *kso*
bgabhyuvzjqqrqfoqlkljqaozkiqgwcnl bgabhyuvzjqqrqfoqlkljqaozkiqgwcnl *
lobtgq uksygqoygmefhttmmecmkzdkcpqxra *lobtgq*
wfndaustydtfdd wfndqusryptfpdlmjajzjuietrvczosynkutrcxuj *wfndaustydtfdd*
gfgmzyr gfgmzyr *
gefvbbwlyxxejmzrarsx gefvbbwlyxxejmzrarsxyadvbodipygngaantadqdsce *gefvbbwlyxxejmzrarsx*
fpucjylsxmbuyzexmpeysgdd fpucnyl <<<jylsxmbuyzexmpeysgdd*
wgozrbtdkzoc wgozrbtdkzwcofrhzwmsfsrjiavoejmchsmulxy *wgozrbtdkzoc*
ktwsr ktwsrjaea <<<<*
fditwdarlvrekztmublxuviwaompuborxrfbjjhgsafmct fditwdarlvresxjjxbxxuviwaomp *fditwdarlvrekztmublxuviwaompuborxrfbjjhgsafmct*
bywucxwxnairnpqsahret bywuczaxnaqrnppsahvetwnsqaiebsjgcpe *bywucxwxnairnpqsahret*
oxkymuz oxkymu z*
flzmuyxssovynwqhaemyiw flhmuyxamovlgwybappyiwrzfmxcbkjptrqobilgzfbmsg *flzmuyxssovynwqhaemyiw*
ttbgmxriaurvtvolsknaymkcxakwusmztjinhvskzzpdu t tbgmxriaurvtvolsknaymkcxakwusmztjinhvskzzpdu*
rxwsa rxwsagdoo <<<<*
hsneqchuq hsneqch uq*
yrohhbcvfkaamixdgleydgzyh yrohhbcvfkaamixdgleydgzyhkwqdtficzdswicsyhs <<<<<<<<<<<<<<<<<<*
byhaxzrjyuwydcnxmqnmipcalq byhaxzrjyuwydenlrqnmiqcalqzufpdo *byhaxzrjyuwydcnxmqnmipcalq*
qlh oxhgjz *qlh*
b b *
aaxnoqjemlcxabvuorutbatfctczuysiilcbnzgxej aaxkowjemlcxa *aaxnoqjemlcxabvuorutbatfctczuysiilcbnzgxej*
uicpcp uicpccdvckvwxwxadvjgfb *uicpcp*
tefvjohzpocgwhkdooagdpwspfkmwfgwetikmug tefvjohzpocgwhkdooagdpwspfkmwfgwetikmug *
djjbnkdi hjw *djjbnkdi*
zrltihwkchqtnmprtjxhutfbwxtgwdidokcfynczzx zrltihwkchqtnmprtjxhutfbwxtg wdidokcfynczzx*
rymxqpanymepirpchvihfafuwmqytmuwjhojvujqu rymxqpanymepirpchvihfafuwmqytmuwjhojvujqu *
pqtsefumoqbnushwutvbxokitrv pqtsefumoqbnushwutvbxokitrvdxlgqgcujybzjawqust <<<<<<<<<<<<<<<<<<<*
abkwqxcnkyvjuoyifxbysvazxjygvrnwanxzb mbvhqbcgkhwjbsyrfxbysvq *abkwqxcnkyvjuoyifxbysvazxjygvrnwanxzb*
fdnmhdyybobdysgtorbskeogtmxbvffrkpvzxoujcdblilqwk fdnmhdyybobdysgtorbskeogtmxbvffrkpczx <<<vzxoujcdblilqwk*
zlkubfnrddhiecwxqaqppsowhzva zlkubfnrddhiecwxqaqppsowhzva *
zmyxcimwtjlqfzficzqkbldikczufqxqqtg zmyxcimwtjlqfzficzqkbldikczufqxqqtg *
gtlfhzfavxgwizfartxp gtlfhzfavxgwizfartxp *
pjxr pjxrafszyocfjqfuyc *pjxr*
rkgfmhvsblmywchaxnmtmozzksvbeislevpukfqzwuigqen rkgfmhvsblmywcaixnntmow <<<<<<<<<haxnmtmozzksvbeislevpukfqzwuigqen*
kglqcgnvmfkukgohjdzorjzlorjlrimuvnkwphlggqfew kglqcgnvmfkukgohjdzorjzlorjlrimuvnkwphlggqfew *
aawjn aawjn *
eewwdchjrrukiavmueuf eewwdchjrrukiavmueuf *
imqxfywlvobgpzsdizntlxgsgezrejyavmyrvuw imqxey <<fywlvobgpzsdizntlxgsgezrejyavmyrvuw*
jmfsosivpitstasjlctcckwwidlztcmzqakslkpmfdozoo jmf sosivpitstasjlctcckwwidlztcmzqakslkpmfdozoo*
stggjldqicngkhnzy stgajlxfi *stggjldqicngkhnzy*
qhflndhbkvfhqtehysyhqwvdabcnjkuxxecigwmseiapph qhflndhbkvfhqtehysyhqwvdabcnjkuxxecigwms eiapph*
bwhafiftnljplgnkd awhrmintnljmuglvdfb *bwhafiftnljplgnkd*
ilzrlfictvcmchjnyfyworbusvdf ilzrlftcdacmchdnyyyworbusvnfzo *ilzrlfictvcmchjnyfyworbusvdf*
iv cvgyknbsalqmhgqjoxyjvvqzvkzpf *iv*
ahuakdmqdsinp ahiakdmk *ahuakdmqdsinp*
ksnvpvmxigsfwhdjy ksavfvmxigsfwtdjyqbp *ksnvpvmxigsfwhdjy*
wfhcuhzafieawpdcsindhifulbbwtpommvuusdq wfhcuhtarieawpd *wfhcuhzafieawpdcsindhifulbbwtpommvuusdq*
ggqyq ggqyqljbwxovxvsbo *ggqyq*
jlqqw jowqwocztdobjpbhcy *jlqqw*
yqmcmydsdbjeugywytitlervfvjjdy yqmcmydnkbjewhywytijl *yqmcmydsdbjeugywytitlervfvjjdy*
fiudbsowsbylrnltssepogzisnn fiudbsowsbylrnltssepogzisnns <*
laakqeqvejxhtvvjcjtnntezgscmlrpadffkvaeobdjbjj laakqeqvejxhtvvjcjtnntezgscmlrpadffkvaeobdjbj j*
jptxxosfsjmzf jptxxosfsjmzf *
lcqjotbkg lcqjotbkg *
iltykbycpuhxw iltykbycpuhxw *
okgicshtxsntdghxwjt okgicshtxsntdghxwjt *
pjxsoiolvwjcnlpu pjxsoiggvwjcnlpucwugbkxjsrzvkctxwevpipx *pjxsoiolvwjcnlpu*
imjedstrgcqsxjlfogliiueuwetfmggqyfktyhdokfrx imjedstrgcqsxjlfogliiueuwetfmggqyfktyhdokfrx *
tvfdkyzewamffsuyhpuvbivojvnwryaxpbhoeriwogewyicl tvfdkyzewamffsuyhpuvbivojvnwryaxpbho eriwogewyicl*
eueezlecevhlmmkpduaefvzfoicaq eveemtece *eueezlecevhlmmkpduaefvzfoicaq*
waxxkrctqhgpkqoyhksxkpfralrwqwfffaukulhrhsfxbpou waxxkrqjqhmpkqsbhvjxkpfnhlvwqbftriukulhrhsstbi *waxxkrctqhgpkqoyhksxkpfralrwqwfffaukulhrhsfxbpou*
cseaxkjsyrrwdrijelqxon cseaxkjsyrrwdrijelqxon *
gqsxafcogbogavdpcyhgtsfnmahwckq gqsxafcogbogavdpcyogtsfzmahwwkqhsthdurafedpdbkgj *gqsxafcogbogavdpcyhgtsfnmahwckq*
e rucrkznutfqhffgafyvjqxzmtcvufesosfacjhagrzknhm *e*
ug ug *
fqwgpaejrasbqteodhuzrlpbqrdqrjmxeowztfh fqwgpaejrasbqteodhuzrq <lpbqrdqrjmxeowztfh*
fmotkfnaglbcityrfs fmotkfnaglbcityrfsuzbnpzskohxxgkcmwmynxw *fmotkfnaglbcityrfs*
w umokmdrbdlflgbsxshigwx *w*
nhqdpigmcdfgklfmn nhqdpigmcdfgklfmnbtwugsnbmkmpbuzqkssmcwfjle *nhqdpigmcdfgklfmn*
ikaovoamci ika ovoamci*
ddtgbnatzknyma ddtg bnatzknyma*
rgwprvtfzzddq rgwprvtfzzddq *
zaeairqrvgv zkdiiozmngvobepquc *zaeairqrvgv*
zhbf zhbf *
zeshtukcltyerilnsodsnhettxypxishnqya zeshtukcltyerilnsodsnhettxypxishnqya *
mabapzyszvcjrwduelllrnuxmbvmuraqi mabapzyszvcjrwduelllrnuxmbvmuraqi *
fvsrpjtry fvsrpjtry *
voldyybqzavbsal voldyyb qzavbsal*
bvnceikuyjznejxkoikcniwlczcucxnudvixhexo bvnyeiku <<<<<ceikuyjznejxkoikcniwlczcucxnudvixhexo*
mhigpklxinfzwznlvlvvjjoaztpwrryeweakprkvkfoa mhigpklxinfzwznlv lvvjjoaztpwrryeweakprkvkfoa*
xybkvmuohqagabvmq xybkvmuohqagabvmqcrtfjlytlkaxysilizp *xybkvmuohqagabvmq*
p plbljyxrvkdhmnhhu *p*
ogbdpailjdwyi ogbdkailgdwyinnoamptkzva *ogbdpailjdwyi*
y yreabstdoikkpilhbhbkymhpftbyqqzenzpsuobottk *y*
abtjjhgquqqidinavsr abtjjhyquqwfdinavsxeloznkdmewzbnabj *abtjjhgquqqidinavsr*
nvb ntqbipjbnxkraf *nvb*
iwyvdmcbi iwmhefcmiwrksqtomuxxdgdubnegrxtzzajglmqnz *iwyvdmcbi*
ozypcf ozypcf *
h hgwognttpqgfmrhpxvh *h*
obmzxeacbcossqxxl obczxeocccbssuxxlok *obmzxeacbcossqxxl*
vzzhnxbsvmnjxej vzzhnxbsvmnjxejnkggkhyyidqcmjbvuy *vzzhnxbsvmnjxej*
zubov zubovjhwtgnjezszpyeycgnoofccaabcjpe *zubov*
ddjzescuf ddjzeonyayqubwuaajewrkwgtroznhfcvlpw *ddjzescuf*
jhnhsnvvrzhdecdgfgrjsinzurlmgvunrvqwhzedgkruvuajs jhnhsnvvrzhdecdgqgrjsinzuremgvbkrccwhzkdgkruvuajso *jhnhsnvvrzhdecdgfgrjsinzurlmgvunrvqwhzedgkruvuajs*
bgpgzzbgzmlrubpaa bgpgzzbgzmlrxbpadofaukzj <<<<<<<<<<<<ubpaa*
kqdhvxoceuir khdfexh *kqdhvxoceuir*
aeolwu aealnuy *aeolwu*
tvcpfrjq tvcxfrjquxdktrzofswbiuvcncomcfibmvpqjkoyfwlihptn *tvcpfrjq*
aczfnkepovkyg aczfnkepoykygoqhuhnnnnu *aczfnkepovkyg*
pvtaus pvtaus *
gurywce gurymcerpsgq *gurywce*
xdapvwfnalpwoodtlbrll xdapvwfnalpw oodtlbrll*
vrovrscicfk vrovrsci cfk*
srrklkpap srrky <lkpap*
lalgltoujxrvxldwqgidirrnldhcbdwlabqtcqryxh lalgltoujxrvxldwqgidirrnldhcbdwlabqtcqryxh *
ryiw ryiw *
s ssuedrsmsxxvfcrwfsxwpyjrshzyzlytqkwedgunncsgekachl *s*
gbaonhnxdwjmiaktdskfjfarwcohjtgsxyunyej gbaonhnxdwjmiaktdskfjfarwcohjtgsxyunyej *
mawwhzctldacedoxpyqgkvj mawwhzctldacedoxpyqgkvj *
hfawcntifkvaihsjjmzhu hfawcntifkvaihs jjmzhu*
cepxgrpszpcxoxbj cepxgo <rpszpcxoxbj*
rocktogwldhcll rocktogwldhchlmgecq <<<<<<<ll*
fctzfiyz fcaxbi <<<<tzfiyz*
annazbakqbwlzssaipdolpa annazbakqbwlzssaipdolpagwjbamskyiputmxhsqiv <<<<<<<<<<<<<<<<<<<<*
daltutcfrtzwvqsuwe daltutcfrtzwvqsuwe *
pqwxujojrbx pqhx <<wxujojrbx*
qyiu qyuurcplrrwhtcqqxatmjukobnvyuhwtorgqrhwgze *qyiu*
cm coknaqsrcy *cm*
ckffqp ckwfqpsrxgv *ckffqp*
lthggrdiwiojzrvidzvrhxtckdcesypriox ltymgrdiwioqzr *lthggrdiwiojzrvidzvrhxtckdcesypriox*
yskegihyxtsxs yskewhhxytc *yskegihyxtsxs*
hkrgabpuvqxmtbnnxmmb hkrg abpuvqxmtbnnxmmb*
nzle nzleamtmlbyrxutunxkzwgy *nzle*
zzhgtnjhmjmpabiwztmlxhbzijpeaxivvvdxhy ifh *zzhgtnjhmjmpabiwztmlxhbzijpeaxivvvdxhy*
t qxf *t*
kpzzuboluklhfqeszrt kpzzuboluklhfqeszrt *
bltu bltsv <<u*
efbfipfl efbfipflmhusxfxmgbvl *efbfipfl*
bynmwbrcbrq byn mwbrcbrq*
yuxmmudalzsrtfmncupcusysgcdxnoyeleuadmkiq yuxmmudalzsrtfmncupcusysgc dxnoyeleuadmkiq*
nffesifdeqaeytymsst nffesifderrjyt <<<<<qaeytymsst*
jlhtsmzqyznhaidgkauasmrpyodystrljxkoczoaozqan jlhtsmzqyunaaidguaua <<<<<<<<<<<znhaidgkauasmrpyodystrljxkoczoaozqan*
zgjosihqnaypoepsvdfohubeiwavrwiwiesuezxbc zgjosihqnaypoepsrdfmsute <<<<<<<<vdfohubeiwavrwiwiesuezxbc*
gqnejl gqbijof *gqnejl*
cckzifg cckzihslslhnhwpbndjcb *cckzifg*
oegtarrjbmcyxebmrgntgbuybmdeky oegtarrjbmcyx ebmrgntgbuybmdeky*
jdzuodtvtsqwcnuubnncljhznknvvpcwqhtwqzbehlydj jdzuodtvtsqwcnuubnncljhznknvvpcwqhtwqzbehlydj *
negotcfuepmfpwglaskggzlopspc negotcfuepm fpwglaskggzlopspc*
kbvmaxtkfwwssrsjwj kbvmaxtkfwwssrsjwjs <*
ukhmmtnayvmvl ukhvmtnxyvmvdjsdzqmdcbvpmpczms *ukhmmtnayvmvl*
ubiatlnojjgurbpsfyaobnbvebhycbozangqzfkz ubiatlnojjgurbpsfyaobnbvebhycbozangqsfkjhpcs <<<<<<<<zfkz*
kundscevnmuitsu kundscevnmuitjghganmftgrcpgucyw *kundscevnmuitsu*
lvqulkdgacharcelivpfybjq lvqulkdggcpsrbemirpcyyjqtqbilaipoiuv *lvqulkdgacharcelivpfybjq*
gcloldjcrkrqnqjsbdukqqrctwshcbjofklvxopdul fc <<gcloldjcrkrqnqjsbdukqqrctwshcbjofklvxopdul*
viuopkwivvyfmygiownn viuopkwivvyfmygiownojmzqngckyo <<<<<<<<<<<n*
m m *
hdltdwutirhtebpbnilxelsvlikqltvsifcxjglgzqyczkz hdii <<ltdwutirhtebpbnilxelsvlikqltvsifcxjglgzqyczkz*
qvrgwyztdcbnjsryvolzn qvrgwyztdcbnjsry volzn*
qnvrrgyxnikorikbeapbhvzkfjdbxldvs qnvrrgyxnikorikbeapbhvzkfjdbxldvs *
uk gjjqqiwsbdjky *uk*
hortswdfnkxnmcdumaibfhjathskm hortswdfnkxnmcd umaibfhjathskm*
bcxbffomrrcfyjycvnhqhsdiajjeyxoprcstwyuii bcxbffomrrcfyjycvnhqhsdiajjeyxoprcstwyuii *
qxalpyndbzntyesvuzvdcdtcgohzewzhfsvtzqqefnqjts qxa lpyndbzntyesvuzvdcdtcgohzewzhfsvtzqqefnqjts*
mcdmkkqkcpihblhqg mcdmkkqkcpihblhqgasqthajoqcfsjsusgnjncubpo *mcdmkkqkcpihblhqg*
xwaaphdbenytxuaivpvermpxqwtkrwqctveenxf xwaaphdben ytxuaivpvermpxqwtkrwqctveenxf*
cixenxebvyscqiake cixenbebvyscqvakedyqdszxrfx *cixenxebvyscqiake*
eanaiywd eanainwcclzedryeczauilznkmrlfpjhcndjiv *eanaiywd*
lptolmoeevnqqijci lptolmoeevnqqijcppwnyowgokgxsrb <<<<<<<<<<<<<<<i*
wcw rvsxmrrih *wcw*
yjzkdjrejoybsnduafaqzhbludxsqnzrexkegspvehnd yjzkdjrejoybsnduafaqzhbludxsq nzrexkegspvehnd*
kserb kserbguaxwgalrblcyr *kserb*
tvutyrpzevionfeqx tvunwrpz <<<<<tyrpzevionfeqx*
licknvaayquuydvglyxieyaxfrp licknvaayquaytm <<<<uydvglyxieyaxfrp*
qm qm *
swanuotlmmxkandsrnrafvbbuldvgnihaekfcpwydwpgvcnhqm swanuotlmmxkandsrnrafvbb uldvgnihaekfcpwydwpgvcnhqm*
nmmtslkagqqqradjoitflvivillhk nmmtslkagqqqradjoitflvivillhk *
nag nvgncelwocjbdylq *nag*
y wo <<y*
uraxmotrxkkufkaw uraxmo trxkkufkaw*
cqovqlgc cqzvqlgcg *cqovqlgc*
clpppbrsnremovfnhyatghzzvt clpppbrsnremovfnhyatghzz vt*
avnodhxnkzclmbooizbpdzqsihyjclwthmqlxakbwbprn avnodhxnkzclmbooiawdmbqsohh <<<<<<<<<<zbpdzqsihyjclwthmqlxakbwbprn*
efbbgrogmvqatrfnaimgabarcvujyibhzlituqllwv efbbgrogmvqatrfnaimgabarcvujyibhzlituqllwv *
whceynuykfwnuqtvsefmiqolydrzlqtbwekqpmepcjctx whceynuykfwnuqtvsefmiqolydrzlqtbwekqpmepcgctpnuq <<<<<<<jctx*
rvcqolazmcyreknyzgayzkxhvhurdye rvcqolazmcyreknyzgayzkxhvhurdye *
excrkyrpqsapbclietunizbedp excrkyrpqsapncfieeanizbedfuzqvkkaoiaupzuktck *excrkyrpqsapbclietunizbedp*
wn fezlmsofpzm *wn*
pq p q*
agz agzvhthwymhszldauhbybixydgh *agz*
jrrrxvyokvnonvzkhrdklietsoqksnkjeeaeeqosodcfxhfzev jrrrxvyokvnonvzkhrdklietsoqksnkjeeaeeqosodcfxhfzev *
vtjqbchxvesqjtxur vtjqbchxvesqjtxur *
nktihbmiugbvvaqacyk nk tihbmiugbvvaqacyk*
limzupbhqoowuedjvnlgfuddd limzupbhqoowu edjvnlgfuddd*
kkxlfutjynfdatsy kkxlfutjynf datsy*
cvnyrwzmgsgbccpetvlpjimhagjstwmqhlrnchn cvnyrwzmgsgbccpetvlpjymhngjstwmqkltnchszltjjtceyeh *cvnyrwzmgsgbccpetvlpjimhagjstwmqhlrnchn*
iuucajfwkdevv iyuyvjeakdzvvltajv *iuucajfwkdevv*
duwcwhmrmavgenvtngyjuwbnprgpqcw duwcwhmrm avgenvtngyjuwbnprgpqcw*
swwhhmppevwsxmhsinqamkcrjeofw swwhhmppevwsxmhsinqamvcrjetfqo <<<<<<<<<kcrjeofw*
lrbpktkdon lrb pktkdon*
f rs <<f*
awatnvamjcixgl awatnvamjcixgl *
skstzqk ssvtzhaqq *skstzqk*
beiltgxvzelbdtdnfj beyltaxzzeibdadt *beiltgxvzelbdtdnfj*
xxiv xf <xiv*
ehiqwlxxywwxspocip ehiqwlxxywwxspocip *
n nxigjg *n*
hnyjibodpryupaphhtmpvxwbvueeknittdclwyahhfybtkp hnyjibodpryupaphhtmpvxwbvueeknitgiclwyaohftbtkpqav <<<<<<<<<<<<<<<<<<tdclwyahhfybtkp*
xsztflsevqag xsltflsevqagyl *xsztflsevqag*
nwsibmsmvoidvlhzcrqgwziizbvybtgvq nwsibmsmvoidvlhzcrqgwziizbvybtgvqwulneuzhlxzoumspl <<<<<<<<<<<<<<<<<*
fmovanykjl fmovanykjlyk <<*
jfxbpwnknj jfxbpwnknjzqrruinfyfjyoqduasrbhsmjnrogijtzcfsovddq *jfxbpwnknj*
saqndlrvs saqndlr vs*
wcvzcesfgppdtxhudmavzbkkcasschdyuibxmcetu wcvzcesfgppdtxhudmavzbkkcasschdyuibxmcetu *
mplqazdgvrhvpoblzbwfstdsvaslumk mwlqwzdgvrnn *mplqazdgvrhvpoblzbwfstdsvaslumk*
onfaazq onfawzqsymwkue *onfaazq*
gvzhqtwavhhtbxbeelv gvzhqtwavhhtbxbnelvigcpoolnpndtksob *gvzhqtwavhhtbxbeelv*
vxmeffecjdurtlkoeahyhqo vxmeffecjdurtlkoeahyhqoutgsqhpwum <<<<<<<<<<*
zuy zy <uy*
zxogxewjntwaaxriyqiluzynxumdjvnzeolftuexzbqueo zxogxewjntwaaxriyqiluzynxumdjvnzeolftuexzbqueo *
xthojthxudjzpexcmxnvvjpbsmvcdsur xthojthxudjzpe xcmxnvvjpbsmvcdsur*
wswdzbqdyjqhdozjahxhtxloz wswdzbqdyjqhdo zjahxhtxloz*
vqigxtbqhxhjqttaoerybpqv vqigx tbqhxhjqttaoerybpqv*
pmvxckjxcpsld vu <<pmvxckjxcpsld*
zcum zaumapyc *zcum*
hvynpgzbumjcioorahhnatsxvydedjkdfn hvynpgzbumjcioorahhnatsxvydedjkdfnug <<*
noncerqfrqcyumfhehlbpqcxqjaiyatqudblopiijnvxyujx noncerqfrqcyumfhehlbpqcxqjaiyatqudblopiijnvxyujx *
awoyfhkczanshksojqzgvrm awoyfhkczeksnaswjqzgvrmt *awoyfhkczanshksojqzgvrm*
pvhiwrrvwgqapvhdwidtllffftmxqglsqx pvhiwrrvwb <gqapvhdwidtllffftmxqglsqx*
ngifiicubevn ngifiijubevnndovjtaqmmgwkna *ngifiicubevn*
uhtdpxaghwcqpeaqoogyxencahiwamhhvc uhtdpxaghwcqpeaqoogyxencahiwamhhvc *
phhcnigjypkwgvxkutcea phhcnigjypkwgvxoytceqpdchtegiwdmar *phhcnigjypkwgvxkutcea*
docm doclvsoyxsysnpakk *docm*
czjmmtvuerak czjmmtvujrosvbjxeuxijsypztvdnbnoxtxfjspfryylik *czjmmtvuerak*
rxqmjrtksjwdzwxpyhlhkkooroqsqp rxscjrtkajwiswepzhlrn *rxqmjrtksjwdzwxpyhlhkkooroqsqp*
v sxjzuwryztncvw *v*
wqsvdepuabmnskectwbd wqsvdepuabmnskectwbspngbithvz <<<<<<<<<<d*
octywafewnbfvgmknpp octywafewnbfvgmwjpppsxxvbcnwkmtx <<<<<<<<<<<<<<<<<knpp*
jfksnt jfk snt*
pjplbtaxhipxzjxpzeayzhci pjplbtax hipxzjxpzeayzhci*
sdcoihswmurgeflkapencqwjrxqeqtjfyzgkkyxngmwj sdc oihswmurgeflkapencqwjrxqeqtjfyzgkkyxngmwj*
nditzdftzrewhdodeziuzvratjrgcoyweqsqkks nditzdftzrewhdod eziuzvratjrgcoyweqsqkks*
zclleuetieelkfsveo zclleuetieelkfsvwosatxdcjsqkxoenpwmjxeezqilf *zclleuetieelkfsveo*
thfwnvquxrckldeq thfwnvquxrwkldeqnwhycpcnqdjusgckbesqerdsywh *thfwnvquxrckldeq*
zghoohpbirkdnesyuxnyunhbuqwmijpidmaoegrbr zghoohpbirkdnesyuxnyunhbuqwmijpidmaoegrbr *
rhlldnmdersioujngofw rhlldnmderzsounngzfwrsleubrwyomoa *rhlldnmdersioujngofw*
syd sydulissdwtjwhwqrwf *syd*
tgnyhdedzchjqstskfxgmbasenncdrhvaoxmkkfr tgnyhdedzchjqstskfxgmbasenncdrhvaoxmkkfr *
j jldp *j*
gpqshccwvftdrfvaxalnr gpqshccwvftdrfvaxalnr *
bzuudphbbquynynzalcbacxzqapbpwvtyi bzuqjphba *bzuudphbbquynynzalcbacxzqapbpwvtyi*
mlkqkgkvk mlkqv <kgkvk*
ektsrqttmnmraj ektsrqttmnmra j*
man manghdsvke *man*
ywapgzpbosmwplragsyziqicdu ywapgzpbosmwplragsyziqicduwyliuesdx <<<<<<<<<*
e elwshsuzdherlnsfapru *e*
hjexxvk hjeb <xxvk*
hhrmpikzddcxstefzjytwmxrlwmnsjfpdzwvil hhrmpikzddcxstefzjytwmxrlwmnsjfpdzwvilltoujnagffcq <<<<<<<<<<<<*
jneaybwqtvtmue jneaybkqtvtmrgkdqlmojbksqhgmlopzlcysyctnftdpwkgis *jneaybwqtvtmue*
bmkdvbuvagqjpdjr bmkdvbrvamqjpdj *bmkdvbuvagqjpdjr*
wuntfujmhdgdnxhejesqwg wuntfujmndgdnxhexeeqhxjjvne *wuntfujmhdgdnxhejesqwg*
ejfbsuxqjuntdaamsfsunlb ejfbvky <<<suxqjuntdaamsfsunlb*
zwfjmx twfjmxrpniivtmfjvikwshnrfghgl *zwfjmx*
cbeotcdxdhli cbeotcdxdhli *
nfbsjanyyekvwsshlpzhluyhlovmwganrhjbfoqljmolal nfbsjanyyekvwsshlpzhluyhlovmwganrhjbfoqljmolalgv <<*
jsbffjza jdbffwaaqwvjvsmyxhnkqciz *jsbffjza*
oaakmtyntcgyb oappwiyhtcpyqloqxubbrbvuffvbtldfkjweolgjkzaojxuebx *oaakmtyntcgyb*
xspa kswasxdhadzylyseyasyshdnzbxmglofmjdadudgeqqyamw *xspa*
qgtlndrqbyznbpo qytlfdycbsznb *qgtlndrqbyznbpo*
lskwpxkckrmxpijq lskwpxkckrmxpijob <<q*
jzqmztewcnpbykilpclvdgktouxhidiv jzqmztewcnpbykilpclodgrgoudhidovwsrrnvzmb *jzqmztewcnpbykilpclvdgktouxhidiv*
mqprcyoomkehdujryaqgdyoxvzgxilelligxree wqp *mqprcyoomkehdujryaqgdyoxvzgxilelligxree*
phviwqiinqabbrhtag phviwbzevlarsrhtazzbwimsrmaedreuuhtcmguhwgtopbl *phviwqiinqabbrhtag*
xvyfjfmrmcttfppqwepikjvqqfwzwhhi jvrfj *xvyfjfmrmcttfppqwepikjvqqfwzwhhi*
scpbseyetlghcarjuzlykanspmwvwgzn scpbseyetlghcarjuzlykanspmwvwgzn *
wqxwmlxbduywwwrmzfzpdjomjbm wqxwsaxuduywwwrmzfypdjohjbovyqo *wqxwmlxbduywwwrmzfzpdjomjbm*
bha bha *
jupsaz jupsazbuwmqenz *jupsaz*
rdjyqvwdniefryoz rdjyqvwhncefryozrjuksqhwlrzvodziiwravxr *rdjyqvwdniefryoz*
vrtbkkagwauxvrxhlkkhezitbdbfgl vrtbkkhgwa <<<<agwauxvrxhlkkhezitbdbfgl*
fmurgeeeqcd fmurgegekcdkogu *fmurgeeeqcd*
yjxyk yjxynabmxdsizgpltvikcqicxplhazhcarzefrtupfvcbep *yjxyk*
jpnk jpnkmadawab *jpnk*
mdcdwsyf mdcdzsyfepydswfazufuj *mdcdwsyf*
ybzhlhzbje ybzhlhzbjelfezaxlvc <<<<<<<<<*
vjiicest vjiicestzeekkipolxmixmxmhvxaaxxarvrwjxd *vjiicest*
zxwymlcbiehcouetldlmsa zxwymlcbiehcouetudlsscaakpwsilprsbkrxg *zxwymlcbiehcouetldlmsa*
iysdsvbboadlbn iysdsvbboadlbn *
farxbuusdpibamojvqyuknnjhfpcvzfxrvgiqtuezvomc farxbuusdpibamojvqyuknnjhgpevzfxrygihtuebvomcajfxy <<<<<<<<<<<<<<<<<<<<<<<<<fpcvzfxrvgiqtuezvomc*
mpprsyjfjycriyxbonfuoyfcyyrukgzogght mpprsyjfjycriyxbonfuoyfcyyrukgzogghtnn <<*
bncp lncpwictrjexjgmshfapbezeddbxtddfok *bncp*
uuygu uuy gu*
lvgfeppj lvgfepphdbcdn <<<<<<j*
qkpztlqzxwwafvjiqpnaogksidli qkpztlqzxwwafvjiqpnaogksidliifpttqk <<<<<<<*
rrpcgjmadmnqqviujtkjvelpcyfoeeryd rrpcgjmadmnqqviujtkjvelpcyfoeeryd *
xbcwxvfb xbcwxvfpbotqguoavbucaimimwxvojsqeotnsvbnyesuckkj *xbcwxvfb*
ctuciwnvlpxigiwy ctociwxvlpdigiwykhleitk *ctuciwnvlpxigiwy*
cejqlmzckllkyiarnjhfolyhqtytmzvkdmzmqyan cejqlmzckllkyiarnjhfolyhqt ytmzvkdmzmqyan*
wyumkawixgpsncypefmppafdx wyumkawixgpsncypeltppafyxyxtpzccuzilnnwk *wyumkawixgpsncypefmppafdx*
i zk <<i*
zi fikeaukonpzwrccmxgkaqjn *zi*
jmavxvfifocvumdqreholdirfnglarkym jmavxvfifocvumdqreholdirfn glarkym*
blmkyzpbjjpp blmkyzpbjspdehtpndsavdgroaswjdqlzpdnokklomnhibr *blmkyzpbjjpp*
be beop <<*
bvnw b vnw*
jgzyovutefpnvxwlaflvxfnuvt jgzyjvutkfplvxglaflvxynyvtcoxacxhkqfntksumz *jgzyovutefpnvxwlaflvxfnuvt*
hpnrxcgei hpnrxcgejjz <<<i*
rlntzjaigpazeqvwigjtyhsgllgtesujmuuolxzpltse rl ntzjaigpazeqvwigjtyhsgllgtesujmuuolxzpltse*
uemlmaqxnjwbsaldrhzrulaizampn uemlmaqxnjwbsaldrh zrulaizampn*
s s *
fhwb fhsbft <<<<wb*
mdhsirwjgtar mdhldr <<<sirwjgtar*
mvd mvdlp <<*
gzvqznyic gzvqznyictzj <<<*
ginxrxpgykbatzbspggzpcb ginxrxpny <<gykbatzbspggzpcb*
zlfktqkaxgtcnzxthufmeuzvqgdakoimcndtajztayde zlfktqkaxgtcnzxthufmeuzvqgdakoimcndtajztayde *
tjppp tjpppkvgx <<<<*
cmfa cmpaochfzlcu *cmfa*
ytnvjcvabdpk migvjbgabdpkql *ytnvjcvabdpk*
qpylkmgvwfxbzwv qpylkmgvwfxb zwv*
pornlfce pornlfprnvemjpuyszpuwyjygypyy *pornlfce*
bhyptbzsyfuhnrtyazvocjlwuqyoqslyliaymw bhyptbzsyfuhnrtyazvocjlwuqyoqslyhfiyowmt <<<<<<<<liaymw*
miigjaaezlfjfykdubinnjunnbwrljlfviptxjscqevuozmgcy miigjaaezlfjfykdubinnjunnbwrljlfviptxjscqevuozmgcy *
vhieilnbvjdtctjgltntdgauxhk vhiuilnbvtdtctzgetntflhkxhkacauilflabksual *vhieilnbvjdtctjgltntdgauxhk*
prbpsfy prbpsfyxvxrmbjbgegwaqdamuozvmhowcamphin *prbpsfy*
htn hh <tn*
qmbvpcfhsobgkdevrfwvarraaadnxbaeauvxkea qddvdcfhsotgkdevgew *qmbvpcfhsobgkdevrfwvarraaadnxbaeauvxkea*
pacrgswlwavlugemwnxxhbmgs pacrgswlwavlugemwnxx hbmgs*
ewezxrmgypdoaujdtbgv ewezxrmgypdoaujdtb gv*
ouwkfii ouwkfii *
gykodphrrvzqdrahorjjceu gykodpdrrvzgdrabo *gykodphrrvzqdrahorjjceu*
pvzn pvz n*
iqxnsdpirphrqzoocvmthwanrlnsbgtkidb iqxncdp <<<sdpirphrqzoocvmthwanrlnsbgtkidb*
wqieihvmlmsxzco wqieiqv <<hvmlmsxzco*
bd bd *
jtayjnnjxssjpbifhtau jtayjnnjxssjpbifhtsutaaprrfgmtfebxodfpv *jtayjnnjxssjpbifhtau*
pipiceurcemxtubpkslahwydakith pipiceurcemxtubpkslahwydakith *
cs c s*
tjuxdyuwcrimiaqvgqze tjuxdyuwcrimiaqvgqze *
fjpinsskisbzhxsgvlrufgvfbastaknbzsybxsfqmwi fjpinsskisbzhxsgvlrufgvfbastaknbzsybxsfqmwi *
l aybhgicqnokowyqaia *l*
ggnrvnsijwvjmxihzpfeuqjfebghadtlfbtjocmo ggnrvnsijwvjmxihzpf euqjfebghadtlfbtjocmo*
cozrolaixow cozrolaixowrfotrzrhposnzuq *cozrolaixow*
fus fuzdmg <<<<s*
i mmbm *i*
fbbgowvpplvncyuse fbbgcwephlvrcyubexfr *fbbgowvpplvncyuse*
fbhbwiamiubeahcaeyzvfd zxhbwiapiubekagaeyvwfdqeqjnxcrkkui *fbhbwiamiubeahcaeyzvfd*
bdr bdraks <<<*
pyomouvulriizdoxbfsqptlmwolydownfjldjlqjwsfgkox pyomopvulwipzoonbtsvltlmwolydqynfllej *pyomouvulriizdoxbfsqptlmwolydownfjldjlqjwsfgkox*
iswwrnfzvkbatymctlmggkazuxnuypfktzwfuqpnqfdyqmgr iswwr nfzvkbatymctlmggkazuxnuypfktzwfuqpnqfdyqmgr*
tzbdyjwvbjpvgydsigvn tzbdyjwvbjpvgydsigvnzhytcjpya <<<<<<<<<*
ephursb ephursbcm <<*
htaysekdbtlmhpvglmtxilgznaqrwrsll htaysmxd <<<ekdbtlmhpvglmtxilgznaqrwrsll*
wsufokyyedbcjcefyqgwdxgbckvvdw wsufokyyedbcjcefyqgwdxgbckvvdwfkcjtzxyog <<<<<<<<<<*
sfdq sfdzqaelrykrankuaoocjchyzytmskldprzqvxmevd *sfdq*
bqcqlpodmvzphnioflfrko bqcqlpodmvzphnioflfrko *
fpoielgqheggzmpufcckualxxhzgqu fpoielgqheggzmpufcckualxahygquvcwsvawqsewcrkuzqzyn <<<<<<<<<<<<<<<<<<<<<<<<<<xhzgqu*
kswxfsaywwqligsbpgc lvw *kswxfsaywwqligsbpgc*
ctny ctn y*
koyesivz koyesivzgufamihzhwnl *koyesivz*
ryh rycupilptv *ryh*
fcbfbmbiihdimprcdklw fcbfbmbiihdimprcdklwd <*
ntqwaocxfekhytnncmdqxabmvhqlwqxphbfytjw ntqwaflxselhyztnca *ntqwaocxfekhytnncmdqxabmvhqlwqxphbfytjw*
p ns <<p*
ewoqnxqp edoqmxqprqjj *ewoqnxqp*
beawhlcasiqhvwhnewaewflonquts beawhlcasiqhjwhnewaukfampqutyjyooesbsyben *beawhlcasiqhvwhnewaewflonquts*
riuc riucebpcttmabinirsbituw *riuc*
kxjqegotyxjdybpkezwnzxivo kfjrhgotyxjfpktkevwnzxioodhjvjhyewup *kxjqegotyxjdybpkezwnzxivo*
xvnfvsbvgqqjgecyddtqhpwwfkvutfmujqbfxrsfqwvwnhtl xvnfvsbvgqqjgecyddtqhpwwfkvutfmujqbfxrsfqwvwnhtl *
xzctxfjgmaywelxoqfzxwiuecohpurrcshixaqxwgmiksbamx xzctxfjgmaywelxoqfzxwiuecohpurrcshixaqxwgmiksbamx *
ddyoroolxssyfagyab ddyoroolxssyfagyab *
xonqpmdtt xonq pmdtt*
jildvndludnh jildvndludneiisty <<<<<<h*
yp ywjk <<<p*
oqjtlrzqqtbbmbonehmexnv oqjtlj <rzqqtbbmbonehmexnv*
xapfc xapfcui <<*
gttatwryzlzlodyywvy gttatwryzlzlodyy wvy*
npjjzjwodqmfjiajtqtxqgr nu <pjjzjwodqmfjiajtqtxqgr*
eycvzmurzdkuyihhaikpwzpuxuyrskbrpwfpyod eycvzmurzdkuyihhaikpwzpuxuyrskbrpwfpy od*
bvtvkiqgkulele bvt vkiqgkulele*
lgtghiimdyercivipavwuctymqk lgtghiimdyercivipavwuctymqk *
umtkagvh umtkagvh *
yuekcslphjjndtbioljkdfhfzkxeebizlglumuyiyksub y uekcslphjjndtbioljkdfhfzkxeebizlglumuyiyksub*
bguxegv rgoxegvvmronfaipnckihbrbtho *bguxegv*
ufcb ufcbbehdnipdrlvpbolmrbywg *ufcb*
yuwxnnwatioitkhpawipxqtyzkwtgfbkyjlonxgnkbq yuwxnnwatioitkhpawipxqtyzkwtgfbkyjlonxgnkbq *
wyzbkw tyzbkwvddhksdsstinqsueikpldvbnkmwnzuintgkk *wyzbkw*
ipkzppauptax ipkxppauposxelapvnwbrorewujqsfekjvfonayabgew *ipkzppauptax*
zt ntxxymcgnfywclak *zt*
nzzusvnkhboogxhjo nzzusvnkhboogxhjozdcyotodedrrbbjrzopjlqhdptkis *nzzusvnkhboogxhjo*
muidfqcjrqkiijdkeypelaysedzljohzmjctcaurnp muidfqjjrqk <<<<<cjrqkiijdkeypelaysedzljohzmjctcaurnp*
gwyornarlfhuqkziqjxyllqalpthnjwshqluymkjksvf gwyornarlfhuqkziqjxyllqalpthnjwshqluymkjksvfq <*
i id <*
vy v y*
bwt bwtq <*
mji mji *
km k m*
fuzxqmnpuysfgyrkjullpsbb fuzxqmnpuy sfgyrkjullpsbb*
mdjcepsgpeurrmynjksrzgymiqtnplssbfyat mdjcepsgpeurrmynj ksrzgymiqtnplssbfyat*
uqisfcawxklyiqgy uqisscabjklyingyglicihtarmp *uqisfcawxklyiqgy*
vcktpoqqccctxnxihnhtgfyulkbkujealug vcktpoqqccctxnxihnhtgfyulkbkujealug *
hihjvembgjquelqdoouactazsgnjjxnobgabbn hihjvemagjquelhdoouactozzunjjxnoigmbbnplp *hihjvembgjquelqdoouactazsgnjjxnobgabbn*
kscffk aeiffkwgs *kscffk*
fthrmtu fth rmtu*
outslalkotzbgpavoctmhjewbkwqfpixzzewwodffdbo outslalkotzbgpavoc tmhjewbkwqfpixzzewwodffdbo*
t tewaisprbwasvnoblqzjvoiaidusgmu *t*
cplqvczkzdhkkqxktyqluagsnlrpgbgbbplhqxmtl cplqvczkzdhkkqxktyqluagsnlrpgbgbbplhqxmtl *
zwf zwfaoixomsnxnhkfzkpfefrpfzrn *zwf*
d qx <<d*
m czofavayhqxaiaggr *m*
pkphutipdrisdhspfqis pkphutipdrisdhspfqis *
kimbkwookmccsqzxijbvrgwyijiosbmvkqlueaywsfic kimbkwookmcfsyzxj <<<<<<csqzxijbvrgwyijiosbmvkqlueaywsfic*
uwiecgfbkbatpfoufzswygzcjbdb uwiecgfbkbatpfoufzswygzcjbzdrppyygnxrkbnqkqf <<<<<<<<<<<<<<<<<<db*
nyevt ny evt*
xmyplkgxasbe xmytgkgxasfendtpgb *xmyplkgxasbe*
hnoiyw hnoiywvuwjgesjes *hnoiyw*
mkyauwhaqvaoapdsjcbqzboxlwdcmkwqemeio mkyauwhaqvaoapdsjcbqzboxlwd cmkwqemeio*
bildjklumntqzbwplutmiyl bildjklumntqzbwplutdyyxhzhr <<<<<<<<miyl*
devfplwxjyhylctiizonkugwqmbfmshojfhzavscmapodhm devfplwxjyhylctiizonpugwqcb <<<<<<<kugwqmbfmshojfhzavscmapodhm*
xtvdqngdjstutzlchiskcku xt vdqngdjstutzlchiskcku*
vjedxdslcznargobvsatmvahczurhuzkthmrknnmtjjhqu vjedxdslcznargobvsatmvahczurhuzkt hmrknnmtjjhqu*
vtrvnuqacwtibidyuvpigeywytcsec vrrzz *vtrvnuqacwtibidyuvpigeywytcsec*
qsblmgkysifjf qsb lmgkysifjf*
humjzdommmshxitpjtvoagaz humjzdommmnr <<shxitpjtvoagaz*
t yqiyowonxtjoe *t*
rpbnpygfzcioagnebdrwxmqckhuwakojynu rpbnpygfzcioagnebdrwxmqckhuwakojynu *
ucegazgugolonvmjzurncswppjqjcoqlpeqmqge ucegazgcsopofvmjzrwjcstr *ucegazgugolonvmjzurncswppjqjcoqlpeqmqge*
kbwbrlshmedruzwnkwpcemtmisutcofj kbwbrlshmedruzwnkwpcemtmisutc ofj*
azwvtsloruizj azwvtsmoruiojypwglzhwjxkymzbu *azwvtsloruizj*
gvzwi gvzwim <*
njenbjrquvaztxenezakqbpmblijcarubnmi njenbjrqukaztxanpdakqbpubpsjjy *njenbjrquvaztxenezakqbpmblijcarubnmi*
wemirrxksasfcjidzgbgdhifwkbldxmxdpnpnlbmoviuklls wemirrxksasfcjidzgbgdhifwkbldxmxdpnpnlbmoviuklls *
xyzhqhjqwzfzyzqrupnsbiaibenukwpu xyzhqhjqwzfzyzqrupnsbiaibenukwpuictufy <<<<<<*
zsajwejhgqvvvjlazowlhxfqeoqnprfnz zsajwehhrqvvvjlse *zsajwejhgqvvvjlazowlhxfqeoqnprfnz*
supzr supzrmvepgyrcyqtzfnsydeiiuwveitsefpodkjyyo *supzr*
cjqzndpwghedixgjrsdouplzsnvpbwemnhwmishuunjdszyx cjqzndpwghedixgjrsdouplzsnvpbwemnhwmishuunjdszyx *
smikixauuginqvpuefczywovpr swiwixasueinqrpulfczynxvzknytjpsfoucnphi *smikixauuginqvpuefczywovpr*
r rurhzxchza *r*
vqd vqdbhavpxffqeggvmbmmqsrvnhskjmdw *vqd*
qfdhlod qfdhlod *
do doxuedmrc *do*
ew dwmsbk *ew*
yzznbms yzznbmsinfwgbomnfxmlmzxeozss *yzznbms*
dpusrjcwh dp usrjcwh*
qpaiguko qpaigukolzevnbrosbkzdoyazp *qpaiguko*
ezeyksgfnqvuatdcjbclxkouufcmpqdo ezeyksgfnqvuatdcjbcl xkouufcmpqdo*
lx lx *
pmltocjucywsowiwqwitjfqbsmew pmltocjucywsowiwqwitjfqbsmew *
weidivemtpjmycvdgbznozlrjbzvsnyaeevbhglclxb weidivemtpjmycvdgbznozlrjbzvsnyaeevbhglclx b*
xuvyndleshlsiqbhlbqwnqxwmpfl xuvyndleshlsiqbhlbqwnqxwmpfl *
ecxmxwwgtkoiezxtrerti ecxmxwwgtkoiezxtrertihlujsrcreiem <<<<<<<<<<<<*
bvctncp bvitpcbyuxeagbed *bvctncp*
vnjoxmqrvaqsydxidfc v njoxmqrvaqsydxidfc*
iisertmkztmtlkdzkhxiutjkuaisexjlbqkywqg iisertmkztmtlkdzkhxiutjkuais exjlbqkywqg*
gplgz gplgzhndgv <<<<<*
iqgvpbtxzisnuyopobsbckdtwurmhivvetvlzbfh iqgvpbtxzisnuyopobjbhmdvoutasiv <<<<<<<<<<<<<sbckdtwurmhivvetvlzbfh*
yzykpeygwy yzykpeygwyc <*
muvvcdukzkeofk muvvcdukzkeofk *
xdnpgs xdnpgzb <<s*
ggcpztgvxoujuhi grcqzggvxorjphinx *ggcpztgvxoujuhi*
fbbslpfijrzripkfvfnqte fbbslpfijrzripkfvfnqtejepaldx <<<<<<<*
s vo <<s*
gs gsrnsgajrqjmh *gs*
plucgaduwj pluegavwwjav *plucgaduwj*
prdeaesupzybtzsym prdkaesapzyovrwymqwiqslm *prdeaesupzybtzsym*
exgvyabdjoqfhprzanajnmlasxxaqpjgoxzgva exgvyabdjoqfbpayynarnmlasxxaqp *exgvyabdjoqfhprzanajnmlasxxaqpjgoxzgva*
glgcgwkcdfjqavahiikuyrhkapkjsvcdqmbiu glgcgwkcdfjqavahiikuyrhkapkjsvcdqmbiu *
sylip srlxpntyvjbucrrpoyg *sylip*
xg mqdpw *xg*
nzkczkthzlutsdfnaz nzkczkthzuuusafnqdjoxy *nzkczkthzlutsdfnaz*
fqehns fqegnsbkzsg *fqehns*
xlcvppwvzcfobwkfvjqevcbxtkxfmzrcdzetwfmlhghmmd xlcrppwszrfgbwkqwgqzvcadtkxfxzrcdlelwfmlhghmzdktwv *xlcvppwvzcfobwkfvjqevcbxtkxfmzrcdzetwfmlhghmmd*
pamqyndcaunhwqefi pamqvnucauncwydfibzxxxbibh *pamqyndcaunhwqefi*
swhaiojvvcljov swhaiqjvvcifovgpsi *swhaiojvvcljov*
hwykucolwezwvxodumwpguf hwykucolweqwhxodumqpduooi *hwykucolwezwvxodumwpguf*
pazqshepualoddkwsr pazqshepuzlodekwsvvnidrccpl *pazqshepualoddkwsr*
h hisjdtoweqbxgmknbxojwxyaolnjvucqvmv *h*
zhyygsg zhyyguglxagswxsltp *zhyygsg*
vklwobpdlijqkyv vkl wobpdlijqkyv*
fpdqungfw fpdqungfwmukfcadeevtlfwjfsrbotsafuu *fpdqungfw*
vnjlqlrnsvlbmwyrgtuxnreczalifcsedi vnjlqlrnsvlbmwyrgtuxnrec zalifcsedi*
kzkjldxacndfgmkdxno kzkebdxacnds *kzkjldxacndfgmkdxno*
cx coimgyvpqdtojwrpdrov *cx*
lt ldxdavuzrqxkrhzrycijhbalqwlqxzda *lt*
ufbrumxnxzqzffsqqisxzlcdblchxwoljozftm ufbrumxnxzqzffsqqisxzlcdblchxwoljozftmm <*
hrpuwbqp hrpuwbqpipunfd <<<<<<*
csxdqokzflkneaetfkobvxnfd csxdqokzflkneaetfvbbvxnf <<<<<<<kobvxnfd*
lllnsqlpxqqdihdpwi klensqrpxqqfihdjwiyxizuyliuaz *lllnsqlpxqqdihdpwi*
zisxtljiqbliefjhrobhxzpdoui zisxtljiqbliefjhrobhxzpdoui *
zcei zchwfbmvqmwsqttjqfyniyzznxriukvdbjiavdutnzkwy *zcei*
jjbjertynqmgrroovowwhelemfupx jjbjer tynqmgrroovowwhelemfupx*
lvq lvqgo <<*
xksxyv xwtxafigckkjkoyehlovkwpf *xksxyv*
llfhxcldlctc llfhxcldlgmdsbiuaedqdrnarqplmzdwqeoctqtn *llfhxcldlctc*
nmdevuftdzuoylcgdxwstje nmdevgftdnuoylcgdxws *nmdevuftdzuoylcgdxwstje*
g ti <<g*
yhsjkyaciaifnnvs uhsjjyaiikqfnnwsm *yhsjkyaciaifnnvs*
vyupvcbkjaithqyzun vyupvcbkjaithqyzun *
mk mxkzkdqjarxptnssdzgdqcdyr *mk*
gwprokiwtyfn gqpvokiwtpojjupmwmc *gwprokiwtyfn*
bpqaw bpqawtpgvetuoxugvjujpmsvmihwxsgfzfjrfq *bpqaw*
nueanhltgx nkeanwltixudmleot *nueanhltgx*
kskddybvrd kskddybvpdsliiwm <<<<<<<<rd*
jtl jthwjxokwtonjimmqcygw *jtl*
eccruzoqeasxeuuvvfnrqfsdspumoddsotdvku eccruzoqeasxeuuvvfnrqfsdspumoddsotdvku *
qfwkxmshxzehpjettauhujwtpcheuhflfusdbjjejhjld qfwkxmshxzeh pjettauhujwtpcheuhflfusdbjjejhjld*
sjjtxbu ojdtxbukemj *sjjtxbu*
qvryvvqtdkamvjhuywolckjdospwx qvpylvqgdkamvjhf *qvryvvqtdkamvjhuywolckjdospwx*
sgbgdaekqejgfpiuknqbitr sgbgdpekqxjqfpgbkbq *sgbgdaekqejgfpiuknqbitr*
cdbcwmk mq <<cdbcwmk*
hlxpxdqjwbuslahwpczahyzyxbkiakmoyohqmkugnd hlxpxdqjwxusdazwpczaoj *hlxpxdqjwbuslahwpczahyzyxbkiakmoyohqmkugnd*
cfj wajmkwnaslxd *cfj*
ivy ivy *
bbnivnhxwdf bbnivnhxwdfgptfyvzwfahaddatljvy *bbnivnhxwdf*
qhsj qgsjs *qhsj*
wihesiovdopiav wihesiovdopiav *
ywsnjngcmziddpoehdqrtisbvehvpvf ywstj <<njngcmziddpoehdqrtisbvehvpvf*
xy xynaznzhnojygfvfqvruolafqfoqm *xy*
zzgxcdnjmqdqz zzgxcdnjmfdmzbmzqrjginez *zzgxcdnjmqdqz*
tfyzkvnwhtiodfmhlmklqcyalljavlgaiuninlmkx tfyzkvnwhtiodf mhlmklqcyalljavlgaiuninlmkx*
jyeefhe jyeefhe *
rgvqzwngqsfkjizkrpoauivykxumxahlrhhhyceinesusmvcs rgvqzwngqsfkjizkrpoauiv ykxumxahlrhhhyceinesusmvcs*
fohyxwbqshpnjsuaimlrl fohyxwbqshtn <<pnjsuaimlrl*
imrjxemzejxne imrjxdmj <<<emzejxne*
shacbjvvpuhpfgoomyrwelzev shacbjvvyuhpfgoomyryelxemeiwsufbztjhwuuvmbjp *shacbjvvpuhpfgoomyrwelzev*
icaqnqcnozrnwvvqrgzjxsdc icaqnqcnozrnwvvqrgzjxsdc *
pjxukoz pjxukokv <<z*
x napwoabxvp *x*
fvyxuxolpwlcmhlbyhggfeniojwgutfzzkcmps fvyxuxolpwlcmhlbyhggfeniojwgutfzzk cmps*
vlavgbyys llazgxyysdldzxdytfgv *vlavgbyys*
knkwzowsbhtaleq knkwzowsbhmflybgduk <<<<<<<<<taleq*
uxjbytmrkyudvblxymdrrvtlhikfvkungqkj uxjbytm rkyudvblxymdrrvtlhikfvkungqkj*
hwtgvajimvzmmjtjvfglykqwg hwtgvajimtzwmr <<<<<vzmmjtjvfglykqwg*
ukljmlhuwybum ukljmlquwybysikibjkbnesyxglugiagrhlwtlfxplqdm *ukljmlhuwybum*
wjzsohqfadlrtycblzvefbkgddwefaqpavajrzvifggezhxtyd wjzsohqfadlrtycblzvefbkgddwefaqpava jrzvifggezhxtyd*
kcjpiizynvcsfnusknqqoebsirk kcjpiizynvcsinumkeqqoebr <<<<<<<<<<<<fnusknqqoebsirk*
vfwedytwxg vfwedytwxg *
manvguv manvguv *
nwykljiemslucyxgokgvoyrjyrsovvzphrnpwpot nwykl jiemslucyxgokgvoyrjyrsovvzphrnpwpot*
vpezhsfdvxuhpkgiddoguddihitufxszqghhhoiyaxv vpeoxsfdvxww *vpezhsfdvxuhpkgiddoguddihitufxszqghhhoiyaxv*
sajjvxsfepjhxhbfeltgvzpdstuzwwp sajgvxsfepghxetfeltgppfdsk *sajjvxsfepjhxhbfeltgvzpdstuzwwp*
jfypqet j fypqet*
nodxbzhvefqsxgpucqifpmboolfqcganlkbcwmt nodxbzhvefqsxgpucqifpmboolfqcganlkbcwlhgchsx <<<<<<<mt*
segwlfppy segwlfppldedpkzp <<<<<<<<y*
dkbhknisapfvrtbuhmu rz <<dkbhknisapfvrtbuhmu*
agmchkoweokkivybyrrwj agmchkoweokkgvemyrjnjgv <<<<<<<<<<<ivybyrrwj*
wzdkaicmoqfxnnvxcfh wzdkaicmoqftnnv <<<<xnnvxcfh*
cczivoddyaa cczmvlddyaaukyeasmcgdwg *cczivoddyaa*
tqwhaaxjdrrvwamwixyumzvjkfnzlfqtuleaqxmvv tqwhaaxjdrrvwamwixyumzvjkfnzlfqtuleaqxmvvxjztgrs <<<<<<<*
njhxkvjesvwivyqqrv njhxkvjesvwivyqqrvavmwhmjnlojlgi <<<<<<<<<<<<<<*
yenwwzfaxixgfc yenwwzfaxixgfcfdxlihesnlpcjmaqjlkcmgms *yenwwzfaxixgfc*
omdyewppdwictbxpwoaw omdyewppdwictbxpwoawfejpfmlyywhfegs <<<<<<<<<<<<<<<*
pmxobxuunwpkwlxwpyohylrqrxtvumkmgkqtc pmxlbxku <<<<<obxuunwpkwlxwpyohylrqrxtvumkmgkqtc*
xnshykojlzunuqesngvwhsco xnshyk ojlzunuqesngvwhsco*
tgioiuphwprmhq tgixiuphzprmhqedvmjmmyejnwnlbazviwwyaiakvfaoy *tgioiuphwprmhq*
oacusb oacusyvsw <<<<b*
rvzvcmdqheeyqlfpwsmxtxkput rvzvcmdqheeyqlfpwsmxtxkp ut*
gqlclcuimgrhximoitfpoxafrjvmcrdqdgl gqlclcuimgrhxsfjitfpoxafrjvcor *gqlclcuimgrhximoitfpoxafrjvmcrdqdgl*
cvlhsgdehqpomvbbemufnikewiltv cvlhsgdehqpomvbbemufnike wiltv*
exzbhnoiwxassurgzjicemsngzbfnjo exzbhnoiwxassyrnzeocedsngubfnjochi *exzbhnoiwxassurgzjicemsngzbfnjo*
vbiwaqnbpeughzcfa vbiwaqnblesghzctcxxugaabwrgvcdckwzyz *vbiwaqnbpeughzcfa*
dmolqpyeaukhgtaaccmxmbkuolpfmvrd dmolqpyeaukhgt aaccmxmbkuolpfmvrd*
ditqgksooezmmyvufrhmzyeligelhblrrrm dq <itqgksooezmmyvufrhmzyeligelhblrrrm*
fwbgdnsmweabcxdzspxorouholbdqb fwbgdnsmweabcxdzsdkoroubolb <<<<<<<<<<pxorouholbdqb*
hnhaphhyjgzldumtzhzcdnnvmpndaopnsetukznezzteki hnhaphhyjgzldumtzhzcdnnvmpndaopnsetukzn ezzteki*
wyxiappuwxpkdfunsxswalcotmo wyxiappuwxpkd funsxswalcotmo*
tljgs tljgs *
yapnpfwjkxulanlggvjkqldwtvbpkrjdnukv yapnpfwjkxulanfagvvhqlgstvb <<<<<<<<<<<<<lggvjkqldwtvbpkrjdnukv*
omyqm omoqmu <<<<yqm*
kxl kxlqr <<*
ubyftlfncpzueffgfkqodmotuhctxcpxch ubyftlf ncpzueffgfkqodmotuhctxcpxch*
wmbdsdqctszyglmosvxktdteaod wmbdsdqctszyglmosvxktdteaodqcghjognhjwyfcljpi <<<<<<<<<<<<<<<<<<*
kxrdaqnrdbwnqcwcplmbreuztnjuq kxrdaqkrdbwnocwcpumbr *kxrdaqnrdbwnqcwcplmbreuztnjuq*
kjufshzwrmxu kjufshzw rmxu*
vgwqpwpeerfzbstsyzbox vg wqpwpeerfzbstsyzbox*
tzhdwrpqacvrbopqwqdxziduqkptwmcjgqdilqpmlot tzhdwrpqacvrbopqwqdxziduqkptwmcjgqd ilqpmlot*
jmagjqvxtmxg jmagjhvatmxgkjcnzuphbyhpyayqhcwujyqmhwxrb *jmagjqvxtmxg*
jtmcluxpligz jtmcluxpligemzvs <<<<<z*
mcsfcjkne mcsfcjknmmig <<<<e*
dyv fxvzryaoqiqiheufsmlldqonxjshbspawiluonyngtywnwpt *dyv*
hijkkmukupcwkbkaghzmolisqaptmjpkqixoykop hijkkmukupcwkbkaghzmolicqspqmqjkgrxoykojxj <<<<<<<<<<<<<<<<<<<sqaptmjpkqixoykop*
hqyzjahwojimxwicaikmyatczwemnxpzaljahr hqyzjahwojimxwi caikmyatczwemnxpzaljahr*
pzzn pzrmih <<<<zn*
dbjlkkv dbj lkkv*
yadfqpknmauvsdctwnyinwclpiifnemdqqscop yadfqpknmauvsdctwnyinwclpiifnemd qqscop*
qyukkqy qyukkcspiakgojemphiqvh *qyukkqy*
lzfiek fd <<lzfiek*
jt aixv *jt*
crbiclpoyxatb crbiclpoyxatbtifkpbieqlkaqfenm *crbiclpoyxatb*
nyvixxrtdon nycioxft *nyvixxrtdon*
xumwujgffyhzxzqdxnuvnpookbdrasoxjvnehlchtgttn xumwujgffyhzxzqdxnuvnpookbdrasoxjvnehlchtgttn *
rda rdfpase *rda*
tyox tsixdhuambrfw *tyox*
bi bi *
rsrqrp rsrqrpzdyptjxoepulupsfszo *rsrqrp*
jhimfmerhseubtyco jhi mfmerhseubtyco*
ivmh ivmhhdiquxda *ivmh*
sngefctgwdhvyoegbdopkq sngefctgwdhvyoegbdopkqtmtw <<<<*
eyedikkgdfbhbjfwetshykhclyouadpy eyedikkgdfbhbjfwetshykhclyouadpy *
xvpfyfwajw xvpfyfwajwenqwoqwiqddiwjmgdw *xvpfyfwajw*
uyp fypsyafcglfr *uyp*
noqgftzqljiad noqwf <<gftzqljiad*
xopewyido xopewyidoqgfiwtqvvrrhqdyffvrwel *xopewyido*
uxtzqqrxz un <xtzqqrxz*
dsdlfbfzfum dsdlfbfvfumgttssghnm *dsdlfbfzfum*
kobwhdowljvjnchfpn kobwhdowljvjnchfpn *
e il <<e*
xmnmlgxaifvvdv xmnmlgxaifvvdvwupfaqnrnxcgkbvamzmm *xmnmlgxaifvvdv*
czvbbxqssklpchcjtnwistyedkfjuqvy czvbbxqssklpchcjtnwistyedkfjuqvy *
niri nqpbwuanzjhdm *niri*
opqwmirhmtkgrgsssssgfipglgkiolsnnrydlre opqwmirhmtkgrgsssssgfipglgkiolsnnrydlre *
mzevfidmafjiplokwk mzevfidmafj iplokwk*
jiyqhcaejdefdfrhsediankgyglclfufxzwvpoxjasvbu jiyqhcaejdefdfrhsediankgyglclfufxzwvpoxjasvbu *
pz grga *pz*
hdwplkgoppqouokdyrqzgaikpixo hdwplkgoppqruokdkuungajkpiyopyqsfrszpn *hdwplkgoppqouokdyrqzgaikpixo*
beowmrjdxqcbeinysjtua beowmrjdxqcbeinysjtua *
noocdgrlkcffci noocgguligcfcilvismqjx *noocdgrlkcffci*
oybugpokryxtvrctqxzi oybugpkkvuxpvrctq *oybugpokryxtvrctqxzi*
zhlissa zhlisspzbgwtjkxbhcqrafuskgmmkhiy *zhlissa*
dhnuj dheujdzzhlrvbiwyrfqo *dhnuj*
aobgnttxnatlspgdpappltujtonlotqytuocvgizuqwgpk aobgnttxnatlspgdpappltujtonlotqytuocvgizuqwgpkm <*
sdocrurqoe sdocrurqoe *
sckd sekdfketqxmxseshdhyznxkzwtpwndna *sckd*
p poib *p*
lmi lmibsywcgepwjuzklq *lmi*
eqhaebeqqliwqdjqpgkyzpwzakoyqzidtcbsaeziddd eqhaebeoqliwfgjqpmkyzruzaknyqwidtcbsaeaidddad *eqhaebeqqliwqdjqpgkyzpwzakoyqzidtcbsaeziddd*
bncczkntmhwmyrwuqkqadxocxsd bncczkntmhwmyrwuqk qadxocxsd*
atgcjbgetyaerojnegsnshzzcwlffrrnkfseiqslcaz atgcjbgetyaerhjnxgsnshzzcsbffrrnhfseiqslcyzst *atgcjbgetyaerojnegsnshzzcwlffrrnkfseiqslcaz*
ax anwg <<<x*
jehbu jehbueoowfezhxuxscklugyhglxfcjltbv *jehbu*
tujvwnhrjobrywhftreloevx tujvwnhrjobrywhftreloev x*
rufabzjapwuozcozbcfemvu rufabzjapwuaz <<ozcozbcfemvu*
icwks icwks *
wbbrqnpcfgetjaqfaamhq wbbrqnpcfgev <tjaqfaamhq*
dgcaaurrqpa d gcaaurrqpa*
dstxgrwnrgdrjgpcjrlepqzyaqv pstxlraxqgdgjgpcjip *dstxgrwnrgdrjgpcjrlepqzyaqv*
ighkrxsbdwmw igldrxsb *ighkrxsbdwmw*
k whmbyvagiimsiv *k*
shmlsycwtihclbstwsnvqsjsy shmlsycwtihclbstwsnvqsjs y*
dgqjvdeagrcqariohvtnnqxpifmidjdptqjtxpsivqia dgqjvde agrcqariohvtnnqxpifmidjdptqjtxpsivqia*
lqythpwawphmahlowjwjsclvjgwesoahrsunhpcmlzbsfyvf lqythpwawphmahlowjwjsclvjgwesoahrsunhpcmlzbsfyvf *
torqpphcptumcmjebjqopn torqpphcptumcmjebjqopniuhthezawjl <<<<<<<<<<<*
pqqxtcjdo p qqxtcjdo*
czuqamib czuqamibg <*
e ed <*
phuqvjspbnydwsefewcs phuqvjsmhnyabsrspbcasobrohqxbsrdsyax *phuqvjspbnydwsefewcs*
iwotdqdszhgeqyacmidyoodpggmjtm iwotdqdszhgeqyacmidyoodpggmjtm *
qlkzdqiufmgsj qotzdhiufmgs *qlkzdqiufmgsj*
lhqehlcjdflwg lhqehlcjdtljgzbtuomsdinwqh *lhqehlcjdflwg*
xgkghwynikzvj xg kghwynikzvj*
bubcttbvi bubcttbvi *
jffdwxpaiwohtlesdmxeqgdehsp jffdwxpaiwohtlesdmxeqgdehsp *
wrsqbptlpjuaoxggxvwdfo wrsqbptlpjuaoxggxvwdfo *
ohxghorjpaftl ohxghorjpaftlftabyqnwzmvuxslvvamerpbjcdjwsjjl *ohxghorjpaftl*
pqffdvtprcayxn pqffdvtprcatxnax <<<<<yxn*
zljssgeeexthsnvwkfxbkswqeembjjshrhpuvkikqxuu zljssgeeexthsnvwkfxbkswqeemb jjshrhpuvkikqxuu*
cfluqzyxjgpz cfludzyxxgfzwcyrlmrgmmhp *cfluqzyxjgpz*
zkkxwbfmtow zkkxwbfmtownvplywhjgcglxj *zkkxwbfmtow*
illkjiaucnxeoyaxdzhwuembggqtjb illkjiaucnx eoyaxdzhwuembggqtjb*
y ygkioqdmczj *y*
yrpwexvonafxkdcvxmbipuemnipjcqekdrlqt yrpwexvonafxkdcvxmbipuemnipjcqekdrlqt *
kwg kwgd <*
fxqtktsuaipdfefxjqwwlxm txqtkds *fxqtktsuaipdfefxjqwwlxm*
rje rjjgqxovzzvnicjudugpej *rje*
erhedbuuuzpwbgxspxemuuqvgwlhdsh erh edbuuuzpwbgxspxemuuqvgwlhdsh*
wrg wrbijrfinfnwntyngzu *wrg*
xvjdgaksyldgplui xvj dgaksyldgplui*
qorfsj qnrfkjlrmjttfjogvnxzsat *qorfsj*
lnvduc lnvducwfph <<<<*
seffszjqexihwhywizjzghub seffszjqexihwhywizj zghub*
aiwkqluxfvlsrcayfpycycouevdcdxjdfcsudcjxyjvujhg aiwkqluxfvlsrcayfpycycouevdcdxjdfcsudcjxyjvujhg *
jpiqfochjojijzbftcxp jpiqfochjojijzbftcxp *
crnevssye cdnedsscekync *crnevssye*
foksciiiczyzgmrcmymbgpo foksciiiczmfpmcchymbgbopbdgvjatlg *foksciiiczyzgmrcmymbgpo*
ylodybxebclccdarrzh ylodybxebclccdaorxvovhlbtxajor <<<<<<<<<<<<<<<rrzh*
wzubmdtnbpkvpzwkawdbiwacydbptgwuwqkfez wzubmdtnbpkvpzwkawdbiwacydbptgwuwqk fez*
uotriuxfquzid uotr iuxfquzid*
ytdkblumvffmtrydjdjutaophhcveomu ytdkblumvffmtr ydjdjutaophhcveomu*
kllgikizpgkuwuuq kllgikizpgkuwujedq <<<<uq*
womlpcqergdpzyiqwmhmmw wdmppgqehldjpynqwah *womlpcqergdpzyiqwmhmmw*
wqsiwzewjeqyzocacykbyhfwufyqxum wqsiwzewjeqyzocacykbyhfwufyqxumbriah <<<<<*
ooxmlyiolizoezkkwrjskrfzv ooxmlygalh <<<<iolizoezkkwrjskrfzv*
bd bdfnfyuixqoitrxquwvcbunvkpaidcbdobxmcwiggm *bd*
liikmxqkqpzuxtxlkstljdjghramcypzdbxtkjjgwrwyirsf liikmxqkqpzuxtxlkstljdjghramcypzdbxtkjjgwrwyirsf *
hliuwemlllhuurdpxe hliuwemltlbuurdpxew *hliuwemlllhuurdpxe*
qnmkmsujbmccmy qn mkmsujbmccmy*
fniylbpcvikwdp fniylbpcvik wdp*
jngheqvqucllbmvwjnkguji jngheqvdjrrlkmvwj *jngheqvqucllbmvwjnkguji*
ewrpduozcdskyzxzhalvc ewrpduozcdskyzxzhal vc*
bbxwxqawvzgghxnavflbeoplyt bbxwxqawvzgghxnavflbeoplytwmslkpsburdwbdqbjuybhs <<<<<<<<<<<<<<<<<<<<<<*
qrmjctkrjfzuaqxyrxus qrmjctkrjfzuuqdorxuoggmwthusu *qrmjctkrjfzuaqxyrxus*
wzayu wzayuzez <<<*
lgsvhkvvhfxwbspzzcmydjwlf lgsvhzvohuxnxipzzclvujwlfgkyltwdiltr *lgsvhkvvhfxwbspzzcmydjwlf*
tsqhrs tsqhrsootokdqgsnlzywnzsndnv *tsqhrs*
updrpdbtevtozwzcwpwkyoaxgjwtcbrsqztdy updrpdbtevtozwzcwpwkyoaxgjwtcbrsqztdy *
j rd <<j*
w zy <<w*
pnyozbc pnyozbc *
girvxixmebycixspfjqwyxjwiipiurqyuksgqnvdtq girvxixqev <<<mebycixspfjqwyxjwiipiurqyuksgqnvdtq*
bhdbfa yhdbfasbrlvrz *bhdbfa*
kgstxxnspcwtyzhhesdltfcqsuornbvfvgqfatmgjdgbrneduy kgstxxnspcwtyzhhesdltfcqsuornbvfvgqfatmgjdgbrnedu y*
bnuycpblxanfszxskulq bnuycpblxanfsztskslqljbw <<<<<<<<<<xskulq*
kjrdiencgruxudamyq kjrdiencgruxudamyquvddtespcpdqhxiqfzjg *kjrdiencgruxudamyq*
buavgqfiwcskgmhwqghljuneroxgdyjmgfdgihhuoyh buavgqfiwrsj <<<cskgmhwqghljuneroxgdyjmgfdgihhuoyh*
amkegxkzdafelocv amc <kegxkzdafelocv*
kayiccjcrk kayiccjcrk *
ofdcwv oqmcgvrshmyhmqxdhzlqniocufpbujfqwxmssycrv *ofdcwv*
xtyximuaevidoondygdbjznxcqckgwf xtyximulevezofnddwqqjznxrickjwfwpvmiguwukiusy *xtyximuaevidoondygdbjznxcqckgwf*
uagmddqjxg uagmddqjxg *
udymszpdwwceosjlmqykj udymizedwwcsmpp *udymszpdwwceosjlmqykj*
nlabuuqprcedbgrftojmodmperxxj nlabuuqprcedbgrftojmodmperxxj *
efgaiacnbvartnwm cfganacns *efgaiacnbvartnwm*
xunmwyavbfnnrzylglmzs xunmwyavbfcnuzylgrmesxpnqlyxdxiukzuytcsnjrofwbnye *xunmwyavbfnnrzylglmzs*
blvffinjnyvozbfuvzd blvffinjnyvohb <<zbfuvzd*
rdwdccezavztbcthkjwkkwxnhfvqyzuznros rdwdccezavztbcthkjwkkwxnhfvqyzuznros *
lbazjbtceahxldgj lbazjb tceahxldgj*
edxosnc edxosnczwrch <<<<<*
tnhgttwgsnhtsepxgd tnhgttwgsnhtsepxgdg <*
cyyjxwfotjklyian cyyjxwfotjklyiaecjkkypdqqlreu <<<<<<<<<<<<<<n*
bcmmoerxnqdvfojvprrkuxcitiek bcmmoerxnqdvfojvprrkuxcitiekasuwtruhaegdynqafzjdzj <<<<<<<<<<<<<<<<<<<<<<*
nlikdroqavmjyhxgtsin nlikdroqavmjy hxgtsin*
zgevgneienqsgkbonnuuuoqrwwkphxwagplgxhasblms zgevgneienqsgkbonnuuuoqrwwkphxwagplgxhasblms *
dp dtkgevplqwfqatkkyrxhtetng *dp*
utbihm ztb *utbihm*
uwvcvymzcxpfojzdpnfcwoz uwvcvymzcxpfojzdp nfcwoz*
yuaevvyqatvbfzalbwwekzhstrmybfb yuaevvoaatvcfralbwwekzhstimnbfsi *yuaevvyqatvbfzalbwwekzhstrmybfb*
zrmvagxwvkx zrmvagx wvkx*
fpsetzcysntjuvtnuuhdaye fpsetzcysntjuvtnuu hdaye*
yzgv yztviccqaxsmtkoanzf *yzgv*
zaaziykbtvfggutfi zaaziykbtvfggutfinwcgizdbwehuktlrmnsvwf *zaaziykbtvfggutfi*
agfuijubhorxtslirjmchzu agfuijubhorxtsli rjmchzu*
rilbpestrinzfadxuzixuwwlsjwdzduxepk rilbpestrinzfadxuzixuwwlsjwdzduxepkywuvfxvjgitrz <<<<<<<<<<<<<*
sefsulikbumcruobdfelvqffifyj sefsulikbumcruobdfelvqffifylkyeckyjropekrs <<<<<<<<<<<<<<<j*
mebtmxknsmzwymdra mv <ebtmxknsmzwymdra*
ynmdfuxpjkduezekqrrggeiqfvzyjlvjdrckura ynmdfuxp jkduezekqrrggeiqfvzyjlvjdrckura*
mqsrupcnwkfygdlppgbjjgxxv mqsrupcnwkfygdlppgbjjgxxvwz <<*
roytfhamowuxaawzz roytfhamowuxaawzz *
pk pkurtglbwfjyvah *pk*
dwwrmnucrxukedeyhongnkecxsgyo dwwrmnucrxukedeyhongnkecxsgyo *
kcqrjaasob hfqrj *kcqrjaasob*
v ijj *v*
eodnnfhzqdgfftgjjyn eodnnfhzqdgfftgjjyn *
dsyapolplpqpkoeajtsbhktgpqsagdzbikddkdmwant dsyapolplpqpkoeajtsbhktgpqsagdzbikddkdmwant *
qiywddo qsywddomyznsktdovnydfihfxmsfg *qiywddo*
kgcqmhasrwzsgvtmazpqqx kgcqmhasrwzsgvtmazpqqx *
rpjvqdfqriayt rpjvqdfqriayt *
afcqhkebiyufa afcqhkejiyukaeler *afcqhkebiyufa*
mdyabdnvst mdypbdvvstxf *mdyabdnvst*
oqnlu oqnl u*
roznl roznl *
vxmkfzm vxmk fzm*
fsgxkasnktbhjrjtsjazwxrdnutkfadpbtjkaveqhjacmo fsgxkasnktbhjrjtsjazwxrdnut kfadpbtjkaveqhjacmo*
trnkk wjnkkfjet *trnkk*
mdp mjpluva *mdp*
sywipdrsunrlcljlpdfwpakwsk sywipdosunr <<<<<rsunrlcljlpdfwpakwsk*
ncuqkjcfdltvtwyfclhkr ncuqkjcfdltvtwwiglhfrjghywedeuxbqgtyioot *ncuqkjcfdltvtwyfclhkr*
fiksdiytnjetycqfng fiksdiytnjetycqfngpwwgbkbzfueeeof <<<<<<<<<<<<<<<*
giwbpzltaduxapzchhairfd giwbpzltaduxapzchhairfd *
