Case #1: 1 1
Case #2: 2 0
Case #3: 2 0
Case #4: 173 106
Case #5: 181 0
Case #6: 500 0
Case #7: 222 1
Case #8: 176 100
Case #9: 232 105
Case #10: 500 0
Case #11: 234 0
Case #12: 195 1
Case #13: 196 108
Case #14: 520 480
Case #15: 240 101
Case #16: 210 102
Case #17: 236 101
Case #18: 191 104
Case #19: 185 100
Case #20: 1 1
Case #21: 170 1
Case #22: 170 110
Case #23: 240 0
Case #24: 209 0
Case #25: 181 108
Case #26: 196 102
Case #27: 181 103
Case #28: 225 105
Case #29: 200 108
Case #30: 206 0
Case #31: 232 100
Case #32: 194 0
Case #33: 234 1
Case #34: 1 0
Case #35: 236 101
Case #36: 177 101
Case #37: 234 0
Case #38: 500 0
Case #39: 238 109
Case #40: 191 109
Case #41: 216 106
Case #42: 236 105
Case #43: 500 0
Case #44: 242 0
Case #45: 212 0
Case #46: 221 109
Case #47: 244 0
Case #48: 239 105
Case #49: 500 0
Case #50: 217 1
Case #51: 176 101
Case #52: 192 103
Case #53: 249 100
Case #54: 177 105
Case #55: 236 0
Case #56: 208 0
Case #57: 168 1
Case #58: 500 1
Case #59: 198 107
Case #60: 240 0
Case #61: 521 0
Case #62: 188 1
Case #63: 200 101
Case #64: 241 108
Case #65: 239 0
Case #66: 500 0
Case #67: 232 103
Case #68: 184 102
Case #69: 174 0
Case #70: 249 1
Case #71: 178 105
Case #72: 248 1
Case #73: 219 108
Case #74: 500 0
Case #75: 500 0
Case #76: 247 101
Case #77: 233 101
Case #78: 201 0
Case #79: 2 0
Case #80: 500 0
Case #81: 500 0
Case #82: 233 110
Case #83: 500 0
Case #84: 172 0
Case #85: 500 0
Case #86: 500 0
Case #87: 232 109
Case #88: 509 491
Case #89: 173 0
Case #90: 3 0
Case #91: 177 1
Case #92: 500 1
Case #93: 500 0
Case #94: 220 0
Case #95: 1000 0
Case #96: 204 1
Case #97: 193 0
Case #98: 166 106
Case #99: 197 0
Case #100: 167 106
