Case #1:
0.34913
0.81926
0.09102
0.22917
0.96842
Case #2:
0.37508
0.54862
0.18785
0.82639
0.74501
Case #3:
0.35
0.376
0.4
0.4055
0.41
0.415
0.4164
0.4228
0.423
0.43
0.4364
0.4471
0.4661
0.47
0.5
0.5116
0.5371
0.54
0.5809
0.6
0.6183
0.63
0.64
0.1235
0.13
0.1513
0.176
0.1784
0.19
0.2
0.2185
0.78
0.796
0.8
0.8178
0.8204
0.8349
0.835
0.841
0.8538
0.8621
0.88
0.0421
0.0447
0.048
0.261
0.27
0.282
0.2858
0.2881
0.29
0.70371
0.71
0.73
0.7367
0.9451
0.95
0.0238
0.23457
0.30865
0.317
0.6842
0.90124
0.1049
0.2511
0.30042
0.3285
0.6983
0.699
0.74486
0.76955
0.77
0.89301
0.92
0.96708
0.23183
0.257
0.6773
0.70097
0.768
0.9896
0.25835
0.766
0.88935
0.11
0.22604
0.23061
0.70066
0.76925
0.89819
0.247
0.29666
0.30001
0.69263
0.89992
0.1
0.3
0.7
0.75
0.9
Case #4:
0.3704
0.39762
0.4
0.42185
0.443
0.47742
0.52741
0.57
0.60352
0.62048
0.6295
0.11112
0.122
0.1712
0.193
0.77778
0.7819
0.79258
0.83724
0.8642
0.28025
0.30865
0.3142
0.67902
0.89301
0.99586
0.2566
0.66804
0.76817
0.2588
0.99909
0.07703
0.33318
0.90093
0.901
0.33232
0.98775
0.02838
0.749
0.02592
0.23151
0.67074
0.25099
0.02564
0.08515
0.75033
0.70091
0.075
0.225
0.3
0.775
0.9
0.925
Case #5:
0.25
0.3
0.775
0.9
0.925
Case #6:
0.3704
0.43
0.1365
0.166
0.704
Case #7:
0.33401
0.35373
0.38243
0.40466
0.43944
0.48495
0.51722
0.51917
0.54742
0.12682
0.16442
0.17822
0.21051
0.79545
0.87649
0.04041
0.05299
0.06171
0.06258
0.28941
0.72451
0.73777
0.01843
0.08925
0.23636
0.23943
0.31847
0.67972
0.90309
0.90535
0.90759
0.22737
0.10874
0.66851
0.66941
0.67693
0.2588
0.30544
0.25534
0.96326
0.11075
0.25616
0.98775
0.02472
0.02838
0.08365
0.23363
0.32925
0.70358
0.74381
0.749
0.75205
0.76912
0.97224
0.97407
0.99175
0.00824
0.02592
0.29908
0.33058
0.69455
0.74119
0.74383
0.74454
0.91484
0.92307
0.92487
0.97161
0.97435
0.99711
0.03673
0.24966
0.00288
0.07692
0.0988
0.23182
0.25099
0.25545
0.29641
0.88924
0.01224
0.02564
0.08515
0.75033
0.70091
0.77641
0.025
0.075
0.1
0.225
0.25
0.3
0.325
0.675
0.7
0.75
0.775
0.9
0.925
0.975
Case #8:
0.35946
0.4426
0.45639
0.55546
0.57253
0.597
0.61572
0.61719
0.66281
0.11112
0.1223
0.135
0.214
0.78824
0.8338
0.85149
0.70371
0.93326
0.959
0.23457
0.69
0.691
0.90124
0.986
0.03
0.9923
0.66804
0.768
0.99748
0.2588
0.32419
0.74121
0.7443
0.22604
0.69152
0.76848
0.99696
0.23417
0.98775
0.32925
0.70358
0.29908
0.74383
0.74454
0.00288
0.23182
0.29641
0.88924
0.75033
0.70091
0.3
0.325
0.75
0.9
0.925
0.975
Case #9:
0.0712
0.96
0.9082
0.92
0.3
Case #10:
0.35
0.3545
0.3674
0.3704
0.376
0.3846
0.39
0.4
0.404
0.4144
0.415
0.42
0.4204
0.422
0.44
0.4573
0.4617
0.4686
0.4755
0.5
0.51
0.5164
0.525
0.54
0.552
0.557
0.6
0.61
0.622
0.64
0.11112
0.1174
0.145
0.1664
0.168
0.17
0.19
0.191
0.2
0.209
0.2094
0.21
0.2149
0.77778
0.79
0.797
0.8
0.8073
0.808
0.8245
0.853
0.858
0.86
0.87
0.0462
0.07
0.25926
0.2771
0.29
0.7137
0.92593
0.93
0.9388
0.9403
0.95
0.9535
0.2394
0.313
0.32
0.75309
0.90124
0.97531
0.9757
0.976
0.25103
0.3253
0.69548
0.7454
0.97
0.30591
0.69273
0.74212
0.89027
0.98903
0.99
0.083
0.1102
0.96617
0.972
0.0276
0.22512
0.25804
0.2974
0.69975
0.98771
0.1
0.25
0.3
0.7
0.9
Case #11:
0.3375
0.3684
0.3704
0.3724
0.382
0.4065
0.41796
0.49677
0.5
0.50129
0.5435
0.58
0.59216
0.6
0.61525
0.63258
0.11112
0.119
0.1235
0.14958
0.16765
0.19664
0.2
0.20068
0.77778
0.7778
0.77953
0.78496
0.79
0.8
0.82309
0.82341
0.84
0.8642
0.283
0.29629
0.70371
0.94273
0.94594
0.31248
0.69
0.75309
0.90124
0.03
0.10566
0.22738
0.25103
0.30042
0.69548
0.69692
0.22361
0.23267
0.96434
0.2588
0.30544
0.66713
0.11
0.23061
0.24981
0.30834
0.32481
0.76848
0.92563
0.25616
0.25642
0.25918
0.32379
0.70331
0.74111
0.91761
0.92555
0.97407
0.99175
0.23151
0.24794
0.33058
0.69455
0.74119
0.74383
0.90119
0.97161
0.97435
0.09983
0.22358
0.76636
0.0988
0.23182
0.25099
0.29641
0.88924
0.97527
0.70091
0.77641
0.075
0.1
0.3
0.325
0.7
0.775
0.9
Case #12:
0.1229
0.8
0.99
0.10991
0.3
Case #13:
0.025
0.325
0.75
0.925
0.975
Case #14:
0.1
0.225
0.675
0.7
0.775
Case #15:
0.34342
0.18795
0.03732
0.07742
0.25849
Case #16:
0.35
0.351
0.3704
0.39
0.39563
0.4151
0.49037
0.6
0.62242
0.64
0.6503
0.13385
0.1776
0.77778
0.8368
0.27683
0.2871
0.70371
0.94
0.94282
0.75309
0.7545
0.75738
0.90277
0.90515
0.03
0.30042
0.76955
0.76681
0.30773
0.75218
0.89214
0.10248
0.89016
0.70358
0.75205
0.74383
0.91484
0.92307
0.97161
0.03673
0.24966
0.76636
0.07692
0.24702
0.25545
0.08515
0.75033
0.25
0.7
0.75
0.775
0.9
0.925
Case #17:
0.02838
0.88924
0.025
0.1
0.775
Case #18:
0.42404
0.15749
0.20017
0.32094
0.10429
Case #19:
0.34766
0.37143
0.43479
0.46506
0.47425
0.49178
0.53203
0.54475
0.55695
0.63746
0.64214
0.66582
0.11325
0.14081
0.14152
0.19574
0.20198
0.22071
0.79032
0.79229
0.79908
0.82779
0.82987
0.28835
0.02058
0.02299
0.09488
0.24434
0.91179
0.02884
0.67489
0.74755
0.77313
0.97057
0.33061
0.66941
0.76817
0.2588
0.30544
0.00107
0.25903
0.76848
0.96326
0.98775
0.02472
0.22347
0.23363
0.32925
0.70358
0.749
0.75205
0.92489
0.97407
0.99175
0.02592
0.23151
0.24794
0.29908
0.33058
0.67074
0.74119
0.74383
0.90119
0.91484
0.92307
0.97161
0.99711
0.03673
0.22358
0.24966
0.76636
0.00288
0.07692
0.0988
0.23182
0.25099
0.25545
0.29641
0.88924
0.97527
0.01224
0.02564
0.75033
0.74931
0.70091
0.77641
0.025
0.075
0.1
0.225
0.25
0.3
0.325
0.675
0.7
0.75
0.775
0.9
0.925
0.975
Case #20:
0.0988
0.3
0.325
0.775
0.9
Case #21:
0.37
0.6
0.13921
0.8702
0.26
Case #22:
0.35593
0.36269
0.37326
0.39921
0.46382
0.46769
0.55052
0.59234
0.61889
0.15179
0.16996
0.18277
0.19473
0.19712
0.21257
0.22107
0.78315
0.80958
0.84348
0.86114
0.86236
0.87666
0.04396
0.04932
0.06329
0.26759
0.70719
0.70922
0.94443
0.09872
0.23731
0.68613
0.68615
0.75401
0.76473
0.98706
0.92113
0.07601
0.66941
0.76817
0.30544
0.66685
0.76848
0.89824
0.96326
0.11075
0.25616
0.98775
0.02472
0.02838
0.08365
0.70358
0.749
0.75205
0.97407
0.99175
0.00824
0.23151
0.29908
0.33058
0.67074
0.69455
0.74119
0.74383
0.74454
0.90119
0.91484
0.97161
0.97435
0.99711
0.24966
0.76636
0.00288
0.07692
0.0988
0.23182
0.25545
0.29641
0.88924
0.91634
0.97527
0.01224
0.08515
0.75033
0.70091
0.77641
0.025
0.075
0.1
0.225
0.25
0.3
0.325
0.675
0.7
0.75
0.775
0.9
0.925
0.975
Case #23:
0.33799
0.35363
0.35777
0.39294
0.43425
0.44205
0.47085
0.54141
0.58298
0.58571
0.61281
0.62618
0.64042
0.12808
0.13608
0.13865
0.15789
0.20363
0.20804
0.22086
0.80609
0.85559
0.86815
0.27213
0.27886
0.28955
0.72217
0.72706
0.94264
0.01401
0.22655
0.99193
0.66941
0.76788
0.96527
0.00344
0.25015
0.2588
0.30544
0.70068
0.76848
0.11075
0.98775
0.02472
0.02838
0.08365
0.23363
0.32925
0.70358
0.749
0.75205
0.97407
0.99175
0.00824
0.23151
0.24794
0.29908
0.33058
0.67074
0.74119
0.74383
0.74454
0.91484
0.92307
0.97161
0.99711
0.03673
0.10823
0.22358
0.24966
0.76636
0.00288
0.07692
0.0988
0.23182
0.25545
0.91634
0.97527
0.01224
0.02564
0.08515
0.70062
0.75033
0.23415
0.70091
0.77641
0.025
0.075
0.1
0.225
0.25
0.3
0.325
0.675
0.7
0.75
0.775
0.9
0.925
0.975
Case #24:
0.37967
0.3949
0.475
0.88
0.3
Case #25:
0.3453
0.3704
0.3784
0.38
0.40881
0.41
0.564
0.59
0.61249
0.63
0.182
0.2
0.77778
0.8172
0.83804
0.04085
0.042
0.057
0.05825
0.25926
0.26
0.27192
0.70371
0.7119
0.73881
0.92593
0.95597
0.95868
0.961
0.67984
0.69374
0.30499
0.66987
0.75218
0.97441
0.11
0.32206
0.66957
0.91465
0.11075
0.30461
0.30581
0.76549
0.92583
0.98775
0.23363
0.749
0.75205
0.67074
0.69455
0.99711
0.22358
0.76636
0.25099
0.29641
0.97527
0.02564
0.08515
0.25
0.3
0.7
0.75
0.9
Case #26:
0.88
0.28
0.023
0.77687
0.1
Case #27:
0.4
0.5
0.6
0.2
0.8
0.1
0.3
0.7
0.9
Case #28:
0.23363
0.3
0.7
0.775
0.975
Case #29:
0.025
0.25
0.75
0.925
0.975
Case #30:
0.34431
0.35912
0.36678
0.39015
0.39277
0.42679
0.44983
0.46831
0.51387
0.59419
0.59873
0.61308
0.12104
0.13463
0.16272
0.19042
0.19662
0.22051
0.79017
0.81171
0.82119
0.82885
0.85086
0.85361
0.86065
0.87697
0.06247
0.06343
0.07016
0.26693
0.26735
0.70941
0.73172
0.96152
0.98086
0.03272
0.07917
0.08156
0.30242
0.2588
0.30544
0.76848
0.96326
0.11075
0.25616
0.98775
0.02472
0.02838
0.08365
0.23363
0.70358
0.75205
0.97407
0.99175
0.02592
0.23151
0.24794
0.29908
0.33058
0.67074
0.74119
0.74383
0.74454
0.90119
0.91484
0.92307
0.97161
0.99711
0.03673
0.22358
0.24966
0.67044
0.76636
0.07692
0.0988
0.23182
0.25099
0.25545
0.29641
0.88924
0.91634
0.97527
0.01224
0.02564
0.08515
0.75033
0.70091
0.025
0.075
0.1
0.225
0.25
0.3
0.325
0.675
0.7
0.775
0.9
0.925
0.975
Case #31:
0.3704
0.40207
0.41311
0.45524
0.46
0.49
0.5
0.5198
0.5377
0.54671
0.566
0.59259
0.11112
0.118
0.13
0.13622
0.17199
0.18157
0.217
0.78181
0.7819
0.83897
0.84905
0.85221
0.87
0.87543
0.877
0.88637
0.0386
0.045
0.25926
0.2881
0.70371
0.71238
0.72019
0.72199
0.92593
0.01637
0.24049
0.31031
0.312
0.67902
0.90124
0.08
0.25309
0.69839
0.96708
0.99177
0.03442
0.23183
0.30591
0.32236
0.89851
0.9655
0.10197
0.2588
0.30539
0.66713
0.66987
0.67
0.92504
0.97441
0.98812
0.30031
0.70239
0.97155
0.97491
0.02472
0.02838
0.08365
0.75205
0.00824
0.02592
0.23151
0.24794
0.29908
0.90119
0.91484
0.92307
0.97161
0.03673
0.22358
0.00288
0.0988
0.23182
0.25099
0.25545
0.668
0.01224
0.02564
0.107
0.75033
0.77641
0.1
0.25
0.3
0.325
0.7
0.775
0.975
Case #32:
0.03673
0.70091
0.1
0.9
0.925
Case #33:
0.342
0.3425
0.35
0.3553
0.3632
0.37
0.372
0.3942
0.398
0.4
0.42
0.43
0.434
0.4468
0.461
0.47
0.4929
0.499
0.5
0.53
0.5375
0.54
0.57
0.581
0.6
0.607
0.6302
0.64
0.658
0.11112
0.133
0.19
0.2
0.2029
0.2129
0.7875
0.7878
0.8
0.804
0.815
0.825
0.8302
0.8337
0.84
0.05
0.06
0.07
0.717
0.7179
0.7223
0.7273
0.7285
0.92593
0.928
0.9457
0.018
0.093
0.23457
0.24
0.2424
0.31
0.312
0.67902
0.755
0.76
0.9059
0.9761
0.983
0.007
0.03
0.23
0.3022
0.747
0.8938
0.96708
0.9944
0.75035
0.916
0.97257
0.23366
0.66987
0.769
0.077
0.099
0.2472
0.259
0.32481
0.67505
0.76651
0.97227
0.66977
0.6753
0.753
0.97247
0.3333
0.012
0.1
0.3
0.7
0.9
Case #34:
0.33655
0.3704
0.48479
0.60318
0.15561
0.18414
0.21816
0.77778
0.79
0.85
0.85425
0.859
0.86242
0.8642
0.86538
0.8734
0.05052
0.05541
0.29
0.70371
0.7104
0.726
0.92593
0.02039
0.24
0.30865
0.67902
0.97531
0.03
0.306
0.915
0.25561
0.32968
0.75218
0.078
0.32206
0.11075
0.25616
0.69416
0.69995
0.99716
0.02838
0.23363
0.70358
0.02592
0.67074
0.69455
0.74119
0.74454
0.97435
0.99711
0.03673
0.76636
0.23182
0.025
0.1
0.3
0.325
0.7
0.9
0.925
Case #35:
0.34
0.412
0.4224
0.45473
0.5
0.65803
0.11112
0.1517
0.21088
0.21515
0.77778
0.7819
0.7997
0.8277
0.828
0.8539
0.86421
0.88
0.88673
0.2791
0.01252
0.31
0.67902
0.75309
0.7545
0.23
0.3045
0.92
0.25652
0.10233
0.88935
0.99909
0.03592
0.69426
0.0824
0.76945
0.02838
0.23363
0.97407
0.02592
0.24794
0.74383
0.90119
0.97161
0.97435
0.99711
0.07692
0.23182
0.679
0.91634
0.75033
0.025
0.325
0.75
0.9
0.925
Case #36:
0.185
0.2
0.23683
0.6987
0.675
Case #37:
0.34081
0.38851
0.91188
0.25472
0.89799
Case #38:
0.34633
0.35108
0.41021
0.41135
0.44386
0.50562
0.53024
0.60089
0.62978
0.63633
0.63945
0.64743
0.16896
0.17221
0.20943
0.79121
0.79302
0.85558
0.88023
0.88673
0.05834
0.07122
0.26753
0.29445
0.70871
0.73734
0.74003
0.93208
0.24255
0.24583
0.31999
0.68548
0.68826
0.76192
0.76294
0.91059
0.25767
0.66941
0.76817
0.2588
0.90075
0.76848
0.96326
0.00862
0.11075
0.25616
0.98775
0.02838
0.08365
0.23363
0.32925
0.70358
0.749
0.75205
0.97407
0.99175
0.00824
0.02592
0.23151
0.24794
0.29908
0.33058
0.67074
0.69455
0.74119
0.74383
0.74454
0.74485
0.90119
0.91484
0.97161
0.99711
0.03673
0.22358
0.76636
0.07692
0.0988
0.23182
0.25099
0.29641
0.97527
0.01224
0.02564
0.08515
0.70091
0.77641
0.025
0.075
0.1
0.225
0.25
0.3
0.325
0.675
0.7
0.75
0.775
0.9
0.925
0.975
Case #39:
0.49
0.2
0.77778
0.8548
0.73
Case #40:
0.5088
0.6521
0.825
0.69
0.9
Case #41:
0.37
0.412
0.414
0.4555
0.45818
0.4692
0.48
0.493
0.49761
0.50916
0.522
0.53274
0.54694
0.55217
0.6
0.1235
0.138
0.14
0.14698
0.20031
0.21274
0.77778
0.78271
0.8
0.80985
0.82877
0.839
0.84757
0.86664
0.04117
0.25926
0.27808
0.2881
0.70425
0.706
0.72561
0.72997
0.92593
0.93787
0.94
0.948
0.01569
0.01594
0.08708
0.24414
0.67902
0.75309
0.913
0.97531
0.08093
0.10289
0.22634
0.32511
0.89543
0.91771
0.99453
0.66941
0.74212
0.9234
0.25561
0.2588
0.32968
0.89783
0.92227
0.23427
0.66957
0.69975
0.76833
0.76848
0.25916
0.99594
0.02472
0.70358
0.00824
0.012
0.02592
0.29908
0.69455
0.74119
0.74454
0.92307
0.97161
0.99711
0.03673
0.00288
0.0988
0.23182
0.25545
0.29641
0.88924
0.91634
0.97527
0.01224
0.08515
0.1
0.325
0.7
0.75
0.775
0.9
Case #42:
0.35334
0.37
0.373
0.39923
0.439
0.47106
0.47204
0.49915
0.54022
0.55909
0.56881
0.57
0.57315
0.58466
0.59958
0.61
0.11112
0.114
0.1235
0.1358
0.13935
0.14314
0.15
0.16
0.1894
0.77778
0.7819
0.78681
0.8
0.8277
0.83499
0.838
0.84483
0.848
0.857
0.8642
0.04
0.06441
0.06567
0.70371
0.96225
0.24208
0.31125
0.68
0.69117
0.75309
0.91
0.30042
0.69548
0.77302
0.92
0.97114
0.01044
0.10837
0.2988
0.3068
0.75035
0.76817
0.98903
0.99726
0.32419
0.32968
0.66987
0.99086
0.25804
0.69426
0.74091
0.89179
0.11075
0.25616
0.70239
0.88986
0.90114
0.08365
0.99175
0.00824
0.02592
0.23151
0.24794
0.29908
0.67074
0.74383
0.91484
0.97161
0.97435
0.99711
0.00288
0.0988
0.25545
0.97527
0.01224
0.02564
0.75033
0.70091
0.77641
0.1
0.7
0.775
0.9
0.925
Case #43:
0.3382
0.35
0.355
0.3704
0.38
0.39
0.4
0.4227
0.43
0.45
0.46
0.475
0.48
0.5
0.51
0.5316
0.54
0.542
0.5489
0.5796
0.583
0.6
0.6016
0.61
0.62
0.625
0.6493
0.6615
0.662
0.11112
0.119
0.142
0.15
0.1516
0.1623
0.18
0.183
0.193
0.2
0.2064
0.77778
0.786
0.796
0.8
0.8088
0.812
0.8124
0.824
0.829
0.835
0.86
0.862
0.8701
0.876
0.038
0.0428
0.05
0.067
0.25926
0.27
0.2759
0.2881
0.713
0.72
0.92593
0.9274
0.93
0.936
0.951
0.96
0.32
0.75309
0.984
0.103
0.23
0.329
0.76955
0.1012
0.67627
0.6931
0.694
0.256
0.29676
0.32145
0.33
0.67811
0.76589
0.769
0.98812
0.9913
0.11
0.25896
0.91648
0.32409
0.75268
0.037
0.1
0.25
0.3
0.9
Case #44:
0.2588
0.76636
0.25
0.325
0.925
Case #45:
0.49289
0.82405
0.82999
0.88041
0.00254
Case #46:
0.36409
0.38452
0.49074
0.52079
0.54974
0.57425
0.58286
0.62872
0.63482
0.63786
0.64733
0.64847
0.66353
0.12675
0.14694
0.15187
0.17085
0.17936
0.18062
0.19425
0.79101
0.79789
0.84326
0.84811
0.05466
0.29492
0.73093
0.93352
0.08785
0.08936
0.09239
0.31124
0.98072
0.10875
0.66941
0.75059
0.76817
0.00071
0.30544
0.76848
0.89821
0.96326
0.11075
0.25616
0.25798
0.98775
0.02472
0.02838
0.08365
0.23363
0.32925
0.749
0.77368
0.97407
0.99175
0.00824
0.02592
0.02866
0.23151
0.24794
0.33058
0.69455
0.74119
0.74383
0.90119
0.91484
0.92307
0.97161
0.97435
0.99711
0.03673
0.22358
0.76636
0.00288
0.07692
0.0988
0.23182
0.25545
0.88924
0.91634
0.97527
0.01224
0.02564
0.08515
0.75033
0.70091
0.025
0.075
0.1
0.225
0.25
0.3
0.325
0.675
0.7
0.75
0.775
0.9
0.925
0.975
Case #47:
0.98775
0.24794
0.025
0.25
0.9
Case #48:
0.37
0.4
0.5494
0.759
0.0009
Case #49:
0.3499
0.36
0.362
0.367
0.4
0.41
0.426
0.4268
0.4606
0.4716
0.4777
0.5
0.5114
0.5311
0.57
0.571
0.575
0.579
0.589
0.59
0.602
0.619
0.63
0.641
0.642
0.653
0.6643
0.11112
0.1235
0.15
0.156
0.16
0.2082
0.21
0.2189
0.22
0.77778
0.799
0.8
0.833
0.8452
0.85
0.86
0.875
0.88
0.042
0.0506
0.051
0.07
0.25926
0.27
0.70371
0.71
0.9469
0.95
0.955
0.956
0.958
0.962
0.02
0.0973
0.23457
0.2423
0.31
0.67902
0.7543
0.7621
0.7646
0.9028
0.97531
0.9825
0.03
0.0322
0.10289
0.301
0.3043
0.69548
0.91771
0.918
0.99177
0.002
0.32236
0.25561
0.29951
0.69182
0.70005
0.98812
0.003
0.25073
0.29645
0.69243
0.89
0.1019
0.30551
0.66764
0.97216
0.0358
0.1
0.7
0.9
Case #50:
0.1
0.9
Case #51:
0.34316
0.3704
0.412
0.46771
0.5
0.54966
0.58084
0.59558
0.6
0.617
0.63
0.11112
0.16745
0.77778
0.78
0.81076
0.87046
0.25926
0.26385
0.2881
0.93249
0.93875
0.67902
0.68204
0.32511
0.32917
0.67313
0.69548
0.91834
0.25652
0.29767
0.76681
0.2588
0.30544
0.67
0.67005
0.74121
0.99635
0.29645
0.96326
0.11075
0.08365
0.749
0.00824
0.02592
0.97161
0.97435
0.22358
0.24966
0.25545
0.75033
0.70091
0.1
0.225
0.7
0.75
0.775
0.925
0.975
Case #52:
0.60492
0.61018
0.63301
0.64174
0.19354
Case #53:
0.35
0.3573
0.36
0.3704
0.397
0.4
0.4185
0.4216
0.4334
0.4512
0.4568
0.465
0.47
0.4891
0.5
0.52
0.53
0.557
0.56
0.564
0.57
0.5707
0.58
0.5929
0.6
0.611
0.64
0.6581
0.66
0.662
0.11112
0.12
0.1303
0.132
0.134
0.2
0.2036
0.21
0.2107
0.77778
0.78
0.79
0.7995
0.8
0.81
0.815
0.818
0.82
0.837
0.8376
0.84
0.8422
0.858
0.8642
0.87
0.8878
0.26
0.2669
0.291
0.70371
0.715
0.718
0.72
0.73
0.948
0.24
0.31
0.315
0.316
0.68
0.6805
0.90124
0.904
0.97531
0.2275
0.2276
0.23
0.25103
0.328
0.6718
0.77
0.9698
0.10837
0.233
0.8904
0.91496
0.308
0.70279
0.90033
0.991
0.9964
0.3247
0.89809
0.99716
0.321
0.1
0.3
0.7
0.75
0.9
Case #54:
0.3864
0.1985
0.0628
0.9369
0.29757
Case #55:
0.075
0.1
0.3
0.325
0.675
Case #56:
0.4
0.4968
0.14
0.9029
0.30018
Case #57:
0.01224
0.025
0.075
0.3
0.775
Case #58:
0.34066
0.37256
0.38056
0.39815
0.43626
0.43867
0.54499
0.55727
0.60818
0.62617
0.64834
0.66045
0.12483
0.14193
0.18257
0.19878
0.21113
0.21459
0.80521
0.84102
0.84826
0.86161
0.70856
0.70883
0.71444
0.72555
0.94341
0.94889
0.01834
0.08874
0.24103
0.31695
0.68267
0.90347
0.98752
0.32896
0.74867
0.66941
0.92398
0.2588
0.30544
0.70035
0.92502
0.96326
0.11075
0.08365
0.70358
0.749
0.75205
0.97407
0.99175
0.00824
0.02592
0.23151
0.24794
0.29908
0.33058
0.67074
0.69455
0.74119
0.74383
0.74454
0.90119
0.91484
0.92307
0.97161
0.97435
0.03673
0.22358
0.24966
0.76636
0.00288
0.07692
0.0988
0.23182
0.25099
0.25545
0.29641
0.88924
0.91634
0.97527
0.01224
0.02564
0.08515
0.75033
0.77641
0.025
0.075
0.1
0.225
0.25
0.3
0.325
0.675
0.7
0.75
0.775
0.9
0.925
0.975
Case #59:
0.4
0.6
0.6557
0.3326
0.1
Case #60:
0.3421
0.3603
0.37236
0.38577
0.41
0.412
0.42039
0.42267
0.45
0.57498
0.6134
0.62
0.62721
0.63538
0.63758
0.11112
0.11502
0.1201
0.1205
0.12785
0.138
0.17
0.1753
0.20532
0.8
0.82
0.82019
0.8368
0.85199
0.8642
0.87
0.06379
0.06959
0.25926
0.26946
0.28636
0.29583
0.70371
0.723
0.72907
0.73435
0.017
0.67902
0.6799
0.75309
0.7545
0.98026
0.985
0.031
0.25103
0.67079
0.91771
0.92
0.96708
0.30591
0.33093
0.67645
0.74212
0.76817
0.30544
0.66987
0.69456
0.3239
0.32938
0.77382
0.77394
0.88905
0.96326
0.67801
0.23363
0.32925
0.70358
0.749
0.97407
0.00824
0.24794
0.29908
0.67074
0.74119
0.74454
0.90119
0.92307
0.22358
0.24966
0.02572
0.07692
0.23182
0.25099
0.29641
0.01224
0.08515
0.70091
0.025
0.1
0.25
0.3
0.7
0.75
0.9
0.975
Case #61:
0.362
0.363
0.37
0.3777
0.4
0.404
0.408
0.412
0.416
0.4266
0.45
0.489
0.5
0.5068
0.5219
0.534
0.55
0.57
0.582
0.593
0.599
0.6
0.6054
0.6087
0.61
0.6197
0.621
0.643
0.11112
0.116
0.119
0.147
0.15
0.1717
0.1795
0.18
0.185
0.2
0.77778
0.79
0.8
0.8519
0.875
0.8768
0.882
0.04
0.0619
0.07
0.25926
0.26
0.27
0.29
0.70371
0.7082
0.74
0.92593
0.927
0.93
0.94
0.95
0.9518
0.961
0.23457
0.30865
0.31
0.32
0.67902
0.68
0.755
0.7557
0.90124
0.97531
0.98
0.0076
0.0796
0.32511
0.8938
0.91771
0.9703
0.25652
0.3233
0.70097
0.74212
0.751
0.77504
0.89027
0.10197
0.25561
0.88935
0.0259
0.10258
0.324
0.89
0.90002
0.91394
0.321
0.1
0.3
0.7
0.9
Case #62:
0.40102
0.5
0.5177
0.55
0.59442
0.60295
0.60862
0.11112
0.1246
0.137
0.1932
0.194
0.19424
0.2
0.20581
0.77778
0.81228
0.83
0.8409
0.87204
0.25926
0.27219
0.28675
0.70371
0.92593
0.95172
0.02192
0.08723
0.90196
0.30591
0.331
0.70097
0.74339
0.92319
0.96434
0.30544
0.69456
0.91679
0.991
0.24981
0.10156
0.247
0.25616
0.92278
0.99167
0.99594
0.99686
0.02472
0.32925
0.749
0.75205
0.02592
0.29908
0.69455
0.74119
0.97435
0.99711
0.22358
0.29641
0.88924
0.91634
0.075
0.3
0.325
0.7
0.775
Case #63:
0.66941
0.33058
0.74383
0.03673
0.975
Case #64:
0.4
0.42608
0.48427
0.5
0.53021
0.54631
0.6
0.60497
0.11831
0.77778
0.88853
0.88863
0.07406
0.25926
0.26454
0.281
0.2881
0.71383
0.92593
0.2384
0.6817
0.97531
0.03113
0.08017
0.25103
0.25501
0.67079
0.69548
0.29767
0.66941
0.67685
0.11021
0.2588
0.3298
0.74395
0.11
0.32481
0.30733
0.32925
0.97407
0.74454
0.92307
0.97161
0.97435
0.98807
0.76636
0.25545
0.88924
0.01224
0.75033
0.075
0.225
0.675
0.75
0.925
Case #65:
0.3354
0.37
0.3704
0.3842
0.3928
0.4
0.42
0.4274
0.428
0.43
0.4418
0.45
0.452
0.47
0.5
0.501
0.5019
0.5128
0.531
0.544
0.5531
0.568
0.575
0.5859
0.6
0.61
0.618
0.11112
0.12
0.1235
0.138
0.16
0.17
0.1723
0.18
0.2
0.214
0.217
0.22
0.77778
0.78
0.8
0.843
0.85
0.887
0.04
0.067
0.07
0.25926
0.26
0.2749
0.7133
0.72
0.729
0.73
0.733
0.92593
0.9284
0.9332
0.9375
0.95
0.02
0.23457
0.235
0.236
0.2422
0.30865
0.31
0.67902
0.6863
0.75309
0.7545
0.90124
0.987
0.22634
0.76955
0.91771
0.299
0.693
0.75035
0.0254
0.0859
0.2968
0.3079
0.67
0.69182
0.766
0.23061
0.74181
0.77656
0.91668
0.7493
0.742
0.679
0.025
0.1
0.3
0.7
0.75
0.9
Case #66:
0.34318
0.34844
0.39515
0.40842
0.42424
0.43284
0.45966
0.51236
0.53133
0.53603
0.55558
0.57473
0.58129
0.61445
0.63151
0.65342
0.11476
0.11716
0.18255
0.18524
0.18561
0.20035
0.78257
0.78724
0.80397
0.80708
0.80818
0.05563
0.07399
0.28702
0.93431
0.94507
0.94924
0.95296
0.01621
0.97799
0.67364
0.66941
0.75047
0.76817
0.2588
0.30544
0.76848
0.96326
0.69236
0.98775
0.02838
0.08365
0.23363
0.32925
0.70358
0.749
0.00824
0.02592
0.23151
0.24794
0.33058
0.67074
0.69455
0.74119
0.74383
0.74454
0.90119
0.91484
0.92307
0.97161
0.97435
0.99711
0.22358
0.76636
0.00288
0.07692
0.23182
0.25099
0.25545
0.29641
0.88924
0.91634
0.97527
0.01224
0.02564
0.08515
0.75033
0.00032
0.70091
0.77641
0.025
0.075
0.1
0.225
0.25
0.3
0.325
0.675
0.7
0.75
0.775
0.9
0.925
0.975
Case #67:
0.075
0.1
0.7
0.925
0.975
Case #68:
0.341
0.35122
0.3704
0.41594
0.45587
0.50074
0.536
0.58024
0.58906
0.63689
0.637
0.11112
0.1235
0.128
0.14113
0.15612
0.83
0.84566
0.25926
0.73001
0.92593
0.93928
0.30865
0.3102
0.67902
0.9831
0.30042
0.303
0.96708
0.92319
0.96451
0.32419
0.67
0.11081
0.70066
0.76848
0.901
0.11075
0.322
0.91761
0.98775
0.70358
0.00824
0.23151
0.90119
0.97435
0.23172
0.24966
0.00288
0.0988
0.23182
0.01224
0.77641
0.075
0.225
0.3
0.325
0.675
0.7
Case #69:
0.25
0.325
0.675
0.75
0.925
Case #70:
0.225
0.675
0.75
0.9
0.925
Case #71:
0.5
0.12
Case #72:
0.35611
0.361
0.3704
0.4
0.42448
0.44
0.46094
0.5
0.53
0.53375
0.53505
0.54
0.5435
0.576
0.58
0.58095
0.58549
0.618
0.62483
0.63291
0.656
0.12879
0.14249
0.15
0.2
0.21875
0.77778
0.7819
0.81553
0.8164
0.82038
0.8338
0.8642
0.86814
0.2881
0.70371
0.73234
0.92593
0.93042
0.93732
0.95368
0.75743
0.90359
0.22634
0.30423
0.32669
0.91771
0.96708
0.01
0.66881
0.66941
0.67627
0.74212
0.8903
0.91496
0.1024
0.2588
0.29676
0.32968
0.75218
0.76864
0.97166
0.99909
0.10991
0.30561
0.67597
0.76848
0.9724
0.11075
0.33019
0.70363
0.76641
0.967
0.08365
0.23363
0.32925
0.70358
0.749
0.75205
0.99175
0.02592
0.23151
0.29908
0.69455
0.74119
0.90119
0.91484
0.92307
0.97161
0.99711
0.23182
0.88924
0.02564
0.77641
0.075
0.1
0.25
0.3
0.325
0.9
Case #73:
0.34951
0.3704
0.37101
0.4796
0.489
0.49869
0.5
0.55
0.56768
0.583
0.6
0.634
0.11112
0.1144
0.12338
0.138
0.155
0.17974
0.19
0.1981
0.20252
0.21466
0.77778
0.79
0.8
0.8338
0.8368
0.87
0.87359
0.87405
0.88522
0.04971
0.27847
0.28161
0.29
0.70371
0.70742
0.73762
0.23457
0.23926
0.67902
0.984
0.25103
0.2515
0.32511
0.32654
0.67079
0.03507
0.084
0.08407
0.10066
0.10837
0.2576
0.66804
0.76817
0.98903
0.25563
0.30544
0.32968
0.692
0.90035
0.97441
0.99112
0.30834
0.76848
0.96326
0.29757
0.30031
0.75299
0.99076
0.02472
0.23363
0.749
0.89206
0.97407
0.00824
0.02592
0.23151
0.33058
0.74454
0.90119
0.91484
0.92307
0.97161
0.97435
0.24966
0.76636
0.97131
0.25099
0.97527
0.02564
0.08515
0.77641
0.025
0.1
0.3
0.675
0.7
0.75
0.775
Case #74:
0.5792
0.19602
0.8
0.09961
0.9
Case #75:
0.075
0.225
0.25
0.7
0.925
Case #76:
0.3613
0.37
0.3704
0.4
0.41128
0.412
0.4129
0.43477
0.476
0.48536
0.51503
0.52336
0.52378
0.54
0.54352
0.554
0.56606
0.59668
0.11329
0.11819
0.13
0.138
0.20461
0.784
0.8612
0.86401
0.04827
0.05782
0.25926
0.27333
0.286
0.73301
0.92593
0.02138
0.0963
0.09684
0.31404
0.688
0.75309
0.76273
0.90833
0.97531
0.98
0.032
0.69548
0.89301
0.96797
0.99177
0.32236
0.66804
0.66941
0.7433
0.89913
0.00361
0.99909
0.23335
0.6925
0.69517
0.74181
0.92563
0.96678
0.11075
0.66672
0.69141
0.91668
0.99594
0.99716
0.02838
0.23363
0.32925
0.749
0.75205
0.97407
0.99175
0.23151
0.29908
0.74383
0.74454
0.90119
0.91484
0.92307
0.99711
0.22358
0.07692
0.23182
0.25099
0.25545
0.97527
0.08515
0.107
0.77641
0.025
0.075
0.1
0.3
0.325
0.7
0.775
0.9
0.925
Case #77:
0.36199
0.3703
0.38
0.3882
0.40697
0.41
0.42
0.423
0.47
0.50862
0.5562
0.57993
0.58537
0.59149
0.59839
0.604
0.61282
0.63072
0.6617
0.1144
0.1235
0.138
0.15853
0.17703
0.18774
0.77778
0.8072
0.84068
0.84564
0.8642
0.86608
0.06951
0.2881
0.7281
0.735
0.92593
0.013
0.30865
0.68
0.683
0.75343
0.90124
0.90655
0.98151
0.032
0.106
0.30042
0.74486
0.74605
0.7697
0.77061
0.89308
0.91771
0.91996
0.99177
0.23183
0.66941
0.751
0.91496
0.96434
0.24738
0.2588
0.67536
0.70279
0.75218
0.89758
0.69517
0.96326
0.11075
0.75302
0.92217
0.92552
0.98775
0.02838
0.32925
0.70358
0.749
0.99175
0.74119
0.74454
0.91484
0.92307
0.03673
0.24966
0.00288
0.0988
0.23182
0.29641
0.88924
0.91634
0.01224
0.75033
0.70091
0.025
0.1
0.225
0.675
0.7
0.75
0.775
Case #78:
0.43
0.656
0.197
0.9433
0.33
Case #79:
0.57787
0.79974
0.80675
0.72133
0.75697
Case #80:
9e-05
1e-05
Case #81:
0.3431
0.3649
0.37671
0.4
0.5
0.577
0.6
0.6049
0.66057
0.11112
0.11229
0.17997
0.19949
0.77778
0.78797
0.79445
0.812
0.83242
0.8642
0.8764
0.70371
0.70583
0.93885
0.75309
0.75696
0.90124
0.329
0.74486
0.89301
0.02619
0.32236
0.74212
0.76817
0.9892
0.99
0.0777
0.24755
0.25012
0.25835
0.30544
0.7003
0.76848
0.07413
0.1101
0.11075
0.22351
0.23363
0.70358
0.75205
0.97407
0.33058
0.67074
0.90119
0.92307
0.97161
0.97435
0.01224
0.70091
0.1
0.25
0.7
0.775
0.9
0.925
Case #82:
0.34597
0.35
0.3505
0.35106
0.36029
0.3704
0.37437
0.37808
0.382
0.40656
0.42
0.43776
0.44839
0.55931
0.57947
0.58171
0.589
0.64
0.11112
0.13645
0.77778
0.783
0.8
0.8368
0.839
0.8642
0.87795
0.04128
0.05048
0.05355
0.0603
0.25926
0.26
0.262
0.70595
0.71221
0.74
0.09223
0.09663
0.23457
0.30865
0.67902
0.90124
0.906
0.9065
0.02919
0.696
0.96708
0.10014
0.25652
0.29767
0.29841
0.677
0.99
0.2475
0.2478
0.88935
0.69426
0.89271
0.96326
0.00131
0.10278
0.33232
0.89169
0.89718
0.91486
0.96607
0.98775
0.02472
0.32925
0.70358
0.749
0.75205
0.99175
0.00824
0.23151
0.24794
0.24797
0.67074
0.90119
0.92307
0.97161
0.99711
0.22358
0.00288
0.25099
0.25545
0.88924
0.01224
0.02564
0.75033
0.70091
0.075
0.225
0.25
0.3
0.325
0.675
0.7
0.775
Case #83:
0.23151
0.24794
0.075
0.75
0.925
Case #84:
0.76636
0.25099
0.91634
0.025
0.075
Case #85:
0.3536
0.40073
0.42
0.48093
0.48349
0.50927
0.58243
0.64514
0.66
0.1235
0.16
0.16865
0.22005
0.77778
0.78447
0.80126
0.8642
0.70371
0.9301
0.96
0.32028
0.67902
0.90199
0.08051
0.76955
0.77349
0.91963
0.66941
0.75035
0.76864
0.22512
0.23061
0.75007
0.76934
0.97501
0.11075
0.24697
0.2479
0.29911
0.76945
0.23363
0.00824
0.23151
0.24794
0.69455
0.74454
0.00288
0.25545
0.29641
0.88924
0.97527
0.01224
0.025
0.1
0.325
0.7
0.9
Case #86:
0.11112
0.0611
0.2616
0.763
0.1
Case #87:
0.58854
0.65141
0.78806
0.88136
0.98539
Case #88:
0.25
0.3
0.75
0.775
0.925
Case #89:
0.3647
0.3982
0.42
0.544
0.6
0.65131
0.65813
0.13906
0.14352
0.17626
0.18437
0.19437
0.20753
0.77778
0.83192
0.8511
0.8541
0.04735
0.7298
0.951
0.01286
0.67902
0.99547
0.30591
0.66941
0.74285
0.76817
0.89851
0.231
0.32419
0.67536
0.96343
0.76848
0.91374
0.97501
0.99696
0.03698
0.32135
0.96698
0.29908
0.33058
0.69455
0.90119
0.92307
0.03673
0.22358
0.97527
0.70091
0.77641
0.225
0.25
0.325
0.7
0.9
Case #90:
0.36388
0.38109
0.52294
0.00806
0.24721
Case #91:
0.34
0.37
0.4
0.4029
0.4064
0.42
0.446
0.4497
0.46
0.464
0.4949
0.5
0.512
0.5139
0.54
0.5579
0.5586
0.571
0.5766
0.596
0.6
0.61
0.612
0.62
0.6238
0.637
0.6425
0.66
0.662
0.11112
0.1208
0.1235
0.1309
0.1379
0.2
0.2157
0.219
0.78
0.7914
0.7921
0.8
0.8253
0.8523
0.859
0.8677
0.043
0.0433
0.058
0.27
0.285
0.7168
0.72
0.7276
0.7318
0.732
0.737
0.739
0.74
0.92593
0.926
0.933
0.94
0.95
0.961
0.02
0.097
0.31
0.9053
0.97531
0.9755
0.0058
0.229
0.2298
0.74486
0.96708
0.97
0.99177
0.0762
0.10837
0.25652
0.2568
0.33059
0.915
0.9726
0.99
0.9984
0.3244
0.76864
0.248
0.89271
0.29727
0.32927
0.66947
0.6762
0.74111
0.98893
0.1
0.3
0.75
0.9
Case #92:
0.369
0.402
0.46
0.489
0.5
0.6
0.62
0.643
0.66083
0.11112
0.11911
0.13
0.17028
0.2086
0.77778
0.7819
0.80094
0.81249
0.81796
0.83467
0.8642
0.28
0.70371
0.92593
0.01876
0.0871
0.67902
0.32511
0.8953
0.91771
0.10844
0.22361
0.74212
0.97257
0.11075
0.67895
0.02472
0.02838
0.32925
0.70358
0.02592
0.67074
0.74383
0.74454
0.92307
0.24966
0.07692
0.321
0.77641
0.025
0.075
0.7
0.75
0.9
0.975
Case #93:
0.36251
0.0497
0.26774
0.92746
0.1
Case #94:
0.34482
0.4786
0.66215
0.19898
0.9231
Case #95:
0.3704
0.413
0.11112
0.2373
0.2544
Case #96:
0.37752
0.4
0.46
0.4918
0.52343
0.142
0.19748
0.77778
0.78948
0.8012
0.8236
0.83894
0.87579
0.25926
0.70371
0.9288
0.95231
0.961
0.0176
0.67902
0.755
0.90124
0.90856
0.9856
0.03183
0.08
0.25215
0.30042
0.77248
0.2485
0.33173
0.66941
0.74212
0.92502
0.97441
0.99909
0.77473
0.25616
0.74445
0.98775
0.08365
0.22591
0.23363
0.99175
0.33058
0.67074
0.74119
0.91484
0.03673
0.30576
0.25099
0.29641
0.01224
0.70091
0.075
0.1
0.25
0.3
0.7
0.9
Case #97:
0.3348
0.3704
0.4
0.401
0.402
0.4039
0.41
0.428
0.4281
0.43
0.446
0.5
0.506
0.5064
0.5258
0.5298
0.5519
0.568
0.5751
0.5768
0.58
0.586
0.59
0.594
0.6
0.61
0.62
0.64
0.6474
0.6645
0.11112
0.112
0.1205
0.121
0.139
0.174
0.2
0.207
0.21
0.77778
0.78
0.7816
0.7922
0.799
0.8
0.803
0.85
0.8642
0.87
0.88
0.886
0.04
0.058
0.07
0.072
0.25926
0.26
0.2787
0.283
0.29
0.2925
0.71
0.735
0.738
0.9586
0.96
0.013
0.0159
0.09
0.3102
0.67902
0.76
0.97531
0.98
0.005
0.0072
0.0289
0.23
0.3035
0.32511
0.77
0.99177
0.307
0.89851
0.256
0.29676
0.66713
0.67
0.70005
0.7659
0.76864
0.003
0.2307
0.75279
0.8918
0.678
0.1
0.3
0.7
0.9
Case #98:
0.36117
0.36302
0.37938
0.38538
0.40824
0.41558
0.42882
0.43104
0.47814
0.50973
0.53857
0.54781
0.55145
0.61835
0.63474
0.64732
0.66441
0.17635
0.21572
0.21784
0.78985
0.80509
0.88232
0.04063
0.06717
0.29258
0.93932
0.02307
0.09683
0.23675
0.23924
0.23966
0.23972
0.31532
0.75866
0.76008
0.99196
0.10107
0.22473
0.76817
0.30544
0.23165
0.76848
0.11075
0.25616
0.02472
0.02838
0.08365
0.23363
0.32925
0.70358
0.749
0.97407
0.99175
0.00824
0.02592
0.23151
0.24794
0.29908
0.33058
0.67074
0.69455
0.74383
0.74454
0.90119
0.91484
0.92307
0.97435
0.03673
0.22358
0.24966
0.76636
0.00288
0.07692
0.23182
0.25099
0.25545
0.29641
0.91634
0.97527
0.01224
0.02564
0.08515
0.75033
0.70091
0.77641
0.025
0.075
0.1
0.225
0.25
0.3
0.325
0.675
0.7
0.75
0.775
0.9
0.925
0.975
Case #99:
0.53
0.14
0.98
0.987
0.1
Case #100:
0.34
0.412
0.41818
0.42336
0.4793
0.48
0.48385
0.5032
0.56616
0.58385
0.6
0.62025
0.11112
0.1156
0.1194
0.14952
0.178
0.18984
0.77778
0.8
0.819
0.82952
0.83193
0.8642
0.872
0.05589
0.06505
0.26133
0.70371
0.95179
0.23457
0.30922
0.31861
0.75309
0.96708
0.29767
0.66941
0.99726
0.30544
0.0258
0.10258
0.24799
0.11075
0.24697
0.29911
0.66947
0.96302
0.08365
0.749
0.97407
0.23151
0.24794
0.74383
0.74454
0.97161
0.0988
0.25099
0.29641
0.08515
0.70091
0.025
0.075
0.3
0.675
0.7
0.9
